09-Oct-2023 20:23:20.387 INFORMACIÓN [main] org.apache.catalina.startup.VersionLoggerListener.log Nombre de la versión del servidor: Apache Tomcat/9.0.80
09-Oct-2023 20:23:20.396 INFORMACIÓN [main] org.apache.catalina.startup.VersionLoggerListener.log Server built:                      Aug 23 2023 21:59:38 UTC
09-Oct-2023 20:23:20.396 INFORMACIÓN [main] org.apache.catalina.startup.VersionLoggerListener.log Número de versión de servidor:     9.0.80.0
09-Oct-2023 20:23:20.396 INFORMACIÓN [main] org.apache.catalina.startup.VersionLoggerListener.log OS Name:                           Windows 11
09-Oct-2023 20:23:20.397 INFORMACIÓN [main] org.apache.catalina.startup.VersionLoggerListener.log Versión de Systema Operativo:      10.0
09-Oct-2023 20:23:20.397 INFORMACIÓN [main] org.apache.catalina.startup.VersionLoggerListener.log Arquitectura:                      amd64
09-Oct-2023 20:23:20.397 INFORMACIÓN [main] org.apache.catalina.startup.VersionLoggerListener.log Java Home:                         C:\Users\Usuario\AppData\Local\Programs\Eclipse Adoptium\jdk-17.0.8.101-hotspot
09-Oct-2023 20:23:20.397 INFORMACIÓN [main] org.apache.catalina.startup.VersionLoggerListener.log JVM Version:                       17.0.8.1+1
09-Oct-2023 20:23:20.397 INFORMACIÓN [main] org.apache.catalina.startup.VersionLoggerListener.log Vededor JVM:                       Eclipse Adoptium
09-Oct-2023 20:23:20.397 INFORMACIÓN [main] org.apache.catalina.startup.VersionLoggerListener.log CATALINA_BASE:                     C:\Users\Usuario\Downloads\apache-tomcat-9.0.80-windows-x64\apache-tomcat-9.0.80
09-Oct-2023 20:23:20.397 INFORMACIÓN [main] org.apache.catalina.startup.VersionLoggerListener.log CATALINA_HOME:                     C:\Users\Usuario\Downloads\apache-tomcat-9.0.80-windows-x64\apache-tomcat-9.0.80
09-Oct-2023 20:23:20.475 INFORMACIÓN [main] org.apache.catalina.startup.VersionLoggerListener.log Command line argument:             -Djava.util.logging.config.file=c:\Users\Usuario\Downloads\apache-tomcat-9.0.80-windows-x64\apache-tomcat-9.0.80/conf/logging.properties
09-Oct-2023 20:23:20.475 INFORMACIÓN [main] org.apache.catalina.startup.VersionLoggerListener.log Command line argument:             -Djava.util.logging.manager=org.apache.juli.ClassLoaderLogManager
09-Oct-2023 20:23:20.476 INFORMACIÓN [main] org.apache.catalina.startup.VersionLoggerListener.log Command line argument:             -Djdk.tls.ephemeralDHKeySize=2048
09-Oct-2023 20:23:20.476 INFORMACIÓN [main] org.apache.catalina.startup.VersionLoggerListener.log Command line argument:             -Djava.protocol.handler.pkgs=org.apache.catalina.webresources
09-Oct-2023 20:23:20.476 INFORMACIÓN [main] org.apache.catalina.startup.VersionLoggerListener.log Command line argument:             -Dorg.apache.catalina.security.SecurityListener.UMASK=0027
09-Oct-2023 20:23:20.476 INFORMACIÓN [main] org.apache.catalina.startup.VersionLoggerListener.log Command line argument:             -Dcatalina.base=c:\Users\Usuario\Downloads\apache-tomcat-9.0.80-windows-x64\apache-tomcat-9.0.80
09-Oct-2023 20:23:20.476 INFORMACIÓN [main] org.apache.catalina.startup.VersionLoggerListener.log Command line argument:             -Dcatalina.home=c:\Users\Usuario\Downloads\apache-tomcat-9.0.80-windows-x64\apache-tomcat-9.0.80
09-Oct-2023 20:23:20.476 INFORMACIÓN [main] org.apache.catalina.startup.VersionLoggerListener.log Command line argument:             -Djava.io.tmpdir=c:\Users\Usuario\Downloads\apache-tomcat-9.0.80-windows-x64\apache-tomcat-9.0.80/temp
09-Oct-2023 20:23:20.517 INFORMACIÓN [main] org.apache.catalina.core.AprLifecycleListener.lifecycleEvent Cargada la biblioteca nativa APR de Apache Tomcat [1.2.38] con la versión APR [1.7.4].
09-Oct-2023 20:23:20.517 INFORMACIÓN [main] org.apache.catalina.core.AprLifecycleListener.lifecycleEvent Capacidades APR: IPv6 [true], enviar fichero [true], aceptar filtros [false], aleatorio [true], UDS [true].
09-Oct-2023 20:23:20.517 INFORMACIÓN [main] org.apache.catalina.core.AprLifecycleListener.lifecycleEvent APR/OpenSSL configuration: useAprConnector [false], useOpenSSL [true]
09-Oct-2023 20:23:20.550 INFORMACIÓN [main] org.apache.catalina.core.AprLifecycleListener.initializeSSL OpenSSL inicializado correctamente [OpenSSL 1.1.1v  1 Aug 2023]
09-Oct-2023 20:23:20.887 INFORMACIÓN [main] org.apache.coyote.AbstractProtocol.init Inicializando el manejador de protocolo ["http-nio-8080"]

09-Oct-2023 20:23:20.938 INFORMACIÓN [main] org.apache.catalina.startup.Catalina.load Server initialization in [862] milliseconds
09-Oct-2023 20:23:21.037 INFORMACIÓN [main] org.apache.catalina.core.StandardService.startInternal Arrancando servicio [Catalina]
09-Oct-2023 20:23:21.037 INFORMACIÓN [main] org.apache.catalina.core.StandardEngine.startInternal Starting Servlet engine: [Apache Tomcat/9.0.80]
09-Oct-2023 20:23:21.066 INFORMACIÓN [main] org.apache.catalina.startup.HostConfig.deployDirectory Desplegando el directorio [C:\Users\Usuario\Downloads\apache-tomcat-9.0.80-windows-x64\apache-tomcat-9.0.80\webapps\docs] de la aplicación web
09-Oct-2023 20:23:22.167 INFORMACIÓN [main] org.apache.catalina.startup.HostConfig.deployDirectory Deployment of web application directory [C:\Users\Usuario\Downloads\apache-tomcat-9.0.80-windows-x64\apache-tomcat-9.0.80\webapps\docs] has finished in [1.102] ms
09-Oct-2023 20:23:22.167 INFORMACIÓN [main] org.apache.catalina.startup.HostConfig.deployDirectory Desplegando el directorio [C:\Users\Usuario\Downloads\apache-tomcat-9.0.80-windows-x64\apache-tomcat-9.0.80\webapps\examples] de la aplicación web
09-Oct-2023 20:23:24.337 INFORMACIÓN [main] org.apache.catalina.startup.HostConfig.deployDirectory Deployment of web application directory [C:\Users\Usuario\Downloads\apache-tomcat-9.0.80-windows-x64\apache-tomcat-9.0.80\webapps\examples] has finished in [2.170] ms
09-Oct-2023 20:23:24.337 INFORMACIÓN [main] org.apache.catalina.startup.HostConfig.deployDirectory Desplegando el directorio [C:\Users\Usuario\Downloads\apache-tomcat-9.0.80-windows-x64\apache-tomcat-9.0.80\webapps\host-manager] de la aplicación web
09-Oct-2023 20:23:24.403 INFORMACIÓN [main] org.apache.catalina.startup.HostConfig.deployDirectory Deployment of web application directory [C:\Users\Usuario\Downloads\apache-tomcat-9.0.80-windows-x64\apache-tomcat-9.0.80\webapps\host-manager] has finished in [66] ms
09-Oct-2023 20:23:24.403 INFORMACIÓN [main] org.apache.catalina.startup.HostConfig.deployDirectory Desplegando el directorio [C:\Users\Usuario\Downloads\apache-tomcat-9.0.80-windows-x64\apache-tomcat-9.0.80\webapps\manager] de la aplicación web
09-Oct-2023 20:23:24.486 INFORMACIÓN [main] org.apache.catalina.startup.HostConfig.deployDirectory Deployment of web application directory [C:\Users\Usuario\Downloads\apache-tomcat-9.0.80-windows-x64\apache-tomcat-9.0.80\webapps\manager] has finished in [82] ms
09-Oct-2023 20:23:24.486 INFORMACIÓN [main] org.apache.catalina.startup.HostConfig.deployDirectory Desplegando el directorio [C:\Users\Usuario\Downloads\apache-tomcat-9.0.80-windows-x64\apache-tomcat-9.0.80\webapps\ROOT] de la aplicación web
09-Oct-2023 20:23:24.530 INFORMACIÓN [main] org.apache.catalina.startup.HostConfig.deployDirectory Deployment of web application directory [C:\Users\Usuario\Downloads\apache-tomcat-9.0.80-windows-x64\apache-tomcat-9.0.80\webapps\ROOT] has finished in [44] ms
09-Oct-2023 20:23:24.537 INFORMACIÓN [main] org.apache.coyote.AbstractProtocol.start Starting ProtocolHandler ["http-nio-8080"]
09-Oct-2023 20:23:24.604 INFORMACIÓN [main] org.apache.catalina.startup.Catalina.start Server startup in [3667] milliseconds
09-Oct-2023 20:25:50.847 INFORMACIÓN [main] org.apache.catalina.core.StandardServer.await Se ha recibido un comando de apagado a través del puerto de apagado. Parando la instancia del Servidor.
09-Oct-2023 20:25:50.847 INFORMACIÓN [main] org.apache.coyote.AbstractProtocol.pause Pausing ProtocolHandler ["http-nio-8080"]
09-Oct-2023 20:25:50.871 INFORMACIÓN [main] org.apache.catalina.core.StandardService.stopInternal Parando servicio [Catalina]
09-Oct-2023 20:25:50.881 ADVERTENCIA [main] org.apache.catalina.loader.WebappClassLoaderBase.clearReferencesObjectStreamClassCaches When running on Java 9 or later you need to add "--add-opens=java.base/java.io=ALL-UNNAMED" to the JVM command line arguments to enable ObjectStream cache memory leak protection. Alternatively, you can suppress this warning by disabling ObjectStream class cache memory leak protection.
09-Oct-2023 20:25:50.882 ADVERTENCIA [main] org.apache.catalina.loader.WebappClassLoaderBase.checkThreadLocalsForLeaks When running on Java 9 or later you need to add "--add-opens=java.base/java.lang=ALL-UNNAMED" to the JVM command line arguments to enable ThreadLocal memory leak detection. Alternatively, you can suppress this warning by disabling ThreadLocal memory leak detection.
09-Oct-2023 20:25:50.884 ADVERTENCIA [main] org.apache.catalina.loader.WebappClassLoaderBase.clearReferencesRmiTargets When running on Java 9 or later you need to add "--add-opens=java.rmi/sun.rmi.transport=ALL-UNNAMED" to the JVM command line arguments to enable RMI Target memory leak detection. Alternatively, you can suppress this warning by disabling RMI Target memory leak detection.
09-Oct-2023 20:25:50.884 ADVERTENCIA [main] org.apache.catalina.loader.WebappClassLoaderBase.clearReferencesObjectStreamClassCaches When running on Java 9 or later you need to add "--add-opens=java.base/java.io=ALL-UNNAMED" to the JVM command line arguments to enable ObjectStream cache memory leak protection. Alternatively, you can suppress this warning by disabling ObjectStream class cache memory leak protection.
09-Oct-2023 20:25:50.884 ADVERTENCIA [main] org.apache.catalina.loader.WebappClassLoaderBase.checkThreadLocalsForLeaks When running on Java 9 or later you need to add "--add-opens=java.base/java.lang=ALL-UNNAMED" to the JVM command line arguments to enable ThreadLocal memory leak detection. Alternatively, you can suppress this warning by disabling ThreadLocal memory leak detection.
09-Oct-2023 20:25:50.884 ADVERTENCIA [main] org.apache.catalina.loader.WebappClassLoaderBase.clearReferencesRmiTargets When running on Java 9 or later you need to add "--add-opens=java.rmi/sun.rmi.transport=ALL-UNNAMED" to the JVM command line arguments to enable RMI Target memory leak detection. Alternatively, you can suppress this warning by disabling RMI Target memory leak detection.
09-Oct-2023 20:25:50.895 ADVERTENCIA [main] org.apache.catalina.loader.WebappClassLoaderBase.clearReferencesObjectStreamClassCaches When running on Java 9 or later you need to add "--add-opens=java.base/java.io=ALL-UNNAMED" to the JVM command line arguments to enable ObjectStream cache memory leak protection. Alternatively, you can suppress this warning by disabling ObjectStream class cache memory leak protection.
09-Oct-2023 20:25:50.895 ADVERTENCIA [main] org.apache.catalina.loader.WebappClassLoaderBase.checkThreadLocalsForLeaks When running on Java 9 or later you need to add "--add-opens=java.base/java.lang=ALL-UNNAMED" to the JVM command line arguments to enable ThreadLocal memory leak detection. Alternatively, you can suppress this warning by disabling ThreadLocal memory leak detection.
09-Oct-2023 20:25:50.895 ADVERTENCIA [main] org.apache.catalina.loader.WebappClassLoaderBase.clearReferencesRmiTargets When running on Java 9 or later you need to add "--add-opens=java.rmi/sun.rmi.transport=ALL-UNNAMED" to the JVM command line arguments to enable RMI Target memory leak detection. Alternatively, you can suppress this warning by disabling RMI Target memory leak detection.
09-Oct-2023 20:25:50.900 ADVERTENCIA [main] org.apache.catalina.loader.WebappClassLoaderBase.clearReferencesObjectStreamClassCaches When running on Java 9 or later you need to add "--add-opens=java.base/java.io=ALL-UNNAMED" to the JVM command line arguments to enable ObjectStream cache memory leak protection. Alternatively, you can suppress this warning by disabling ObjectStream class cache memory leak protection.
09-Oct-2023 20:25:50.900 ADVERTENCIA [main] org.apache.catalina.loader.WebappClassLoaderBase.checkThreadLocalsForLeaks When running on Java 9 or later you need to add "--add-opens=java.base/java.lang=ALL-UNNAMED" to the JVM command line arguments to enable ThreadLocal memory leak detection. Alternatively, you can suppress this warning by disabling ThreadLocal memory leak detection.
09-Oct-2023 20:25:50.900 ADVERTENCIA [main] org.apache.catalina.loader.WebappClassLoaderBase.clearReferencesRmiTargets When running on Java 9 or later you need to add "--add-opens=java.rmi/sun.rmi.transport=ALL-UNNAMED" to the JVM command line arguments to enable RMI Target memory leak detection. Alternatively, you can suppress this warning by disabling RMI Target memory leak detection.
09-Oct-2023 20:25:50.900 ADVERTENCIA [main] org.apache.catalina.loader.WebappClassLoaderBase.clearReferencesObjectStreamClassCaches When running on Java 9 or later you need to add "--add-opens=java.base/java.io=ALL-UNNAMED" to the JVM command line arguments to enable ObjectStream cache memory leak protection. Alternatively, you can suppress this warning by disabling ObjectStream class cache memory leak protection.
09-Oct-2023 20:25:50.900 ADVERTENCIA [main] org.apache.catalina.loader.WebappClassLoaderBase.checkThreadLocalsForLeaks When running on Java 9 or later you need to add "--add-opens=java.base/java.lang=ALL-UNNAMED" to the JVM command line arguments to enable ThreadLocal memory leak detection. Alternatively, you can suppress this warning by disabling ThreadLocal memory leak detection.
09-Oct-2023 20:25:50.900 ADVERTENCIA [main] org.apache.catalina.loader.WebappClassLoaderBase.clearReferencesRmiTargets When running on Java 9 or later you need to add "--add-opens=java.rmi/sun.rmi.transport=ALL-UNNAMED" to the JVM command line arguments to enable RMI Target memory leak detection. Alternatively, you can suppress this warning by disabling RMI Target memory leak detection.
09-Oct-2023 20:25:50.900 INFORMACIÓN [main] org.apache.coyote.AbstractProtocol.stop Stopping ProtocolHandler ["http-nio-8080"]
09-Oct-2023 20:25:50.917 INFORMACIÓN [main] org.apache.coyote.AbstractProtocol.destroy Destroying ProtocolHandler ["http-nio-8080"]
09-Oct-2023 20:31:55.893 INFORMACIÓN [main] org.apache.catalina.startup.VersionLoggerListener.log Nombre de la versión del servidor: Apache Tomcat/9.0.80
09-Oct-2023 20:31:55.898 INFORMACIÓN [main] org.apache.catalina.startup.VersionLoggerListener.log Server built:                      Aug 23 2023 21:59:38 UTC
09-Oct-2023 20:31:55.898 INFORMACIÓN [main] org.apache.catalina.startup.VersionLoggerListener.log Número de versión de servidor:     9.0.80.0
09-Oct-2023 20:31:55.898 INFORMACIÓN [main] org.apache.catalina.startup.VersionLoggerListener.log OS Name:                           Windows 11
09-Oct-2023 20:31:55.898 INFORMACIÓN [main] org.apache.catalina.startup.VersionLoggerListener.log Versión de Systema Operativo:      10.0
09-Oct-2023 20:31:55.899 INFORMACIÓN [main] org.apache.catalina.startup.VersionLoggerListener.log Arquitectura:                      amd64
09-Oct-2023 20:31:55.899 INFORMACIÓN [main] org.apache.catalina.startup.VersionLoggerListener.log Java Home:                         C:\Users\Usuario\AppData\Local\Programs\Eclipse Adoptium\jdk-17.0.8.101-hotspot
09-Oct-2023 20:31:55.899 INFORMACIÓN [main] org.apache.catalina.startup.VersionLoggerListener.log JVM Version:                       17.0.8.1+1
09-Oct-2023 20:31:55.899 INFORMACIÓN [main] org.apache.catalina.startup.VersionLoggerListener.log Vededor JVM:                       Eclipse Adoptium
09-Oct-2023 20:31:55.899 INFORMACIÓN [main] org.apache.catalina.startup.VersionLoggerListener.log CATALINA_BASE:                     C:\Users\Usuario\Desktop\UNIVERSIDAD\4 CURSO\SEGUNDO CUATRIMESTRE\TFG\apache-tomcat-9.0.80
09-Oct-2023 20:31:55.899 INFORMACIÓN [main] org.apache.catalina.startup.VersionLoggerListener.log CATALINA_HOME:                     C:\Users\Usuario\Desktop\UNIVERSIDAD\4 CURSO\SEGUNDO CUATRIMESTRE\TFG\apache-tomcat-9.0.80
09-Oct-2023 20:31:55.920 INFORMACIÓN [main] org.apache.catalina.startup.VersionLoggerListener.log Command line argument:             -Djava.util.logging.config.file=c:\Users\Usuario\Desktop\UNIVERSIDAD\4 CURSO\SEGUNDO CUATRIMESTRE\TFG\apache-tomcat-9.0.80/conf/logging.properties
09-Oct-2023 20:31:55.920 INFORMACIÓN [main] org.apache.catalina.startup.VersionLoggerListener.log Command line argument:             -Djava.util.logging.manager=org.apache.juli.ClassLoaderLogManager
09-Oct-2023 20:31:55.920 INFORMACIÓN [main] org.apache.catalina.startup.VersionLoggerListener.log Command line argument:             -Djdk.tls.ephemeralDHKeySize=2048
09-Oct-2023 20:31:55.921 INFORMACIÓN [main] org.apache.catalina.startup.VersionLoggerListener.log Command line argument:             -Djava.protocol.handler.pkgs=org.apache.catalina.webresources
09-Oct-2023 20:31:55.921 INFORMACIÓN [main] org.apache.catalina.startup.VersionLoggerListener.log Command line argument:             -Dorg.apache.catalina.security.SecurityListener.UMASK=0027
09-Oct-2023 20:31:55.921 INFORMACIÓN [main] org.apache.catalina.startup.VersionLoggerListener.log Command line argument:             -Dcatalina.base=c:\Users\Usuario\Desktop\UNIVERSIDAD\4 CURSO\SEGUNDO CUATRIMESTRE\TFG\apache-tomcat-9.0.80
09-Oct-2023 20:31:55.921 INFORMACIÓN [main] org.apache.catalina.startup.VersionLoggerListener.log Command line argument:             -Dcatalina.home=c:\Users\Usuario\Desktop\UNIVERSIDAD\4 CURSO\SEGUNDO CUATRIMESTRE\TFG\apache-tomcat-9.0.80
09-Oct-2023 20:31:55.921 INFORMACIÓN [main] org.apache.catalina.startup.VersionLoggerListener.log Command line argument:             -Djava.io.tmpdir=c:\Users\Usuario\Desktop\UNIVERSIDAD\4 CURSO\SEGUNDO CUATRIMESTRE\TFG\apache-tomcat-9.0.80/temp
09-Oct-2023 20:31:55.926 INFORMACIÓN [main] org.apache.catalina.core.AprLifecycleListener.lifecycleEvent Cargada la biblioteca nativa APR de Apache Tomcat [1.2.38] con la versión APR [1.7.4].
09-Oct-2023 20:31:55.926 INFORMACIÓN [main] org.apache.catalina.core.AprLifecycleListener.lifecycleEvent Capacidades APR: IPv6 [true], enviar fichero [true], aceptar filtros [false], aleatorio [true], UDS [true].
09-Oct-2023 20:31:55.926 INFORMACIÓN [main] org.apache.catalina.core.AprLifecycleListener.lifecycleEvent APR/OpenSSL configuration: useAprConnector [false], useOpenSSL [true]
09-Oct-2023 20:31:55.934 INFORMACIÓN [main] org.apache.catalina.core.AprLifecycleListener.initializeSSL OpenSSL inicializado correctamente [OpenSSL 1.1.1v  1 Aug 2023]
09-Oct-2023 20:31:56.245 INFORMACIÓN [main] org.apache.coyote.AbstractProtocol.init Inicializando el manejador de protocolo ["http-nio-8080"]

09-Oct-2023 20:31:56.282 INFORMACIÓN [main] org.apache.catalina.startup.Catalina.load Server initialization in [676] milliseconds
09-Oct-2023 20:31:56.339 INFORMACIÓN [main] org.apache.catalina.core.StandardService.startInternal Arrancando servicio [Catalina]
09-Oct-2023 20:31:56.339 INFORMACIÓN [main] org.apache.catalina.core.StandardEngine.startInternal Starting Servlet engine: [Apache Tomcat/9.0.80]
09-Oct-2023 20:31:56.353 INFORMACIÓN [main] org.apache.catalina.startup.HostConfig.deployDirectory Desplegando el directorio [C:\Users\Usuario\Desktop\UNIVERSIDAD\4 CURSO\SEGUNDO CUATRIMESTRE\TFG\apache-tomcat-9.0.80\webapps\docs] de la aplicación web
09-Oct-2023 20:31:56.778 INFORMACIÓN [main] org.apache.catalina.startup.HostConfig.deployDirectory Deployment of web application directory [C:\Users\Usuario\Desktop\UNIVERSIDAD\4 CURSO\SEGUNDO CUATRIMESTRE\TFG\apache-tomcat-9.0.80\webapps\docs] has finished in [425] ms
09-Oct-2023 20:31:56.778 INFORMACIÓN [main] org.apache.catalina.startup.HostConfig.deployDirectory Desplegando el directorio [C:\Users\Usuario\Desktop\UNIVERSIDAD\4 CURSO\SEGUNDO CUATRIMESTRE\TFG\apache-tomcat-9.0.80\webapps\examples] de la aplicación web
09-Oct-2023 20:31:57.463 INFORMACIÓN [main] org.apache.catalina.startup.HostConfig.deployDirectory Deployment of web application directory [C:\Users\Usuario\Desktop\UNIVERSIDAD\4 CURSO\SEGUNDO CUATRIMESTRE\TFG\apache-tomcat-9.0.80\webapps\examples] has finished in [685] ms
09-Oct-2023 20:31:57.463 INFORMACIÓN [main] org.apache.catalina.startup.HostConfig.deployDirectory Desplegando el directorio [C:\Users\Usuario\Desktop\UNIVERSIDAD\4 CURSO\SEGUNDO CUATRIMESTRE\TFG\apache-tomcat-9.0.80\webapps\host-manager] de la aplicación web
09-Oct-2023 20:31:57.535 INFORMACIÓN [main] org.apache.catalina.startup.HostConfig.deployDirectory Deployment of web application directory [C:\Users\Usuario\Desktop\UNIVERSIDAD\4 CURSO\SEGUNDO CUATRIMESTRE\TFG\apache-tomcat-9.0.80\webapps\host-manager] has finished in [72] ms
09-Oct-2023 20:31:57.535 INFORMACIÓN [main] org.apache.catalina.startup.HostConfig.deployDirectory Desplegando el directorio [C:\Users\Usuario\Desktop\UNIVERSIDAD\4 CURSO\SEGUNDO CUATRIMESTRE\TFG\apache-tomcat-9.0.80\webapps\manager] de la aplicación web
09-Oct-2023 20:31:57.618 INFORMACIÓN [main] org.apache.catalina.startup.HostConfig.deployDirectory Deployment of web application directory [C:\Users\Usuario\Desktop\UNIVERSIDAD\4 CURSO\SEGUNDO CUATRIMESTRE\TFG\apache-tomcat-9.0.80\webapps\manager] has finished in [83] ms
09-Oct-2023 20:31:57.618 INFORMACIÓN [main] org.apache.catalina.startup.HostConfig.deployDirectory Desplegando el directorio [C:\Users\Usuario\Desktop\UNIVERSIDAD\4 CURSO\SEGUNDO CUATRIMESTRE\TFG\apache-tomcat-9.0.80\webapps\ROOT] de la aplicación web
09-Oct-2023 20:31:57.700 INFORMACIÓN [main] org.apache.catalina.startup.HostConfig.deployDirectory Deployment of web application directory [C:\Users\Usuario\Desktop\UNIVERSIDAD\4 CURSO\SEGUNDO CUATRIMESTRE\TFG\apache-tomcat-9.0.80\webapps\ROOT] has finished in [82] ms
09-Oct-2023 20:31:57.721 INFORMACIÓN [main] org.apache.coyote.AbstractProtocol.start Starting ProtocolHandler ["http-nio-8080"]
09-Oct-2023 20:31:57.817 INFORMACIÓN [main] org.apache.catalina.startup.Catalina.start Server startup in [1544] milliseconds
09-Oct-2023 20:33:27.871 INFORMACIÓN [main] org.apache.catalina.core.StandardServer.await Se ha recibido un comando de apagado a través del puerto de apagado. Parando la instancia del Servidor.
09-Oct-2023 20:33:27.872 INFORMACIÓN [main] org.apache.coyote.AbstractProtocol.pause Pausing ProtocolHandler ["http-nio-8080"]
09-Oct-2023 20:33:27.890 INFORMACIÓN [main] org.apache.catalina.core.StandardService.stopInternal Parando servicio [Catalina]
09-Oct-2023 20:33:27.897 ADVERTENCIA [main] org.apache.catalina.loader.WebappClassLoaderBase.clearReferencesObjectStreamClassCaches When running on Java 9 or later you need to add "--add-opens=java.base/java.io=ALL-UNNAMED" to the JVM command line arguments to enable ObjectStream cache memory leak protection. Alternatively, you can suppress this warning by disabling ObjectStream class cache memory leak protection.
09-Oct-2023 20:33:27.898 ADVERTENCIA [main] org.apache.catalina.loader.WebappClassLoaderBase.checkThreadLocalsForLeaks When running on Java 9 or later you need to add "--add-opens=java.base/java.lang=ALL-UNNAMED" to the JVM command line arguments to enable ThreadLocal memory leak detection. Alternatively, you can suppress this warning by disabling ThreadLocal memory leak detection.
09-Oct-2023 20:33:27.899 ADVERTENCIA [main] org.apache.catalina.loader.WebappClassLoaderBase.clearReferencesRmiTargets When running on Java 9 or later you need to add "--add-opens=java.rmi/sun.rmi.transport=ALL-UNNAMED" to the JVM command line arguments to enable RMI Target memory leak detection. Alternatively, you can suppress this warning by disabling RMI Target memory leak detection.
09-Oct-2023 20:33:27.906 ADVERTENCIA [main] org.apache.catalina.loader.WebappClassLoaderBase.clearReferencesObjectStreamClassCaches When running on Java 9 or later you need to add "--add-opens=java.base/java.io=ALL-UNNAMED" to the JVM command line arguments to enable ObjectStream cache memory leak protection. Alternatively, you can suppress this warning by disabling ObjectStream class cache memory leak protection.
09-Oct-2023 20:33:27.907 ADVERTENCIA [main] org.apache.catalina.loader.WebappClassLoaderBase.checkThreadLocalsForLeaks When running on Java 9 or later you need to add "--add-opens=java.base/java.lang=ALL-UNNAMED" to the JVM command line arguments to enable ThreadLocal memory leak detection. Alternatively, you can suppress this warning by disabling ThreadLocal memory leak detection.
09-Oct-2023 20:33:27.907 ADVERTENCIA [main] org.apache.catalina.loader.WebappClassLoaderBase.clearReferencesRmiTargets When running on Java 9 or later you need to add "--add-opens=java.rmi/sun.rmi.transport=ALL-UNNAMED" to the JVM command line arguments to enable RMI Target memory leak detection. Alternatively, you can suppress this warning by disabling RMI Target memory leak detection.
09-Oct-2023 20:33:27.911 ADVERTENCIA [main] org.apache.catalina.loader.WebappClassLoaderBase.clearReferencesObjectStreamClassCaches When running on Java 9 or later you need to add "--add-opens=java.base/java.io=ALL-UNNAMED" to the JVM command line arguments to enable ObjectStream cache memory leak protection. Alternatively, you can suppress this warning by disabling ObjectStream class cache memory leak protection.
09-Oct-2023 20:33:27.911 ADVERTENCIA [main] org.apache.catalina.loader.WebappClassLoaderBase.checkThreadLocalsForLeaks When running on Java 9 or later you need to add "--add-opens=java.base/java.lang=ALL-UNNAMED" to the JVM command line arguments to enable ThreadLocal memory leak detection. Alternatively, you can suppress this warning by disabling ThreadLocal memory leak detection.
09-Oct-2023 20:33:27.912 ADVERTENCIA [main] org.apache.catalina.loader.WebappClassLoaderBase.clearReferencesRmiTargets When running on Java 9 or later you need to add "--add-opens=java.rmi/sun.rmi.transport=ALL-UNNAMED" to the JVM command line arguments to enable RMI Target memory leak detection. Alternatively, you can suppress this warning by disabling RMI Target memory leak detection.
09-Oct-2023 20:33:27.916 ADVERTENCIA [main] org.apache.catalina.loader.WebappClassLoaderBase.clearReferencesObjectStreamClassCaches When running on Java 9 or later you need to add "--add-opens=java.base/java.io=ALL-UNNAMED" to the JVM command line arguments to enable ObjectStream cache memory leak protection. Alternatively, you can suppress this warning by disabling ObjectStream class cache memory leak protection.
09-Oct-2023 20:33:27.916 ADVERTENCIA [main] org.apache.catalina.loader.WebappClassLoaderBase.checkThreadLocalsForLeaks When running on Java 9 or later you need to add "--add-opens=java.base/java.lang=ALL-UNNAMED" to the JVM command line arguments to enable ThreadLocal memory leak detection. Alternatively, you can suppress this warning by disabling ThreadLocal memory leak detection.
09-Oct-2023 20:33:27.917 ADVERTENCIA [main] org.apache.catalina.loader.WebappClassLoaderBase.clearReferencesRmiTargets When running on Java 9 or later you need to add "--add-opens=java.rmi/sun.rmi.transport=ALL-UNNAMED" to the JVM command line arguments to enable RMI Target memory leak detection. Alternatively, you can suppress this warning by disabling RMI Target memory leak detection.
09-Oct-2023 20:33:27.917 ADVERTENCIA [main] org.apache.catalina.loader.WebappClassLoaderBase.clearReferencesObjectStreamClassCaches When running on Java 9 or later you need to add "--add-opens=java.base/java.io=ALL-UNNAMED" to the JVM command line arguments to enable ObjectStream cache memory leak protection. Alternatively, you can suppress this warning by disabling ObjectStream class cache memory leak protection.
09-Oct-2023 20:33:27.917 ADVERTENCIA [main] org.apache.catalina.loader.WebappClassLoaderBase.checkThreadLocalsForLeaks When running on Java 9 or later you need to add "--add-opens=java.base/java.lang=ALL-UNNAMED" to the JVM command line arguments to enable ThreadLocal memory leak detection. Alternatively, you can suppress this warning by disabling ThreadLocal memory leak detection.
09-Oct-2023 20:33:27.917 ADVERTENCIA [main] org.apache.catalina.loader.WebappClassLoaderBase.clearReferencesRmiTargets When running on Java 9 or later you need to add "--add-opens=java.rmi/sun.rmi.transport=ALL-UNNAMED" to the JVM command line arguments to enable RMI Target memory leak detection. Alternatively, you can suppress this warning by disabling RMI Target memory leak detection.
09-Oct-2023 20:33:27.917 INFORMACIÓN [main] org.apache.coyote.AbstractProtocol.stop Stopping ProtocolHandler ["http-nio-8080"]
09-Oct-2023 20:33:27.935 INFORMACIÓN [main] org.apache.coyote.AbstractProtocol.destroy Destroying ProtocolHandler ["http-nio-8080"]
