05-Nov-2023 11:27:50.348 INFORMACIÓN [main] org.apache.catalina.startup.VersionLoggerListener.log Nombre de la versión del servidor: Apache Tomcat/9.0.80
05-Nov-2023 11:27:50.352 INFORMACIÓN [main] org.apache.catalina.startup.VersionLoggerListener.log Server built:                      Aug 23 2023 21:59:38 UTC
05-Nov-2023 11:27:50.353 INFORMACIÓN [main] org.apache.catalina.startup.VersionLoggerListener.log Número de versión de servidor:     9.0.80.0
05-Nov-2023 11:27:50.353 INFORMACIÓN [main] org.apache.catalina.startup.VersionLoggerListener.log OS Name:                           Windows 11
05-Nov-2023 11:27:50.353 INFORMACIÓN [main] org.apache.catalina.startup.VersionLoggerListener.log Versión de Systema Operativo:      10.0
05-Nov-2023 11:27:50.353 INFORMACIÓN [main] org.apache.catalina.startup.VersionLoggerListener.log Arquitectura:                      amd64
05-Nov-2023 11:27:50.353 INFORMACIÓN [main] org.apache.catalina.startup.VersionLoggerListener.log Java Home:                         C:\Users\Usuario\AppData\Local\Programs\Eclipse Adoptium\jdk-17.0.8.101-hotspot
05-Nov-2023 11:27:50.353 INFORMACIÓN [main] org.apache.catalina.startup.VersionLoggerListener.log JVM Version:                       17.0.8.1+1
05-Nov-2023 11:27:50.353 INFORMACIÓN [main] org.apache.catalina.startup.VersionLoggerListener.log Vededor JVM:                       Eclipse Adoptium
05-Nov-2023 11:27:50.354 INFORMACIÓN [main] org.apache.catalina.startup.VersionLoggerListener.log CATALINA_BASE:                     C:\Users\Usuario\Desktop\UNIVERSIDAD\4 CURSO\SEGUNDO CUATRIMESTRE\TFG\apache-tomcat-9.0.80
05-Nov-2023 11:27:50.354 INFORMACIÓN [main] org.apache.catalina.startup.VersionLoggerListener.log CATALINA_HOME:                     C:\Users\Usuario\Desktop\UNIVERSIDAD\4 CURSO\SEGUNDO CUATRIMESTRE\TFG\apache-tomcat-9.0.80
05-Nov-2023 11:27:50.384 INFORMACIÓN [main] org.apache.catalina.startup.VersionLoggerListener.log Command line argument:             -Djava.util.logging.config.file=c:\Users\Usuario\Desktop\UNIVERSIDAD\4 CURSO\SEGUNDO CUATRIMESTRE\TFG\apache-tomcat-9.0.80/conf/logging.properties
05-Nov-2023 11:27:50.384 INFORMACIÓN [main] org.apache.catalina.startup.VersionLoggerListener.log Command line argument:             -Djava.util.logging.manager=org.apache.juli.ClassLoaderLogManager
05-Nov-2023 11:27:50.384 INFORMACIÓN [main] org.apache.catalina.startup.VersionLoggerListener.log Command line argument:             -Djdk.tls.ephemeralDHKeySize=2048
05-Nov-2023 11:27:50.384 INFORMACIÓN [main] org.apache.catalina.startup.VersionLoggerListener.log Command line argument:             -Djava.protocol.handler.pkgs=org.apache.catalina.webresources
05-Nov-2023 11:27:50.384 INFORMACIÓN [main] org.apache.catalina.startup.VersionLoggerListener.log Command line argument:             -Dorg.apache.catalina.security.SecurityListener.UMASK=0027
05-Nov-2023 11:27:50.385 INFORMACIÓN [main] org.apache.catalina.startup.VersionLoggerListener.log Command line argument:             -Dcatalina.base=c:\Users\Usuario\Desktop\UNIVERSIDAD\4 CURSO\SEGUNDO CUATRIMESTRE\TFG\apache-tomcat-9.0.80
05-Nov-2023 11:27:50.385 INFORMACIÓN [main] org.apache.catalina.startup.VersionLoggerListener.log Command line argument:             -Dcatalina.home=c:\Users\Usuario\Desktop\UNIVERSIDAD\4 CURSO\SEGUNDO CUATRIMESTRE\TFG\apache-tomcat-9.0.80
05-Nov-2023 11:27:50.385 INFORMACIÓN [main] org.apache.catalina.startup.VersionLoggerListener.log Command line argument:             -Djava.io.tmpdir=c:\Users\Usuario\Desktop\UNIVERSIDAD\4 CURSO\SEGUNDO CUATRIMESTRE\TFG\apache-tomcat-9.0.80/temp
05-Nov-2023 11:27:50.435 INFORMACIÓN [main] org.apache.catalina.core.AprLifecycleListener.lifecycleEvent Cargada la biblioteca nativa APR de Apache Tomcat [1.2.38] con la versión APR [1.7.4].
05-Nov-2023 11:27:50.436 INFORMACIÓN [main] org.apache.catalina.core.AprLifecycleListener.lifecycleEvent Capacidades APR: IPv6 [true], enviar fichero [true], aceptar filtros [false], aleatorio [true], UDS [true].
05-Nov-2023 11:27:50.445 INFORMACIÓN [main] org.apache.catalina.core.AprLifecycleListener.lifecycleEvent APR/OpenSSL configuration: useAprConnector [false], useOpenSSL [true]
05-Nov-2023 11:27:50.514 INFORMACIÓN [main] org.apache.catalina.core.AprLifecycleListener.initializeSSL OpenSSL inicializado correctamente [OpenSSL 1.1.1v  1 Aug 2023]
05-Nov-2023 11:27:51.058 INFORMACIÓN [main] org.apache.coyote.AbstractProtocol.init Inicializando el manejador de protocolo ["http-nio-8080"]

05-Nov-2023 11:27:51.103 INFORMACIÓN [main] org.apache.catalina.startup.Catalina.load Server initialization in [1044] milliseconds
05-Nov-2023 11:27:51.256 INFORMACIÓN [main] org.apache.catalina.core.StandardService.startInternal Arrancando servicio [Catalina]
05-Nov-2023 11:27:51.256 INFORMACIÓN [main] org.apache.catalina.core.StandardEngine.startInternal Starting Servlet engine: [Apache Tomcat/9.0.80]
05-Nov-2023 11:27:51.291 INFORMACIÓN [main] org.apache.catalina.startup.HostConfig.deployDirectory Desplegando el directorio [C:\Users\Usuario\Desktop\UNIVERSIDAD\4 CURSO\SEGUNDO CUATRIMESTRE\TFG\apache-tomcat-9.0.80\webapps\docs] de la aplicación web
05-Nov-2023 11:27:51.880 INFORMACIÓN [main] org.apache.catalina.startup.HostConfig.deployDirectory Deployment of web application directory [C:\Users\Usuario\Desktop\UNIVERSIDAD\4 CURSO\SEGUNDO CUATRIMESTRE\TFG\apache-tomcat-9.0.80\webapps\docs] has finished in [583] ms
05-Nov-2023 11:27:51.882 INFORMACIÓN [main] org.apache.catalina.startup.HostConfig.deployDirectory Desplegando el directorio [C:\Users\Usuario\Desktop\UNIVERSIDAD\4 CURSO\SEGUNDO CUATRIMESTRE\TFG\apache-tomcat-9.0.80\webapps\examples] de la aplicación web
05-Nov-2023 11:27:53.938 INFORMACIÓN [main] org.apache.catalina.startup.HostConfig.deployDirectory Deployment of web application directory [C:\Users\Usuario\Desktop\UNIVERSIDAD\4 CURSO\SEGUNDO CUATRIMESTRE\TFG\apache-tomcat-9.0.80\webapps\examples] has finished in [2.057] ms
05-Nov-2023 11:27:53.938 INFORMACIÓN [main] org.apache.catalina.startup.HostConfig.deployDirectory Desplegando el directorio [C:\Users\Usuario\Desktop\UNIVERSIDAD\4 CURSO\SEGUNDO CUATRIMESTRE\TFG\apache-tomcat-9.0.80\webapps\gestoracademico] de la aplicación web
05-Nov-2023 11:27:55.245 ADVERTENCIA [main] java.util.ArrayList.forEach Name = gestoracademico Property maxActive is not used in DBCP2, use maxTotal instead. maxTotal default value is 8. You have set value of "8" for "maxActive" property, which is being ignored.
05-Nov-2023 11:27:55.386 INFORMACIÓN [main] org.apache.jasper.servlet.TldScanner.scanJars Al menos un JAR, que se ha explorado buscando TLDs, aún no contenía TLDs. Activar historial de depuración para este historiador para una completa lista de los JARs que fueron explorados y de los que nos se halló TLDs. Saltarse JARs no necesarios durante la exploración puede dar lugar a una mejora de tiempo significativa en el arranque y compilación de JSP .
05-Nov-2023 11:27:55.426 INFORMACIÓN [main] org.apache.catalina.startup.HostConfig.deployDirectory Deployment of web application directory [C:\Users\Usuario\Desktop\UNIVERSIDAD\4 CURSO\SEGUNDO CUATRIMESTRE\TFG\apache-tomcat-9.0.80\webapps\gestoracademico] has finished in [1.487] ms
05-Nov-2023 11:27:55.426 INFORMACIÓN [main] org.apache.catalina.startup.HostConfig.deployDirectory Desplegando el directorio [C:\Users\Usuario\Desktop\UNIVERSIDAD\4 CURSO\SEGUNDO CUATRIMESTRE\TFG\apache-tomcat-9.0.80\webapps\host-manager] de la aplicación web
05-Nov-2023 11:27:55.531 INFORMACIÓN [main] org.apache.catalina.startup.HostConfig.deployDirectory Deployment of web application directory [C:\Users\Usuario\Desktop\UNIVERSIDAD\4 CURSO\SEGUNDO CUATRIMESTRE\TFG\apache-tomcat-9.0.80\webapps\host-manager] has finished in [105] ms
05-Nov-2023 11:27:55.532 INFORMACIÓN [main] org.apache.catalina.startup.HostConfig.deployDirectory Desplegando el directorio [C:\Users\Usuario\Desktop\UNIVERSIDAD\4 CURSO\SEGUNDO CUATRIMESTRE\TFG\apache-tomcat-9.0.80\webapps\manager] de la aplicación web
05-Nov-2023 11:27:55.634 INFORMACIÓN [main] org.apache.catalina.startup.HostConfig.deployDirectory Deployment of web application directory [C:\Users\Usuario\Desktop\UNIVERSIDAD\4 CURSO\SEGUNDO CUATRIMESTRE\TFG\apache-tomcat-9.0.80\webapps\manager] has finished in [102] ms
05-Nov-2023 11:27:55.635 INFORMACIÓN [main] org.apache.catalina.startup.HostConfig.deployDirectory Desplegando el directorio [C:\Users\Usuario\Desktop\UNIVERSIDAD\4 CURSO\SEGUNDO CUATRIMESTRE\TFG\apache-tomcat-9.0.80\webapps\ROOT] de la aplicación web
05-Nov-2023 11:27:55.731 INFORMACIÓN [main] org.apache.catalina.startup.HostConfig.deployDirectory Deployment of web application directory [C:\Users\Usuario\Desktop\UNIVERSIDAD\4 CURSO\SEGUNDO CUATRIMESTRE\TFG\apache-tomcat-9.0.80\webapps\ROOT] has finished in [95] ms
05-Nov-2023 11:27:55.738 INFORMACIÓN [main] org.apache.coyote.AbstractProtocol.start Starting ProtocolHandler ["http-nio-8080"]
05-Nov-2023 11:27:55.821 INFORMACIÓN [main] org.apache.catalina.startup.Catalina.start Server startup in [4718] milliseconds
05-Nov-2023 11:29:05.071 INFORMACIÓN [main] org.apache.catalina.core.StandardServer.await Se ha recibido un comando de apagado a través del puerto de apagado. Parando la instancia del Servidor.
05-Nov-2023 11:29:05.072 INFORMACIÓN [main] org.apache.coyote.AbstractProtocol.pause Pausing ProtocolHandler ["http-nio-8080"]
05-Nov-2023 11:29:05.086 INFORMACIÓN [main] org.apache.catalina.core.StandardService.stopInternal Parando servicio [Catalina]
05-Nov-2023 11:29:05.097 ADVERTENCIA [main] org.apache.catalina.loader.WebappClassLoaderBase.clearReferencesObjectStreamClassCaches When running on Java 9 or later you need to add "--add-opens=java.base/java.io=ALL-UNNAMED" to the JVM command line arguments to enable ObjectStream cache memory leak protection. Alternatively, you can suppress this warning by disabling ObjectStream class cache memory leak protection.
05-Nov-2023 11:29:05.097 ADVERTENCIA [main] org.apache.catalina.loader.WebappClassLoaderBase.checkThreadLocalsForLeaks When running on Java 9 or later you need to add "--add-opens=java.base/java.lang=ALL-UNNAMED" to the JVM command line arguments to enable ThreadLocal memory leak detection. Alternatively, you can suppress this warning by disabling ThreadLocal memory leak detection.
05-Nov-2023 11:29:05.100 ADVERTENCIA [main] org.apache.catalina.loader.WebappClassLoaderBase.clearReferencesRmiTargets When running on Java 9 or later you need to add "--add-opens=java.rmi/sun.rmi.transport=ALL-UNNAMED" to the JVM command line arguments to enable RMI Target memory leak detection. Alternatively, you can suppress this warning by disabling RMI Target memory leak detection.
05-Nov-2023 11:29:05.114 ADVERTENCIA [main] org.apache.catalina.loader.WebappClassLoaderBase.clearReferencesObjectStreamClassCaches When running on Java 9 or later you need to add "--add-opens=java.base/java.io=ALL-UNNAMED" to the JVM command line arguments to enable ObjectStream cache memory leak protection. Alternatively, you can suppress this warning by disabling ObjectStream class cache memory leak protection.
05-Nov-2023 11:29:05.116 ADVERTENCIA [main] org.apache.catalina.loader.WebappClassLoaderBase.checkThreadLocalsForLeaks When running on Java 9 or later you need to add "--add-opens=java.base/java.lang=ALL-UNNAMED" to the JVM command line arguments to enable ThreadLocal memory leak detection. Alternatively, you can suppress this warning by disabling ThreadLocal memory leak detection.
05-Nov-2023 11:29:05.116 ADVERTENCIA [main] org.apache.catalina.loader.WebappClassLoaderBase.clearReferencesRmiTargets When running on Java 9 or later you need to add "--add-opens=java.rmi/sun.rmi.transport=ALL-UNNAMED" to the JVM command line arguments to enable RMI Target memory leak detection. Alternatively, you can suppress this warning by disabling RMI Target memory leak detection.
05-Nov-2023 11:29:05.122 ADVERTENCIA [main] org.apache.catalina.loader.WebappClassLoaderBase.clearReferencesObjectStreamClassCaches When running on Java 9 or later you need to add "--add-opens=java.base/java.io=ALL-UNNAMED" to the JVM command line arguments to enable ObjectStream cache memory leak protection. Alternatively, you can suppress this warning by disabling ObjectStream class cache memory leak protection.
05-Nov-2023 11:29:05.122 ADVERTENCIA [main] org.apache.catalina.loader.WebappClassLoaderBase.checkThreadLocalsForLeaks When running on Java 9 or later you need to add "--add-opens=java.base/java.lang=ALL-UNNAMED" to the JVM command line arguments to enable ThreadLocal memory leak detection. Alternatively, you can suppress this warning by disabling ThreadLocal memory leak detection.
05-Nov-2023 11:29:05.123 ADVERTENCIA [main] org.apache.catalina.loader.WebappClassLoaderBase.clearReferencesRmiTargets When running on Java 9 or later you need to add "--add-opens=java.rmi/sun.rmi.transport=ALL-UNNAMED" to the JVM command line arguments to enable RMI Target memory leak detection. Alternatively, you can suppress this warning by disabling RMI Target memory leak detection.
05-Nov-2023 11:29:05.146 ADVERTENCIA [main] org.apache.catalina.loader.WebappClassLoaderBase.clearReferencesJdbc La aplicación web [gestoracademico] registró el conductor JDBC [com.mysql.cj.jdbc.Driver] pero falló al anular el registro mientras la aplicación web estaba parada. Para prevenir un fallo de memoria, se ha anulado el registro del conductor JDBC por la fuerza.
05-Nov-2023 11:29:05.147 ADVERTENCIA [main] org.apache.catalina.loader.WebappClassLoaderBase.clearReferencesThreads The web application [gestoracademico] appears to have started a thread named [mysql-cj-abandoned-connection-cleanup] but has failed to stop it. This is very likely to create a memory leak. Stack trace of thread:
 java.base@17.0.8.1/java.lang.Object.wait(Native Method)
 java.base@17.0.8.1/java.lang.ref.ReferenceQueue.remove(ReferenceQueue.java:155)
 com.mysql.cj.jdbc.AbandonedConnectionCleanupThread.run(AbandonedConnectionCleanupThread.java:91)
 java.base@17.0.8.1/java.util.concurrent.ThreadPoolExecutor.runWorker(ThreadPoolExecutor.java:1136)
 java.base@17.0.8.1/java.util.concurrent.ThreadPoolExecutor$Worker.run(ThreadPoolExecutor.java:635)
 java.base@17.0.8.1/java.lang.Thread.run(Thread.java:833)
05-Nov-2023 11:29:05.147 ADVERTENCIA [main] org.apache.catalina.loader.WebappClassLoaderBase.clearReferencesObjectStreamClassCaches When running on Java 9 or later you need to add "--add-opens=java.base/java.io=ALL-UNNAMED" to the JVM command line arguments to enable ObjectStream cache memory leak protection. Alternatively, you can suppress this warning by disabling ObjectStream class cache memory leak protection.
05-Nov-2023 11:29:05.147 ADVERTENCIA [main] org.apache.catalina.loader.WebappClassLoaderBase.checkThreadLocalsForLeaks When running on Java 9 or later you need to add "--add-opens=java.base/java.lang=ALL-UNNAMED" to the JVM command line arguments to enable ThreadLocal memory leak detection. Alternatively, you can suppress this warning by disabling ThreadLocal memory leak detection.
05-Nov-2023 11:29:05.148 ADVERTENCIA [main] org.apache.catalina.loader.WebappClassLoaderBase.clearReferencesRmiTargets When running on Java 9 or later you need to add "--add-opens=java.rmi/sun.rmi.transport=ALL-UNNAMED" to the JVM command line arguments to enable RMI Target memory leak detection. Alternatively, you can suppress this warning by disabling RMI Target memory leak detection.
05-Nov-2023 11:29:05.150 ADVERTENCIA [main] org.apache.catalina.loader.WebappClassLoaderBase.clearReferencesObjectStreamClassCaches When running on Java 9 or later you need to add "--add-opens=java.base/java.io=ALL-UNNAMED" to the JVM command line arguments to enable ObjectStream cache memory leak protection. Alternatively, you can suppress this warning by disabling ObjectStream class cache memory leak protection.
05-Nov-2023 11:29:05.150 ADVERTENCIA [main] org.apache.catalina.loader.WebappClassLoaderBase.checkThreadLocalsForLeaks When running on Java 9 or later you need to add "--add-opens=java.base/java.lang=ALL-UNNAMED" to the JVM command line arguments to enable ThreadLocal memory leak detection. Alternatively, you can suppress this warning by disabling ThreadLocal memory leak detection.
05-Nov-2023 11:29:05.150 ADVERTENCIA [main] org.apache.catalina.loader.WebappClassLoaderBase.clearReferencesRmiTargets When running on Java 9 or later you need to add "--add-opens=java.rmi/sun.rmi.transport=ALL-UNNAMED" to the JVM command line arguments to enable RMI Target memory leak detection. Alternatively, you can suppress this warning by disabling RMI Target memory leak detection.
05-Nov-2023 11:29:05.154 ADVERTENCIA [main] org.apache.catalina.loader.WebappClassLoaderBase.clearReferencesObjectStreamClassCaches When running on Java 9 or later you need to add "--add-opens=java.base/java.io=ALL-UNNAMED" to the JVM command line arguments to enable ObjectStream cache memory leak protection. Alternatively, you can suppress this warning by disabling ObjectStream class cache memory leak protection.
05-Nov-2023 11:29:05.154 ADVERTENCIA [main] org.apache.catalina.loader.WebappClassLoaderBase.checkThreadLocalsForLeaks When running on Java 9 or later you need to add "--add-opens=java.base/java.lang=ALL-UNNAMED" to the JVM command line arguments to enable ThreadLocal memory leak detection. Alternatively, you can suppress this warning by disabling ThreadLocal memory leak detection.
05-Nov-2023 11:29:05.156 ADVERTENCIA [main] org.apache.catalina.loader.WebappClassLoaderBase.clearReferencesRmiTargets When running on Java 9 or later you need to add "--add-opens=java.rmi/sun.rmi.transport=ALL-UNNAMED" to the JVM command line arguments to enable RMI Target memory leak detection. Alternatively, you can suppress this warning by disabling RMI Target memory leak detection.
05-Nov-2023 11:29:05.156 INFORMACIÓN [main] org.apache.coyote.AbstractProtocol.stop Stopping ProtocolHandler ["http-nio-8080"]
05-Nov-2023 11:29:05.169 INFORMACIÓN [main] org.apache.coyote.AbstractProtocol.destroy Destroying ProtocolHandler ["http-nio-8080"]
05-Nov-2023 11:29:17.242 INFORMACIÓN [main] org.apache.catalina.startup.VersionLoggerListener.log Nombre de la versión del servidor: Apache Tomcat/9.0.80
05-Nov-2023 11:29:17.249 INFORMACIÓN [main] org.apache.catalina.startup.VersionLoggerListener.log Server built:                      Aug 23 2023 21:59:38 UTC
05-Nov-2023 11:29:17.250 INFORMACIÓN [main] org.apache.catalina.startup.VersionLoggerListener.log Número de versión de servidor:     9.0.80.0
05-Nov-2023 11:29:17.250 INFORMACIÓN [main] org.apache.catalina.startup.VersionLoggerListener.log OS Name:                           Windows 11
05-Nov-2023 11:29:17.250 INFORMACIÓN [main] org.apache.catalina.startup.VersionLoggerListener.log Versión de Systema Operativo:      10.0
05-Nov-2023 11:29:17.250 INFORMACIÓN [main] org.apache.catalina.startup.VersionLoggerListener.log Arquitectura:                      amd64
05-Nov-2023 11:29:17.250 INFORMACIÓN [main] org.apache.catalina.startup.VersionLoggerListener.log Java Home:                         C:\Users\Usuario\AppData\Local\Programs\Eclipse Adoptium\jdk-17.0.8.101-hotspot
05-Nov-2023 11:29:17.250 INFORMACIÓN [main] org.apache.catalina.startup.VersionLoggerListener.log JVM Version:                       17.0.8.1+1
05-Nov-2023 11:29:17.251 INFORMACIÓN [main] org.apache.catalina.startup.VersionLoggerListener.log Vededor JVM:                       Eclipse Adoptium
05-Nov-2023 11:29:17.251 INFORMACIÓN [main] org.apache.catalina.startup.VersionLoggerListener.log CATALINA_BASE:                     C:\Users\Usuario\Desktop\UNIVERSIDAD\4 CURSO\SEGUNDO CUATRIMESTRE\TFG\apache-tomcat-9.0.80
05-Nov-2023 11:29:17.251 INFORMACIÓN [main] org.apache.catalina.startup.VersionLoggerListener.log CATALINA_HOME:                     C:\Users\Usuario\Desktop\UNIVERSIDAD\4 CURSO\SEGUNDO CUATRIMESTRE\TFG\apache-tomcat-9.0.80
05-Nov-2023 11:29:17.277 INFORMACIÓN [main] org.apache.catalina.startup.VersionLoggerListener.log Command line argument:             -Djava.util.logging.config.file=c:\Users\Usuario\Desktop\UNIVERSIDAD\4 CURSO\SEGUNDO CUATRIMESTRE\TFG\apache-tomcat-9.0.80/conf/logging.properties
05-Nov-2023 11:29:17.277 INFORMACIÓN [main] org.apache.catalina.startup.VersionLoggerListener.log Command line argument:             -Djava.util.logging.manager=org.apache.juli.ClassLoaderLogManager
05-Nov-2023 11:29:17.277 INFORMACIÓN [main] org.apache.catalina.startup.VersionLoggerListener.log Command line argument:             -Djdk.tls.ephemeralDHKeySize=2048
05-Nov-2023 11:29:17.277 INFORMACIÓN [main] org.apache.catalina.startup.VersionLoggerListener.log Command line argument:             -Djava.protocol.handler.pkgs=org.apache.catalina.webresources
05-Nov-2023 11:29:17.278 INFORMACIÓN [main] org.apache.catalina.startup.VersionLoggerListener.log Command line argument:             -Dorg.apache.catalina.security.SecurityListener.UMASK=0027
05-Nov-2023 11:29:17.278 INFORMACIÓN [main] org.apache.catalina.startup.VersionLoggerListener.log Command line argument:             -Dcatalina.base=c:\Users\Usuario\Desktop\UNIVERSIDAD\4 CURSO\SEGUNDO CUATRIMESTRE\TFG\apache-tomcat-9.0.80
05-Nov-2023 11:29:17.278 INFORMACIÓN [main] org.apache.catalina.startup.VersionLoggerListener.log Command line argument:             -Dcatalina.home=c:\Users\Usuario\Desktop\UNIVERSIDAD\4 CURSO\SEGUNDO CUATRIMESTRE\TFG\apache-tomcat-9.0.80
05-Nov-2023 11:29:17.278 INFORMACIÓN [main] org.apache.catalina.startup.VersionLoggerListener.log Command line argument:             -Djava.io.tmpdir=c:\Users\Usuario\Desktop\UNIVERSIDAD\4 CURSO\SEGUNDO CUATRIMESTRE\TFG\apache-tomcat-9.0.80/temp
05-Nov-2023 11:29:17.286 INFORMACIÓN [main] org.apache.catalina.core.AprLifecycleListener.lifecycleEvent Cargada la biblioteca nativa APR de Apache Tomcat [1.2.38] con la versión APR [1.7.4].
05-Nov-2023 11:29:17.287 INFORMACIÓN [main] org.apache.catalina.core.AprLifecycleListener.lifecycleEvent Capacidades APR: IPv6 [true], enviar fichero [true], aceptar filtros [false], aleatorio [true], UDS [true].
05-Nov-2023 11:29:17.287 INFORMACIÓN [main] org.apache.catalina.core.AprLifecycleListener.lifecycleEvent APR/OpenSSL configuration: useAprConnector [false], useOpenSSL [true]
05-Nov-2023 11:29:17.295 INFORMACIÓN [main] org.apache.catalina.core.AprLifecycleListener.initializeSSL OpenSSL inicializado correctamente [OpenSSL 1.1.1v  1 Aug 2023]
05-Nov-2023 11:29:17.668 INFORMACIÓN [main] org.apache.coyote.AbstractProtocol.init Inicializando el manejador de protocolo ["http-nio-8080"]

05-Nov-2023 11:29:17.711 INFORMACIÓN [main] org.apache.catalina.startup.Catalina.load Server initialization in [794] milliseconds
05-Nov-2023 11:29:17.851 INFORMACIÓN [main] org.apache.catalina.core.StandardService.startInternal Arrancando servicio [Catalina]
05-Nov-2023 11:29:17.851 INFORMACIÓN [main] org.apache.catalina.core.StandardEngine.startInternal Starting Servlet engine: [Apache Tomcat/9.0.80]
05-Nov-2023 11:29:17.869 INFORMACIÓN [main] org.apache.catalina.startup.HostConfig.deployDirectory Desplegando el directorio [C:\Users\Usuario\Desktop\UNIVERSIDAD\4 CURSO\SEGUNDO CUATRIMESTRE\TFG\apache-tomcat-9.0.80\webapps\docs] de la aplicación web
05-Nov-2023 11:29:18.247 INFORMACIÓN [main] org.apache.catalina.startup.HostConfig.deployDirectory Deployment of web application directory [C:\Users\Usuario\Desktop\UNIVERSIDAD\4 CURSO\SEGUNDO CUATRIMESTRE\TFG\apache-tomcat-9.0.80\webapps\docs] has finished in [376] ms
05-Nov-2023 11:29:18.248 INFORMACIÓN [main] org.apache.catalina.startup.HostConfig.deployDirectory Desplegando el directorio [C:\Users\Usuario\Desktop\UNIVERSIDAD\4 CURSO\SEGUNDO CUATRIMESTRE\TFG\apache-tomcat-9.0.80\webapps\examples] de la aplicación web
05-Nov-2023 11:29:18.947 INFORMACIÓN [main] org.apache.catalina.startup.HostConfig.deployDirectory Deployment of web application directory [C:\Users\Usuario\Desktop\UNIVERSIDAD\4 CURSO\SEGUNDO CUATRIMESTRE\TFG\apache-tomcat-9.0.80\webapps\examples] has finished in [700] ms
05-Nov-2023 11:29:18.948 INFORMACIÓN [main] org.apache.catalina.startup.HostConfig.deployDirectory Desplegando el directorio [C:\Users\Usuario\Desktop\UNIVERSIDAD\4 CURSO\SEGUNDO CUATRIMESTRE\TFG\apache-tomcat-9.0.80\webapps\gestoracademico] de la aplicación web
05-Nov-2023 11:29:19.777 ADVERTENCIA [main] java.util.ArrayList.forEach Name = gestoracademico Property maxActive is not used in DBCP2, use maxTotal instead. maxTotal default value is 8. You have set value of "8" for "maxActive" property, which is being ignored.
05-Nov-2023 11:29:19.888 INFORMACIÓN [main] org.apache.jasper.servlet.TldScanner.scanJars Al menos un JAR, que se ha explorado buscando TLDs, aún no contenía TLDs. Activar historial de depuración para este historiador para una completa lista de los JARs que fueron explorados y de los que nos se halló TLDs. Saltarse JARs no necesarios durante la exploración puede dar lugar a una mejora de tiempo significativa en el arranque y compilación de JSP .
05-Nov-2023 11:29:19.924 INFORMACIÓN [main] org.apache.catalina.startup.HostConfig.deployDirectory Deployment of web application directory [C:\Users\Usuario\Desktop\UNIVERSIDAD\4 CURSO\SEGUNDO CUATRIMESTRE\TFG\apache-tomcat-9.0.80\webapps\gestoracademico] has finished in [976] ms
05-Nov-2023 11:29:19.924 INFORMACIÓN [main] org.apache.catalina.startup.HostConfig.deployDirectory Desplegando el directorio [C:\Users\Usuario\Desktop\UNIVERSIDAD\4 CURSO\SEGUNDO CUATRIMESTRE\TFG\apache-tomcat-9.0.80\webapps\host-manager] de la aplicación web
05-Nov-2023 11:29:19.997 INFORMACIÓN [main] org.apache.catalina.startup.HostConfig.deployDirectory Deployment of web application directory [C:\Users\Usuario\Desktop\UNIVERSIDAD\4 CURSO\SEGUNDO CUATRIMESTRE\TFG\apache-tomcat-9.0.80\webapps\host-manager] has finished in [72] ms
05-Nov-2023 11:29:19.998 INFORMACIÓN [main] org.apache.catalina.startup.HostConfig.deployDirectory Desplegando el directorio [C:\Users\Usuario\Desktop\UNIVERSIDAD\4 CURSO\SEGUNDO CUATRIMESTRE\TFG\apache-tomcat-9.0.80\webapps\manager] de la aplicación web
05-Nov-2023 11:29:20.102 INFORMACIÓN [main] org.apache.catalina.startup.HostConfig.deployDirectory Deployment of web application directory [C:\Users\Usuario\Desktop\UNIVERSIDAD\4 CURSO\SEGUNDO CUATRIMESTRE\TFG\apache-tomcat-9.0.80\webapps\manager] has finished in [104] ms
05-Nov-2023 11:29:20.102 INFORMACIÓN [main] org.apache.catalina.startup.HostConfig.deployDirectory Desplegando el directorio [C:\Users\Usuario\Desktop\UNIVERSIDAD\4 CURSO\SEGUNDO CUATRIMESTRE\TFG\apache-tomcat-9.0.80\webapps\ROOT] de la aplicación web
05-Nov-2023 11:29:20.146 INFORMACIÓN [main] org.apache.catalina.startup.HostConfig.deployDirectory Deployment of web application directory [C:\Users\Usuario\Desktop\UNIVERSIDAD\4 CURSO\SEGUNDO CUATRIMESTRE\TFG\apache-tomcat-9.0.80\webapps\ROOT] has finished in [44] ms
05-Nov-2023 11:29:20.153 INFORMACIÓN [main] org.apache.coyote.AbstractProtocol.start Starting ProtocolHandler ["http-nio-8080"]
05-Nov-2023 11:29:20.217 INFORMACIÓN [main] org.apache.catalina.startup.Catalina.start Server startup in [2505] milliseconds
05-Nov-2023 11:31:58.811 INFORMACIÓN [main] org.apache.catalina.core.StandardServer.await Se ha recibido un comando de apagado a través del puerto de apagado. Parando la instancia del Servidor.
05-Nov-2023 11:31:58.812 INFORMACIÓN [main] org.apache.coyote.AbstractProtocol.pause Pausing ProtocolHandler ["http-nio-8080"]
05-Nov-2023 11:31:58.824 INFORMACIÓN [main] org.apache.catalina.core.StandardService.stopInternal Parando servicio [Catalina]
05-Nov-2023 11:31:58.834 ADVERTENCIA [main] org.apache.catalina.loader.WebappClassLoaderBase.clearReferencesObjectStreamClassCaches When running on Java 9 or later you need to add "--add-opens=java.base/java.io=ALL-UNNAMED" to the JVM command line arguments to enable ObjectStream cache memory leak protection. Alternatively, you can suppress this warning by disabling ObjectStream class cache memory leak protection.
05-Nov-2023 11:31:58.835 ADVERTENCIA [main] org.apache.catalina.loader.WebappClassLoaderBase.checkThreadLocalsForLeaks When running on Java 9 or later you need to add "--add-opens=java.base/java.lang=ALL-UNNAMED" to the JVM command line arguments to enable ThreadLocal memory leak detection. Alternatively, you can suppress this warning by disabling ThreadLocal memory leak detection.
05-Nov-2023 11:31:58.837 ADVERTENCIA [main] org.apache.catalina.loader.WebappClassLoaderBase.clearReferencesRmiTargets When running on Java 9 or later you need to add "--add-opens=java.rmi/sun.rmi.transport=ALL-UNNAMED" to the JVM command line arguments to enable RMI Target memory leak detection. Alternatively, you can suppress this warning by disabling RMI Target memory leak detection.
05-Nov-2023 11:31:58.847 ADVERTENCIA [main] org.apache.catalina.loader.WebappClassLoaderBase.clearReferencesObjectStreamClassCaches When running on Java 9 or later you need to add "--add-opens=java.base/java.io=ALL-UNNAMED" to the JVM command line arguments to enable ObjectStream cache memory leak protection. Alternatively, you can suppress this warning by disabling ObjectStream class cache memory leak protection.
05-Nov-2023 11:31:58.847 ADVERTENCIA [main] org.apache.catalina.loader.WebappClassLoaderBase.checkThreadLocalsForLeaks When running on Java 9 or later you need to add "--add-opens=java.base/java.lang=ALL-UNNAMED" to the JVM command line arguments to enable ThreadLocal memory leak detection. Alternatively, you can suppress this warning by disabling ThreadLocal memory leak detection.
05-Nov-2023 11:31:58.847 ADVERTENCIA [main] org.apache.catalina.loader.WebappClassLoaderBase.clearReferencesRmiTargets When running on Java 9 or later you need to add "--add-opens=java.rmi/sun.rmi.transport=ALL-UNNAMED" to the JVM command line arguments to enable RMI Target memory leak detection. Alternatively, you can suppress this warning by disabling RMI Target memory leak detection.
05-Nov-2023 11:31:58.858 ADVERTENCIA [main] org.apache.catalina.loader.WebappClassLoaderBase.clearReferencesObjectStreamClassCaches When running on Java 9 or later you need to add "--add-opens=java.base/java.io=ALL-UNNAMED" to the JVM command line arguments to enable ObjectStream cache memory leak protection. Alternatively, you can suppress this warning by disabling ObjectStream class cache memory leak protection.
05-Nov-2023 11:31:58.859 ADVERTENCIA [main] org.apache.catalina.loader.WebappClassLoaderBase.checkThreadLocalsForLeaks When running on Java 9 or later you need to add "--add-opens=java.base/java.lang=ALL-UNNAMED" to the JVM command line arguments to enable ThreadLocal memory leak detection. Alternatively, you can suppress this warning by disabling ThreadLocal memory leak detection.
05-Nov-2023 11:31:58.859 ADVERTENCIA [main] org.apache.catalina.loader.WebappClassLoaderBase.clearReferencesRmiTargets When running on Java 9 or later you need to add "--add-opens=java.rmi/sun.rmi.transport=ALL-UNNAMED" to the JVM command line arguments to enable RMI Target memory leak detection. Alternatively, you can suppress this warning by disabling RMI Target memory leak detection.
05-Nov-2023 11:31:58.875 ADVERTENCIA [main] org.apache.catalina.loader.WebappClassLoaderBase.clearReferencesJdbc La aplicación web [gestoracademico] registró el conductor JDBC [com.mysql.cj.jdbc.Driver] pero falló al anular el registro mientras la aplicación web estaba parada. Para prevenir un fallo de memoria, se ha anulado el registro del conductor JDBC por la fuerza.
05-Nov-2023 11:31:58.875 ADVERTENCIA [main] org.apache.catalina.loader.WebappClassLoaderBase.clearReferencesThreads The web application [gestoracademico] appears to have started a thread named [mysql-cj-abandoned-connection-cleanup] but has failed to stop it. This is very likely to create a memory leak. Stack trace of thread:
 java.base@17.0.8.1/java.lang.Object.wait(Native Method)
 java.base@17.0.8.1/java.lang.ref.ReferenceQueue.remove(ReferenceQueue.java:155)
 com.mysql.cj.jdbc.AbandonedConnectionCleanupThread.run(AbandonedConnectionCleanupThread.java:91)
 java.base@17.0.8.1/java.util.concurrent.ThreadPoolExecutor.runWorker(ThreadPoolExecutor.java:1136)
 java.base@17.0.8.1/java.util.concurrent.ThreadPoolExecutor$Worker.run(ThreadPoolExecutor.java:635)
 java.base@17.0.8.1/java.lang.Thread.run(Thread.java:833)
05-Nov-2023 11:31:58.876 ADVERTENCIA [main] org.apache.catalina.loader.WebappClassLoaderBase.clearReferencesObjectStreamClassCaches When running on Java 9 or later you need to add "--add-opens=java.base/java.io=ALL-UNNAMED" to the JVM command line arguments to enable ObjectStream cache memory leak protection. Alternatively, you can suppress this warning by disabling ObjectStream class cache memory leak protection.
05-Nov-2023 11:31:58.876 ADVERTENCIA [main] org.apache.catalina.loader.WebappClassLoaderBase.checkThreadLocalsForLeaks When running on Java 9 or later you need to add "--add-opens=java.base/java.lang=ALL-UNNAMED" to the JVM command line arguments to enable ThreadLocal memory leak detection. Alternatively, you can suppress this warning by disabling ThreadLocal memory leak detection.
05-Nov-2023 11:31:58.876 ADVERTENCIA [main] org.apache.catalina.loader.WebappClassLoaderBase.clearReferencesRmiTargets When running on Java 9 or later you need to add "--add-opens=java.rmi/sun.rmi.transport=ALL-UNNAMED" to the JVM command line arguments to enable RMI Target memory leak detection. Alternatively, you can suppress this warning by disabling RMI Target memory leak detection.
05-Nov-2023 11:31:58.879 ADVERTENCIA [main] org.apache.catalina.loader.WebappClassLoaderBase.clearReferencesObjectStreamClassCaches When running on Java 9 or later you need to add "--add-opens=java.base/java.io=ALL-UNNAMED" to the JVM command line arguments to enable ObjectStream cache memory leak protection. Alternatively, you can suppress this warning by disabling ObjectStream class cache memory leak protection.
05-Nov-2023 11:31:58.879 ADVERTENCIA [main] org.apache.catalina.loader.WebappClassLoaderBase.checkThreadLocalsForLeaks When running on Java 9 or later you need to add "--add-opens=java.base/java.lang=ALL-UNNAMED" to the JVM command line arguments to enable ThreadLocal memory leak detection. Alternatively, you can suppress this warning by disabling ThreadLocal memory leak detection.
05-Nov-2023 11:31:58.879 ADVERTENCIA [main] org.apache.catalina.loader.WebappClassLoaderBase.clearReferencesRmiTargets When running on Java 9 or later you need to add "--add-opens=java.rmi/sun.rmi.transport=ALL-UNNAMED" to the JVM command line arguments to enable RMI Target memory leak detection. Alternatively, you can suppress this warning by disabling RMI Target memory leak detection.
05-Nov-2023 11:31:58.882 ADVERTENCIA [main] org.apache.catalina.loader.WebappClassLoaderBase.clearReferencesObjectStreamClassCaches When running on Java 9 or later you need to add "--add-opens=java.base/java.io=ALL-UNNAMED" to the JVM command line arguments to enable ObjectStream cache memory leak protection. Alternatively, you can suppress this warning by disabling ObjectStream class cache memory leak protection.
05-Nov-2023 11:31:58.882 ADVERTENCIA [main] org.apache.catalina.loader.WebappClassLoaderBase.checkThreadLocalsForLeaks When running on Java 9 or later you need to add "--add-opens=java.base/java.lang=ALL-UNNAMED" to the JVM command line arguments to enable ThreadLocal memory leak detection. Alternatively, you can suppress this warning by disabling ThreadLocal memory leak detection.
05-Nov-2023 11:31:58.883 ADVERTENCIA [main] org.apache.catalina.loader.WebappClassLoaderBase.clearReferencesRmiTargets When running on Java 9 or later you need to add "--add-opens=java.rmi/sun.rmi.transport=ALL-UNNAMED" to the JVM command line arguments to enable RMI Target memory leak detection. Alternatively, you can suppress this warning by disabling RMI Target memory leak detection.
05-Nov-2023 11:31:58.883 INFORMACIÓN [main] org.apache.coyote.AbstractProtocol.stop Stopping ProtocolHandler ["http-nio-8080"]
05-Nov-2023 11:31:58.893 INFORMACIÓN [main] org.apache.coyote.AbstractProtocol.destroy Destroying ProtocolHandler ["http-nio-8080"]
05-Nov-2023 11:34:11.009 INFORMACIÓN [main] org.apache.catalina.startup.VersionLoggerListener.log Nombre de la versión del servidor: Apache Tomcat/9.0.80
05-Nov-2023 11:34:11.012 INFORMACIÓN [main] org.apache.catalina.startup.VersionLoggerListener.log Server built:                      Aug 23 2023 21:59:38 UTC
05-Nov-2023 11:34:11.012 INFORMACIÓN [main] org.apache.catalina.startup.VersionLoggerListener.log Número de versión de servidor:     9.0.80.0
05-Nov-2023 11:34:11.012 INFORMACIÓN [main] org.apache.catalina.startup.VersionLoggerListener.log OS Name:                           Windows 11
05-Nov-2023 11:34:11.013 INFORMACIÓN [main] org.apache.catalina.startup.VersionLoggerListener.log Versión de Systema Operativo:      10.0
05-Nov-2023 11:34:11.013 INFORMACIÓN [main] org.apache.catalina.startup.VersionLoggerListener.log Arquitectura:                      amd64
05-Nov-2023 11:34:11.013 INFORMACIÓN [main] org.apache.catalina.startup.VersionLoggerListener.log Java Home:                         C:\Users\Usuario\AppData\Local\Programs\Eclipse Adoptium\jdk-17.0.8.101-hotspot
05-Nov-2023 11:34:11.014 INFORMACIÓN [main] org.apache.catalina.startup.VersionLoggerListener.log JVM Version:                       17.0.8.1+1
05-Nov-2023 11:34:11.014 INFORMACIÓN [main] org.apache.catalina.startup.VersionLoggerListener.log Vededor JVM:                       Eclipse Adoptium
05-Nov-2023 11:34:11.014 INFORMACIÓN [main] org.apache.catalina.startup.VersionLoggerListener.log CATALINA_BASE:                     C:\Users\Usuario\Desktop\UNIVERSIDAD\4 CURSO\SEGUNDO CUATRIMESTRE\TFG\apache-tomcat-9.0.80
05-Nov-2023 11:34:11.015 INFORMACIÓN [main] org.apache.catalina.startup.VersionLoggerListener.log CATALINA_HOME:                     C:\Users\Usuario\Desktop\UNIVERSIDAD\4 CURSO\SEGUNDO CUATRIMESTRE\TFG\apache-tomcat-9.0.80
05-Nov-2023 11:34:11.031 INFORMACIÓN [main] org.apache.catalina.startup.VersionLoggerListener.log Command line argument:             -Djava.util.logging.config.file=c:\Users\Usuario\Desktop\UNIVERSIDAD\4 CURSO\SEGUNDO CUATRIMESTRE\TFG\apache-tomcat-9.0.80/conf/logging.properties
05-Nov-2023 11:34:11.032 INFORMACIÓN [main] org.apache.catalina.startup.VersionLoggerListener.log Command line argument:             -Djava.util.logging.manager=org.apache.juli.ClassLoaderLogManager
05-Nov-2023 11:34:11.032 INFORMACIÓN [main] org.apache.catalina.startup.VersionLoggerListener.log Command line argument:             -Djdk.tls.ephemeralDHKeySize=2048
05-Nov-2023 11:34:11.032 INFORMACIÓN [main] org.apache.catalina.startup.VersionLoggerListener.log Command line argument:             -Djava.protocol.handler.pkgs=org.apache.catalina.webresources
05-Nov-2023 11:34:11.032 INFORMACIÓN [main] org.apache.catalina.startup.VersionLoggerListener.log Command line argument:             -Dorg.apache.catalina.security.SecurityListener.UMASK=0027
05-Nov-2023 11:34:11.032 INFORMACIÓN [main] org.apache.catalina.startup.VersionLoggerListener.log Command line argument:             -Dcatalina.base=c:\Users\Usuario\Desktop\UNIVERSIDAD\4 CURSO\SEGUNDO CUATRIMESTRE\TFG\apache-tomcat-9.0.80
05-Nov-2023 11:34:11.032 INFORMACIÓN [main] org.apache.catalina.startup.VersionLoggerListener.log Command line argument:             -Dcatalina.home=c:\Users\Usuario\Desktop\UNIVERSIDAD\4 CURSO\SEGUNDO CUATRIMESTRE\TFG\apache-tomcat-9.0.80
05-Nov-2023 11:34:11.033 INFORMACIÓN [main] org.apache.catalina.startup.VersionLoggerListener.log Command line argument:             -Djava.io.tmpdir=c:\Users\Usuario\Desktop\UNIVERSIDAD\4 CURSO\SEGUNDO CUATRIMESTRE\TFG\apache-tomcat-9.0.80/temp
05-Nov-2023 11:34:11.039 INFORMACIÓN [main] org.apache.catalina.core.AprLifecycleListener.lifecycleEvent Cargada la biblioteca nativa APR de Apache Tomcat [1.2.38] con la versión APR [1.7.4].
05-Nov-2023 11:34:11.039 INFORMACIÓN [main] org.apache.catalina.core.AprLifecycleListener.lifecycleEvent Capacidades APR: IPv6 [true], enviar fichero [true], aceptar filtros [false], aleatorio [true], UDS [true].
05-Nov-2023 11:34:11.039 INFORMACIÓN [main] org.apache.catalina.core.AprLifecycleListener.lifecycleEvent APR/OpenSSL configuration: useAprConnector [false], useOpenSSL [true]
05-Nov-2023 11:34:11.049 INFORMACIÓN [main] org.apache.catalina.core.AprLifecycleListener.initializeSSL OpenSSL inicializado correctamente [OpenSSL 1.1.1v  1 Aug 2023]
05-Nov-2023 11:34:11.410 INFORMACIÓN [main] org.apache.coyote.AbstractProtocol.init Inicializando el manejador de protocolo ["http-nio-8080"]

05-Nov-2023 11:34:11.441 INFORMACIÓN [main] org.apache.catalina.startup.Catalina.load Server initialization in [701] milliseconds
05-Nov-2023 11:34:11.502 INFORMACIÓN [main] org.apache.catalina.core.StandardService.startInternal Arrancando servicio [Catalina]
05-Nov-2023 11:34:11.502 INFORMACIÓN [main] org.apache.catalina.core.StandardEngine.startInternal Starting Servlet engine: [Apache Tomcat/9.0.80]
05-Nov-2023 11:34:11.515 INFORMACIÓN [main] org.apache.catalina.startup.HostConfig.deployDirectory Desplegando el directorio [C:\Users\Usuario\Desktop\UNIVERSIDAD\4 CURSO\SEGUNDO CUATRIMESTRE\TFG\apache-tomcat-9.0.80\webapps\docs] de la aplicación web
05-Nov-2023 11:34:11.949 INFORMACIÓN [main] org.apache.catalina.startup.HostConfig.deployDirectory Deployment of web application directory [C:\Users\Usuario\Desktop\UNIVERSIDAD\4 CURSO\SEGUNDO CUATRIMESTRE\TFG\apache-tomcat-9.0.80\webapps\docs] has finished in [433] ms
05-Nov-2023 11:34:11.950 INFORMACIÓN [main] org.apache.catalina.startup.HostConfig.deployDirectory Desplegando el directorio [C:\Users\Usuario\Desktop\UNIVERSIDAD\4 CURSO\SEGUNDO CUATRIMESTRE\TFG\apache-tomcat-9.0.80\webapps\examples] de la aplicación web
05-Nov-2023 11:34:12.736 INFORMACIÓN [main] org.apache.catalina.startup.HostConfig.deployDirectory Deployment of web application directory [C:\Users\Usuario\Desktop\UNIVERSIDAD\4 CURSO\SEGUNDO CUATRIMESTRE\TFG\apache-tomcat-9.0.80\webapps\examples] has finished in [785] ms
05-Nov-2023 11:34:12.737 INFORMACIÓN [main] org.apache.catalina.startup.HostConfig.deployDirectory Desplegando el directorio [C:\Users\Usuario\Desktop\UNIVERSIDAD\4 CURSO\SEGUNDO CUATRIMESTRE\TFG\apache-tomcat-9.0.80\webapps\gestoracademico] de la aplicación web
05-Nov-2023 11:34:13.617 ADVERTENCIA [main] java.util.ArrayList.forEach Name = gestoracademico Property maxActive is not used in DBCP2, use maxTotal instead. maxTotal default value is 8. You have set value of "8" for "maxActive" property, which is being ignored.
05-Nov-2023 11:34:13.735 INFORMACIÓN [main] org.apache.jasper.servlet.TldScanner.scanJars Al menos un JAR, que se ha explorado buscando TLDs, aún no contenía TLDs. Activar historial de depuración para este historiador para una completa lista de los JARs que fueron explorados y de los que nos se halló TLDs. Saltarse JARs no necesarios durante la exploración puede dar lugar a una mejora de tiempo significativa en el arranque y compilación de JSP .
05-Nov-2023 11:34:13.762 INFORMACIÓN [main] org.apache.catalina.startup.HostConfig.deployDirectory Deployment of web application directory [C:\Users\Usuario\Desktop\UNIVERSIDAD\4 CURSO\SEGUNDO CUATRIMESTRE\TFG\apache-tomcat-9.0.80\webapps\gestoracademico] has finished in [1.026] ms
05-Nov-2023 11:34:13.762 INFORMACIÓN [main] org.apache.catalina.startup.HostConfig.deployDirectory Desplegando el directorio [C:\Users\Usuario\Desktop\UNIVERSIDAD\4 CURSO\SEGUNDO CUATRIMESTRE\TFG\apache-tomcat-9.0.80\webapps\host-manager] de la aplicación web
05-Nov-2023 11:34:13.828 INFORMACIÓN [main] org.apache.catalina.startup.HostConfig.deployDirectory Deployment of web application directory [C:\Users\Usuario\Desktop\UNIVERSIDAD\4 CURSO\SEGUNDO CUATRIMESTRE\TFG\apache-tomcat-9.0.80\webapps\host-manager] has finished in [66] ms
05-Nov-2023 11:34:13.829 INFORMACIÓN [main] org.apache.catalina.startup.HostConfig.deployDirectory Desplegando el directorio [C:\Users\Usuario\Desktop\UNIVERSIDAD\4 CURSO\SEGUNDO CUATRIMESTRE\TFG\apache-tomcat-9.0.80\webapps\manager] de la aplicación web
05-Nov-2023 11:34:13.912 INFORMACIÓN [main] org.apache.catalina.startup.HostConfig.deployDirectory Deployment of web application directory [C:\Users\Usuario\Desktop\UNIVERSIDAD\4 CURSO\SEGUNDO CUATRIMESTRE\TFG\apache-tomcat-9.0.80\webapps\manager] has finished in [84] ms
05-Nov-2023 11:34:13.913 INFORMACIÓN [main] org.apache.catalina.startup.HostConfig.deployDirectory Desplegando el directorio [C:\Users\Usuario\Desktop\UNIVERSIDAD\4 CURSO\SEGUNDO CUATRIMESTRE\TFG\apache-tomcat-9.0.80\webapps\ROOT] de la aplicación web
05-Nov-2023 11:34:13.957 INFORMACIÓN [main] org.apache.catalina.startup.HostConfig.deployDirectory Deployment of web application directory [C:\Users\Usuario\Desktop\UNIVERSIDAD\4 CURSO\SEGUNDO CUATRIMESTRE\TFG\apache-tomcat-9.0.80\webapps\ROOT] has finished in [44] ms
05-Nov-2023 11:34:13.962 INFORMACIÓN [main] org.apache.coyote.AbstractProtocol.start Starting ProtocolHandler ["http-nio-8080"]
05-Nov-2023 11:34:14.062 INFORMACIÓN [main] org.apache.catalina.startup.Catalina.start Server startup in [2621] milliseconds
05-Nov-2023 17:10:38.723 INFORMACIÓN [main] org.apache.catalina.core.StandardServer.await Se ha recibido un comando de apagado a través del puerto de apagado. Parando la instancia del Servidor.
05-Nov-2023 17:10:38.724 INFORMACIÓN [main] org.apache.coyote.AbstractProtocol.pause Pausing ProtocolHandler ["http-nio-8080"]
05-Nov-2023 17:10:38.737 INFORMACIÓN [main] org.apache.catalina.core.StandardService.stopInternal Parando servicio [Catalina]
05-Nov-2023 17:10:38.752 ADVERTENCIA [main] org.apache.catalina.loader.WebappClassLoaderBase.clearReferencesObjectStreamClassCaches When running on Java 9 or later you need to add "--add-opens=java.base/java.io=ALL-UNNAMED" to the JVM command line arguments to enable ObjectStream cache memory leak protection. Alternatively, you can suppress this warning by disabling ObjectStream class cache memory leak protection.
05-Nov-2023 17:10:38.752 ADVERTENCIA [main] org.apache.catalina.loader.WebappClassLoaderBase.checkThreadLocalsForLeaks When running on Java 9 or later you need to add "--add-opens=java.base/java.lang=ALL-UNNAMED" to the JVM command line arguments to enable ThreadLocal memory leak detection. Alternatively, you can suppress this warning by disabling ThreadLocal memory leak detection.
05-Nov-2023 17:10:38.755 ADVERTENCIA [main] org.apache.catalina.loader.WebappClassLoaderBase.clearReferencesRmiTargets When running on Java 9 or later you need to add "--add-opens=java.rmi/sun.rmi.transport=ALL-UNNAMED" to the JVM command line arguments to enable RMI Target memory leak detection. Alternatively, you can suppress this warning by disabling RMI Target memory leak detection.
05-Nov-2023 17:10:38.978 ADVERTENCIA [main] org.apache.catalina.loader.WebappClassLoaderBase.clearReferencesObjectStreamClassCaches When running on Java 9 or later you need to add "--add-opens=java.base/java.io=ALL-UNNAMED" to the JVM command line arguments to enable ObjectStream cache memory leak protection. Alternatively, you can suppress this warning by disabling ObjectStream class cache memory leak protection.
05-Nov-2023 17:10:38.979 ADVERTENCIA [main] org.apache.catalina.loader.WebappClassLoaderBase.checkThreadLocalsForLeaks When running on Java 9 or later you need to add "--add-opens=java.base/java.lang=ALL-UNNAMED" to the JVM command line arguments to enable ThreadLocal memory leak detection. Alternatively, you can suppress this warning by disabling ThreadLocal memory leak detection.
05-Nov-2023 17:10:38.979 ADVERTENCIA [main] org.apache.catalina.loader.WebappClassLoaderBase.clearReferencesRmiTargets When running on Java 9 or later you need to add "--add-opens=java.rmi/sun.rmi.transport=ALL-UNNAMED" to the JVM command line arguments to enable RMI Target memory leak detection. Alternatively, you can suppress this warning by disabling RMI Target memory leak detection.
05-Nov-2023 17:10:38.985 ADVERTENCIA [main] org.apache.catalina.loader.WebappClassLoaderBase.clearReferencesObjectStreamClassCaches When running on Java 9 or later you need to add "--add-opens=java.base/java.io=ALL-UNNAMED" to the JVM command line arguments to enable ObjectStream cache memory leak protection. Alternatively, you can suppress this warning by disabling ObjectStream class cache memory leak protection.
05-Nov-2023 17:10:38.985 ADVERTENCIA [main] org.apache.catalina.loader.WebappClassLoaderBase.checkThreadLocalsForLeaks When running on Java 9 or later you need to add "--add-opens=java.base/java.lang=ALL-UNNAMED" to the JVM command line arguments to enable ThreadLocal memory leak detection. Alternatively, you can suppress this warning by disabling ThreadLocal memory leak detection.
05-Nov-2023 17:10:38.987 ADVERTENCIA [main] org.apache.catalina.loader.WebappClassLoaderBase.clearReferencesRmiTargets When running on Java 9 or later you need to add "--add-opens=java.rmi/sun.rmi.transport=ALL-UNNAMED" to the JVM command line arguments to enable RMI Target memory leak detection. Alternatively, you can suppress this warning by disabling RMI Target memory leak detection.
05-Nov-2023 17:10:39.000 ADVERTENCIA [main] org.apache.catalina.loader.WebappClassLoaderBase.clearReferencesJdbc La aplicación web [gestoracademico] registró el conductor JDBC [com.mysql.cj.jdbc.Driver] pero falló al anular el registro mientras la aplicación web estaba parada. Para prevenir un fallo de memoria, se ha anulado el registro del conductor JDBC por la fuerza.
05-Nov-2023 17:10:39.001 ADVERTENCIA [main] org.apache.catalina.loader.WebappClassLoaderBase.clearReferencesThreads The web application [gestoracademico] appears to have started a thread named [mysql-cj-abandoned-connection-cleanup] but has failed to stop it. This is very likely to create a memory leak. Stack trace of thread:
 java.base@17.0.8.1/java.lang.Object.wait(Native Method)
 java.base@17.0.8.1/java.lang.ref.ReferenceQueue.remove(ReferenceQueue.java:155)
 com.mysql.cj.jdbc.AbandonedConnectionCleanupThread.run(AbandonedConnectionCleanupThread.java:91)
 java.base@17.0.8.1/java.util.concurrent.ThreadPoolExecutor.runWorker(ThreadPoolExecutor.java:1136)
 java.base@17.0.8.1/java.util.concurrent.ThreadPoolExecutor$Worker.run(ThreadPoolExecutor.java:635)
 java.base@17.0.8.1/java.lang.Thread.run(Thread.java:833)
05-Nov-2023 17:10:39.002 ADVERTENCIA [main] org.apache.catalina.loader.WebappClassLoaderBase.clearReferencesObjectStreamClassCaches When running on Java 9 or later you need to add "--add-opens=java.base/java.io=ALL-UNNAMED" to the JVM command line arguments to enable ObjectStream cache memory leak protection. Alternatively, you can suppress this warning by disabling ObjectStream class cache memory leak protection.
05-Nov-2023 17:10:39.002 ADVERTENCIA [main] org.apache.catalina.loader.WebappClassLoaderBase.checkThreadLocalsForLeaks When running on Java 9 or later you need to add "--add-opens=java.base/java.lang=ALL-UNNAMED" to the JVM command line arguments to enable ThreadLocal memory leak detection. Alternatively, you can suppress this warning by disabling ThreadLocal memory leak detection.
05-Nov-2023 17:10:39.002 ADVERTENCIA [main] org.apache.catalina.loader.WebappClassLoaderBase.clearReferencesRmiTargets When running on Java 9 or later you need to add "--add-opens=java.rmi/sun.rmi.transport=ALL-UNNAMED" to the JVM command line arguments to enable RMI Target memory leak detection. Alternatively, you can suppress this warning by disabling RMI Target memory leak detection.
05-Nov-2023 17:10:39.006 ADVERTENCIA [main] org.apache.catalina.loader.WebappClassLoaderBase.clearReferencesObjectStreamClassCaches When running on Java 9 or later you need to add "--add-opens=java.base/java.io=ALL-UNNAMED" to the JVM command line arguments to enable ObjectStream cache memory leak protection. Alternatively, you can suppress this warning by disabling ObjectStream class cache memory leak protection.
05-Nov-2023 17:10:39.006 ADVERTENCIA [main] org.apache.catalina.loader.WebappClassLoaderBase.checkThreadLocalsForLeaks When running on Java 9 or later you need to add "--add-opens=java.base/java.lang=ALL-UNNAMED" to the JVM command line arguments to enable ThreadLocal memory leak detection. Alternatively, you can suppress this warning by disabling ThreadLocal memory leak detection.
05-Nov-2023 17:10:39.006 ADVERTENCIA [main] org.apache.catalina.loader.WebappClassLoaderBase.clearReferencesRmiTargets When running on Java 9 or later you need to add "--add-opens=java.rmi/sun.rmi.transport=ALL-UNNAMED" to the JVM command line arguments to enable RMI Target memory leak detection. Alternatively, you can suppress this warning by disabling RMI Target memory leak detection.
05-Nov-2023 17:10:39.009 ADVERTENCIA [main] org.apache.catalina.loader.WebappClassLoaderBase.clearReferencesObjectStreamClassCaches When running on Java 9 or later you need to add "--add-opens=java.base/java.io=ALL-UNNAMED" to the JVM command line arguments to enable ObjectStream cache memory leak protection. Alternatively, you can suppress this warning by disabling ObjectStream class cache memory leak protection.
05-Nov-2023 17:10:39.009 ADVERTENCIA [main] org.apache.catalina.loader.WebappClassLoaderBase.checkThreadLocalsForLeaks When running on Java 9 or later you need to add "--add-opens=java.base/java.lang=ALL-UNNAMED" to the JVM command line arguments to enable ThreadLocal memory leak detection. Alternatively, you can suppress this warning by disabling ThreadLocal memory leak detection.
05-Nov-2023 17:10:39.009 ADVERTENCIA [main] org.apache.catalina.loader.WebappClassLoaderBase.clearReferencesRmiTargets When running on Java 9 or later you need to add "--add-opens=java.rmi/sun.rmi.transport=ALL-UNNAMED" to the JVM command line arguments to enable RMI Target memory leak detection. Alternatively, you can suppress this warning by disabling RMI Target memory leak detection.
05-Nov-2023 17:10:39.009 INFORMACIÓN [main] org.apache.coyote.AbstractProtocol.stop Stopping ProtocolHandler ["http-nio-8080"]
05-Nov-2023 17:10:39.021 INFORMACIÓN [main] org.apache.coyote.AbstractProtocol.destroy Destroying ProtocolHandler ["http-nio-8080"]
05-Nov-2023 17:10:42.222 INFORMACIÓN [main] org.apache.catalina.startup.VersionLoggerListener.log Nombre de la versión del servidor: Apache Tomcat/9.0.80
05-Nov-2023 17:10:42.227 INFORMACIÓN [main] org.apache.catalina.startup.VersionLoggerListener.log Server built:                      Aug 23 2023 21:59:38 UTC
05-Nov-2023 17:10:42.228 INFORMACIÓN [main] org.apache.catalina.startup.VersionLoggerListener.log Número de versión de servidor:     9.0.80.0
05-Nov-2023 17:10:42.228 INFORMACIÓN [main] org.apache.catalina.startup.VersionLoggerListener.log OS Name:                           Windows 11
05-Nov-2023 17:10:42.229 INFORMACIÓN [main] org.apache.catalina.startup.VersionLoggerListener.log Versión de Systema Operativo:      10.0
05-Nov-2023 17:10:42.229 INFORMACIÓN [main] org.apache.catalina.startup.VersionLoggerListener.log Arquitectura:                      amd64
05-Nov-2023 17:10:42.229 INFORMACIÓN [main] org.apache.catalina.startup.VersionLoggerListener.log Java Home:                         C:\Users\Usuario\AppData\Local\Programs\Eclipse Adoptium\jdk-17.0.8.101-hotspot
05-Nov-2023 17:10:42.229 INFORMACIÓN [main] org.apache.catalina.startup.VersionLoggerListener.log JVM Version:                       17.0.8.1+1
05-Nov-2023 17:10:42.230 INFORMACIÓN [main] org.apache.catalina.startup.VersionLoggerListener.log Vededor JVM:                       Eclipse Adoptium
05-Nov-2023 17:10:42.230 INFORMACIÓN [main] org.apache.catalina.startup.VersionLoggerListener.log CATALINA_BASE:                     C:\Users\Usuario\Desktop\UNIVERSIDAD\4 CURSO\SEGUNDO CUATRIMESTRE\TFG\apache-tomcat-9.0.80
05-Nov-2023 17:10:42.230 INFORMACIÓN [main] org.apache.catalina.startup.VersionLoggerListener.log CATALINA_HOME:                     C:\Users\Usuario\Desktop\UNIVERSIDAD\4 CURSO\SEGUNDO CUATRIMESTRE\TFG\apache-tomcat-9.0.80
05-Nov-2023 17:10:42.255 INFORMACIÓN [main] org.apache.catalina.startup.VersionLoggerListener.log Command line argument:             -Djava.util.logging.config.file=c:\Users\Usuario\Desktop\UNIVERSIDAD\4 CURSO\SEGUNDO CUATRIMESTRE\TFG\apache-tomcat-9.0.80/conf/logging.properties
05-Nov-2023 17:10:42.255 INFORMACIÓN [main] org.apache.catalina.startup.VersionLoggerListener.log Command line argument:             -Djava.util.logging.manager=org.apache.juli.ClassLoaderLogManager
05-Nov-2023 17:10:42.256 INFORMACIÓN [main] org.apache.catalina.startup.VersionLoggerListener.log Command line argument:             -Djdk.tls.ephemeralDHKeySize=2048
05-Nov-2023 17:10:42.256 INFORMACIÓN [main] org.apache.catalina.startup.VersionLoggerListener.log Command line argument:             -Djava.protocol.handler.pkgs=org.apache.catalina.webresources
05-Nov-2023 17:10:42.256 INFORMACIÓN [main] org.apache.catalina.startup.VersionLoggerListener.log Command line argument:             -Dorg.apache.catalina.security.SecurityListener.UMASK=0027
05-Nov-2023 17:10:42.256 INFORMACIÓN [main] org.apache.catalina.startup.VersionLoggerListener.log Command line argument:             -Dcatalina.base=c:\Users\Usuario\Desktop\UNIVERSIDAD\4 CURSO\SEGUNDO CUATRIMESTRE\TFG\apache-tomcat-9.0.80
05-Nov-2023 17:10:42.256 INFORMACIÓN [main] org.apache.catalina.startup.VersionLoggerListener.log Command line argument:             -Dcatalina.home=c:\Users\Usuario\Desktop\UNIVERSIDAD\4 CURSO\SEGUNDO CUATRIMESTRE\TFG\apache-tomcat-9.0.80
05-Nov-2023 17:10:42.256 INFORMACIÓN [main] org.apache.catalina.startup.VersionLoggerListener.log Command line argument:             -Djava.io.tmpdir=c:\Users\Usuario\Desktop\UNIVERSIDAD\4 CURSO\SEGUNDO CUATRIMESTRE\TFG\apache-tomcat-9.0.80/temp
05-Nov-2023 17:10:42.263 INFORMACIÓN [main] org.apache.catalina.core.AprLifecycleListener.lifecycleEvent Cargada la biblioteca nativa APR de Apache Tomcat [1.2.38] con la versión APR [1.7.4].
05-Nov-2023 17:10:42.263 INFORMACIÓN [main] org.apache.catalina.core.AprLifecycleListener.lifecycleEvent Capacidades APR: IPv6 [true], enviar fichero [true], aceptar filtros [false], aleatorio [true], UDS [true].
05-Nov-2023 17:10:42.263 INFORMACIÓN [main] org.apache.catalina.core.AprLifecycleListener.lifecycleEvent APR/OpenSSL configuration: useAprConnector [false], useOpenSSL [true]
05-Nov-2023 17:10:42.271 INFORMACIÓN [main] org.apache.catalina.core.AprLifecycleListener.initializeSSL OpenSSL inicializado correctamente [OpenSSL 1.1.1v  1 Aug 2023]
05-Nov-2023 17:10:42.584 INFORMACIÓN [main] org.apache.coyote.AbstractProtocol.init Inicializando el manejador de protocolo ["http-nio-8080"]

05-Nov-2023 17:10:42.617 INFORMACIÓN [main] org.apache.catalina.startup.Catalina.load Server initialization in [625] milliseconds
05-Nov-2023 17:10:42.678 INFORMACIÓN [main] org.apache.catalina.core.StandardService.startInternal Arrancando servicio [Catalina]
05-Nov-2023 17:10:42.679 INFORMACIÓN [main] org.apache.catalina.core.StandardEngine.startInternal Starting Servlet engine: [Apache Tomcat/9.0.80]
05-Nov-2023 17:10:42.694 INFORMACIÓN [main] org.apache.catalina.startup.HostConfig.deployDirectory Desplegando el directorio [C:\Users\Usuario\Desktop\UNIVERSIDAD\4 CURSO\SEGUNDO CUATRIMESTRE\TFG\apache-tomcat-9.0.80\webapps\docs] de la aplicación web
05-Nov-2023 17:10:43.083 INFORMACIÓN [main] org.apache.catalina.startup.HostConfig.deployDirectory Deployment of web application directory [C:\Users\Usuario\Desktop\UNIVERSIDAD\4 CURSO\SEGUNDO CUATRIMESTRE\TFG\apache-tomcat-9.0.80\webapps\docs] has finished in [387] ms
05-Nov-2023 17:10:43.084 INFORMACIÓN [main] org.apache.catalina.startup.HostConfig.deployDirectory Desplegando el directorio [C:\Users\Usuario\Desktop\UNIVERSIDAD\4 CURSO\SEGUNDO CUATRIMESTRE\TFG\apache-tomcat-9.0.80\webapps\examples] de la aplicación web
05-Nov-2023 17:10:44.121 INFORMACIÓN [main] org.apache.catalina.startup.HostConfig.deployDirectory Deployment of web application directory [C:\Users\Usuario\Desktop\UNIVERSIDAD\4 CURSO\SEGUNDO CUATRIMESTRE\TFG\apache-tomcat-9.0.80\webapps\examples] has finished in [1.037] ms
05-Nov-2023 17:10:44.121 INFORMACIÓN [main] org.apache.catalina.startup.HostConfig.deployDirectory Desplegando el directorio [C:\Users\Usuario\Desktop\UNIVERSIDAD\4 CURSO\SEGUNDO CUATRIMESTRE\TFG\apache-tomcat-9.0.80\webapps\gestoracademico] de la aplicación web
05-Nov-2023 17:10:44.985 ADVERTENCIA [main] java.util.ArrayList.forEach Name = gestoracademico Property maxActive is not used in DBCP2, use maxTotal instead. maxTotal default value is 8. You have set value of "8" for "maxActive" property, which is being ignored.
05-Nov-2023 17:10:45.088 INFORMACIÓN [main] org.apache.jasper.servlet.TldScanner.scanJars Al menos un JAR, que se ha explorado buscando TLDs, aún no contenía TLDs. Activar historial de depuración para este historiador para una completa lista de los JARs que fueron explorados y de los que nos se halló TLDs. Saltarse JARs no necesarios durante la exploración puede dar lugar a una mejora de tiempo significativa en el arranque y compilación de JSP .
05-Nov-2023 17:10:45.120 INFORMACIÓN [main] org.apache.catalina.startup.HostConfig.deployDirectory Deployment of web application directory [C:\Users\Usuario\Desktop\UNIVERSIDAD\4 CURSO\SEGUNDO CUATRIMESTRE\TFG\apache-tomcat-9.0.80\webapps\gestoracademico] has finished in [999] ms
05-Nov-2023 17:10:45.120 INFORMACIÓN [main] org.apache.catalina.startup.HostConfig.deployDirectory Desplegando el directorio [C:\Users\Usuario\Desktop\UNIVERSIDAD\4 CURSO\SEGUNDO CUATRIMESTRE\TFG\apache-tomcat-9.0.80\webapps\host-manager] de la aplicación web
05-Nov-2023 17:10:45.206 INFORMACIÓN [main] org.apache.catalina.startup.HostConfig.deployDirectory Deployment of web application directory [C:\Users\Usuario\Desktop\UNIVERSIDAD\4 CURSO\SEGUNDO CUATRIMESTRE\TFG\apache-tomcat-9.0.80\webapps\host-manager] has finished in [86] ms
05-Nov-2023 17:10:45.207 INFORMACIÓN [main] org.apache.catalina.startup.HostConfig.deployDirectory Desplegando el directorio [C:\Users\Usuario\Desktop\UNIVERSIDAD\4 CURSO\SEGUNDO CUATRIMESTRE\TFG\apache-tomcat-9.0.80\webapps\manager] de la aplicación web
05-Nov-2023 17:10:45.290 INFORMACIÓN [main] org.apache.catalina.startup.HostConfig.deployDirectory Deployment of web application directory [C:\Users\Usuario\Desktop\UNIVERSIDAD\4 CURSO\SEGUNDO CUATRIMESTRE\TFG\apache-tomcat-9.0.80\webapps\manager] has finished in [82] ms
05-Nov-2023 17:10:45.290 INFORMACIÓN [main] org.apache.catalina.startup.HostConfig.deployDirectory Desplegando el directorio [C:\Users\Usuario\Desktop\UNIVERSIDAD\4 CURSO\SEGUNDO CUATRIMESTRE\TFG\apache-tomcat-9.0.80\webapps\ROOT] de la aplicación web
05-Nov-2023 17:10:45.333 INFORMACIÓN [main] org.apache.catalina.startup.HostConfig.deployDirectory Deployment of web application directory [C:\Users\Usuario\Desktop\UNIVERSIDAD\4 CURSO\SEGUNDO CUATRIMESTRE\TFG\apache-tomcat-9.0.80\webapps\ROOT] has finished in [43] ms
05-Nov-2023 17:10:45.339 INFORMACIÓN [main] org.apache.coyote.AbstractProtocol.start Starting ProtocolHandler ["http-nio-8080"]
05-Nov-2023 17:10:45.407 INFORMACIÓN [main] org.apache.catalina.startup.Catalina.start Server startup in [2789] milliseconds
05-Nov-2023 17:48:19.488 INFORMACIÓN [main] org.apache.catalina.core.StandardServer.await Se ha recibido un comando de apagado a través del puerto de apagado. Parando la instancia del Servidor.
05-Nov-2023 17:48:19.488 INFORMACIÓN [main] org.apache.coyote.AbstractProtocol.pause Pausing ProtocolHandler ["http-nio-8080"]
05-Nov-2023 17:48:19.503 INFORMACIÓN [main] org.apache.catalina.core.StandardService.stopInternal Parando servicio [Catalina]
05-Nov-2023 17:48:19.513 ADVERTENCIA [main] org.apache.catalina.loader.WebappClassLoaderBase.clearReferencesObjectStreamClassCaches When running on Java 9 or later you need to add "--add-opens=java.base/java.io=ALL-UNNAMED" to the JVM command line arguments to enable ObjectStream cache memory leak protection. Alternatively, you can suppress this warning by disabling ObjectStream class cache memory leak protection.
05-Nov-2023 17:48:19.514 ADVERTENCIA [main] org.apache.catalina.loader.WebappClassLoaderBase.checkThreadLocalsForLeaks When running on Java 9 or later you need to add "--add-opens=java.base/java.lang=ALL-UNNAMED" to the JVM command line arguments to enable ThreadLocal memory leak detection. Alternatively, you can suppress this warning by disabling ThreadLocal memory leak detection.
05-Nov-2023 17:48:19.517 ADVERTENCIA [main] org.apache.catalina.loader.WebappClassLoaderBase.clearReferencesRmiTargets When running on Java 9 or later you need to add "--add-opens=java.rmi/sun.rmi.transport=ALL-UNNAMED" to the JVM command line arguments to enable RMI Target memory leak detection. Alternatively, you can suppress this warning by disabling RMI Target memory leak detection.
05-Nov-2023 17:48:19.524 ADVERTENCIA [main] org.apache.catalina.loader.WebappClassLoaderBase.clearReferencesObjectStreamClassCaches When running on Java 9 or later you need to add "--add-opens=java.base/java.io=ALL-UNNAMED" to the JVM command line arguments to enable ObjectStream cache memory leak protection. Alternatively, you can suppress this warning by disabling ObjectStream class cache memory leak protection.
05-Nov-2023 17:48:19.525 ADVERTENCIA [main] org.apache.catalina.loader.WebappClassLoaderBase.checkThreadLocalsForLeaks When running on Java 9 or later you need to add "--add-opens=java.base/java.lang=ALL-UNNAMED" to the JVM command line arguments to enable ThreadLocal memory leak detection. Alternatively, you can suppress this warning by disabling ThreadLocal memory leak detection.
05-Nov-2023 17:48:19.525 ADVERTENCIA [main] org.apache.catalina.loader.WebappClassLoaderBase.clearReferencesRmiTargets When running on Java 9 or later you need to add "--add-opens=java.rmi/sun.rmi.transport=ALL-UNNAMED" to the JVM command line arguments to enable RMI Target memory leak detection. Alternatively, you can suppress this warning by disabling RMI Target memory leak detection.
05-Nov-2023 17:48:19.530 ADVERTENCIA [main] org.apache.catalina.loader.WebappClassLoaderBase.clearReferencesObjectStreamClassCaches When running on Java 9 or later you need to add "--add-opens=java.base/java.io=ALL-UNNAMED" to the JVM command line arguments to enable ObjectStream cache memory leak protection. Alternatively, you can suppress this warning by disabling ObjectStream class cache memory leak protection.
05-Nov-2023 17:48:19.531 ADVERTENCIA [main] org.apache.catalina.loader.WebappClassLoaderBase.checkThreadLocalsForLeaks When running on Java 9 or later you need to add "--add-opens=java.base/java.lang=ALL-UNNAMED" to the JVM command line arguments to enable ThreadLocal memory leak detection. Alternatively, you can suppress this warning by disabling ThreadLocal memory leak detection.
05-Nov-2023 17:48:19.532 ADVERTENCIA [main] org.apache.catalina.loader.WebappClassLoaderBase.clearReferencesRmiTargets When running on Java 9 or later you need to add "--add-opens=java.rmi/sun.rmi.transport=ALL-UNNAMED" to the JVM command line arguments to enable RMI Target memory leak detection. Alternatively, you can suppress this warning by disabling RMI Target memory leak detection.
05-Nov-2023 17:48:19.543 ADVERTENCIA [main] org.apache.catalina.loader.WebappClassLoaderBase.clearReferencesJdbc La aplicación web [gestoracademico] registró el conductor JDBC [com.mysql.cj.jdbc.Driver] pero falló al anular el registro mientras la aplicación web estaba parada. Para prevenir un fallo de memoria, se ha anulado el registro del conductor JDBC por la fuerza.
05-Nov-2023 17:48:19.543 ADVERTENCIA [main] org.apache.catalina.loader.WebappClassLoaderBase.clearReferencesThreads The web application [gestoracademico] appears to have started a thread named [mysql-cj-abandoned-connection-cleanup] but has failed to stop it. This is very likely to create a memory leak. Stack trace of thread:
 java.base@17.0.8.1/java.lang.Object.wait(Native Method)
 java.base@17.0.8.1/java.lang.ref.ReferenceQueue.remove(ReferenceQueue.java:155)
 com.mysql.cj.jdbc.AbandonedConnectionCleanupThread.run(AbandonedConnectionCleanupThread.java:91)
 java.base@17.0.8.1/java.util.concurrent.ThreadPoolExecutor.runWorker(ThreadPoolExecutor.java:1136)
 java.base@17.0.8.1/java.util.concurrent.ThreadPoolExecutor$Worker.run(ThreadPoolExecutor.java:635)
 java.base@17.0.8.1/java.lang.Thread.run(Thread.java:833)
05-Nov-2023 17:48:19.544 ADVERTENCIA [main] org.apache.catalina.loader.WebappClassLoaderBase.clearReferencesObjectStreamClassCaches When running on Java 9 or later you need to add "--add-opens=java.base/java.io=ALL-UNNAMED" to the JVM command line arguments to enable ObjectStream cache memory leak protection. Alternatively, you can suppress this warning by disabling ObjectStream class cache memory leak protection.
05-Nov-2023 17:48:19.544 ADVERTENCIA [main] org.apache.catalina.loader.WebappClassLoaderBase.checkThreadLocalsForLeaks When running on Java 9 or later you need to add "--add-opens=java.base/java.lang=ALL-UNNAMED" to the JVM command line arguments to enable ThreadLocal memory leak detection. Alternatively, you can suppress this warning by disabling ThreadLocal memory leak detection.
05-Nov-2023 17:48:19.545 ADVERTENCIA [main] org.apache.catalina.loader.WebappClassLoaderBase.clearReferencesRmiTargets When running on Java 9 or later you need to add "--add-opens=java.rmi/sun.rmi.transport=ALL-UNNAMED" to the JVM command line arguments to enable RMI Target memory leak detection. Alternatively, you can suppress this warning by disabling RMI Target memory leak detection.
05-Nov-2023 17:48:19.548 ADVERTENCIA [main] org.apache.catalina.loader.WebappClassLoaderBase.clearReferencesObjectStreamClassCaches When running on Java 9 or later you need to add "--add-opens=java.base/java.io=ALL-UNNAMED" to the JVM command line arguments to enable ObjectStream cache memory leak protection. Alternatively, you can suppress this warning by disabling ObjectStream class cache memory leak protection.
05-Nov-2023 17:48:19.549 ADVERTENCIA [main] org.apache.catalina.loader.WebappClassLoaderBase.checkThreadLocalsForLeaks When running on Java 9 or later you need to add "--add-opens=java.base/java.lang=ALL-UNNAMED" to the JVM command line arguments to enable ThreadLocal memory leak detection. Alternatively, you can suppress this warning by disabling ThreadLocal memory leak detection.
05-Nov-2023 17:48:19.549 ADVERTENCIA [main] org.apache.catalina.loader.WebappClassLoaderBase.clearReferencesRmiTargets When running on Java 9 or later you need to add "--add-opens=java.rmi/sun.rmi.transport=ALL-UNNAMED" to the JVM command line arguments to enable RMI Target memory leak detection. Alternatively, you can suppress this warning by disabling RMI Target memory leak detection.
05-Nov-2023 17:48:19.554 ADVERTENCIA [main] org.apache.catalina.loader.WebappClassLoaderBase.clearReferencesObjectStreamClassCaches When running on Java 9 or later you need to add "--add-opens=java.base/java.io=ALL-UNNAMED" to the JVM command line arguments to enable ObjectStream cache memory leak protection. Alternatively, you can suppress this warning by disabling ObjectStream class cache memory leak protection.
05-Nov-2023 17:48:19.555 ADVERTENCIA [main] org.apache.catalina.loader.WebappClassLoaderBase.checkThreadLocalsForLeaks When running on Java 9 or later you need to add "--add-opens=java.base/java.lang=ALL-UNNAMED" to the JVM command line arguments to enable ThreadLocal memory leak detection. Alternatively, you can suppress this warning by disabling ThreadLocal memory leak detection.
05-Nov-2023 17:48:19.555 ADVERTENCIA [main] org.apache.catalina.loader.WebappClassLoaderBase.clearReferencesRmiTargets When running on Java 9 or later you need to add "--add-opens=java.rmi/sun.rmi.transport=ALL-UNNAMED" to the JVM command line arguments to enable RMI Target memory leak detection. Alternatively, you can suppress this warning by disabling RMI Target memory leak detection.
05-Nov-2023 17:48:19.556 INFORMACIÓN [main] org.apache.coyote.AbstractProtocol.stop Stopping ProtocolHandler ["http-nio-8080"]
05-Nov-2023 17:48:19.561 INFORMACIÓN [main] org.apache.coyote.AbstractProtocol.destroy Destroying ProtocolHandler ["http-nio-8080"]
05-Nov-2023 17:48:31.424 INFORMACIÓN [main] org.apache.catalina.startup.VersionLoggerListener.log Nombre de la versión del servidor: Apache Tomcat/9.0.80
05-Nov-2023 17:48:31.427 INFORMACIÓN [main] org.apache.catalina.startup.VersionLoggerListener.log Server built:                      Aug 23 2023 21:59:38 UTC
05-Nov-2023 17:48:31.427 INFORMACIÓN [main] org.apache.catalina.startup.VersionLoggerListener.log Número de versión de servidor:     9.0.80.0
05-Nov-2023 17:48:31.427 INFORMACIÓN [main] org.apache.catalina.startup.VersionLoggerListener.log OS Name:                           Windows 11
05-Nov-2023 17:48:31.428 INFORMACIÓN [main] org.apache.catalina.startup.VersionLoggerListener.log Versión de Systema Operativo:      10.0
05-Nov-2023 17:48:31.428 INFORMACIÓN [main] org.apache.catalina.startup.VersionLoggerListener.log Arquitectura:                      amd64
05-Nov-2023 17:48:31.428 INFORMACIÓN [main] org.apache.catalina.startup.VersionLoggerListener.log Java Home:                         C:\Users\Usuario\AppData\Local\Programs\Eclipse Adoptium\jdk-17.0.8.101-hotspot
05-Nov-2023 17:48:31.428 INFORMACIÓN [main] org.apache.catalina.startup.VersionLoggerListener.log JVM Version:                       17.0.8.1+1
05-Nov-2023 17:48:31.428 INFORMACIÓN [main] org.apache.catalina.startup.VersionLoggerListener.log Vededor JVM:                       Eclipse Adoptium
05-Nov-2023 17:48:31.428 INFORMACIÓN [main] org.apache.catalina.startup.VersionLoggerListener.log CATALINA_BASE:                     C:\Users\Usuario\Desktop\UNIVERSIDAD\4 CURSO\SEGUNDO CUATRIMESTRE\TFG\apache-tomcat-9.0.80
05-Nov-2023 17:48:31.429 INFORMACIÓN [main] org.apache.catalina.startup.VersionLoggerListener.log CATALINA_HOME:                     C:\Users\Usuario\Desktop\UNIVERSIDAD\4 CURSO\SEGUNDO CUATRIMESTRE\TFG\apache-tomcat-9.0.80
05-Nov-2023 17:48:31.441 INFORMACIÓN [main] org.apache.catalina.startup.VersionLoggerListener.log Command line argument:             -Djava.util.logging.config.file=c:\Users\Usuario\Desktop\UNIVERSIDAD\4 CURSO\SEGUNDO CUATRIMESTRE\TFG\apache-tomcat-9.0.80/conf/logging.properties
05-Nov-2023 17:48:31.441 INFORMACIÓN [main] org.apache.catalina.startup.VersionLoggerListener.log Command line argument:             -Djava.util.logging.manager=org.apache.juli.ClassLoaderLogManager
05-Nov-2023 17:48:31.441 INFORMACIÓN [main] org.apache.catalina.startup.VersionLoggerListener.log Command line argument:             -Djdk.tls.ephemeralDHKeySize=2048
05-Nov-2023 17:48:31.441 INFORMACIÓN [main] org.apache.catalina.startup.VersionLoggerListener.log Command line argument:             -Djava.protocol.handler.pkgs=org.apache.catalina.webresources
05-Nov-2023 17:48:31.441 INFORMACIÓN [main] org.apache.catalina.startup.VersionLoggerListener.log Command line argument:             -Dorg.apache.catalina.security.SecurityListener.UMASK=0027
05-Nov-2023 17:48:31.442 INFORMACIÓN [main] org.apache.catalina.startup.VersionLoggerListener.log Command line argument:             -Dcatalina.base=c:\Users\Usuario\Desktop\UNIVERSIDAD\4 CURSO\SEGUNDO CUATRIMESTRE\TFG\apache-tomcat-9.0.80
05-Nov-2023 17:48:31.442 INFORMACIÓN [main] org.apache.catalina.startup.VersionLoggerListener.log Command line argument:             -Dcatalina.home=c:\Users\Usuario\Desktop\UNIVERSIDAD\4 CURSO\SEGUNDO CUATRIMESTRE\TFG\apache-tomcat-9.0.80
05-Nov-2023 17:48:31.442 INFORMACIÓN [main] org.apache.catalina.startup.VersionLoggerListener.log Command line argument:             -Djava.io.tmpdir=c:\Users\Usuario\Desktop\UNIVERSIDAD\4 CURSO\SEGUNDO CUATRIMESTRE\TFG\apache-tomcat-9.0.80/temp
05-Nov-2023 17:48:31.448 INFORMACIÓN [main] org.apache.catalina.core.AprLifecycleListener.lifecycleEvent Cargada la biblioteca nativa APR de Apache Tomcat [1.2.38] con la versión APR [1.7.4].
05-Nov-2023 17:48:31.448 INFORMACIÓN [main] org.apache.catalina.core.AprLifecycleListener.lifecycleEvent Capacidades APR: IPv6 [true], enviar fichero [true], aceptar filtros [false], aleatorio [true], UDS [true].
05-Nov-2023 17:48:31.448 INFORMACIÓN [main] org.apache.catalina.core.AprLifecycleListener.lifecycleEvent APR/OpenSSL configuration: useAprConnector [false], useOpenSSL [true]
05-Nov-2023 17:48:31.455 INFORMACIÓN [main] org.apache.catalina.core.AprLifecycleListener.initializeSSL OpenSSL inicializado correctamente [OpenSSL 1.1.1v  1 Aug 2023]
05-Nov-2023 17:48:31.770 INFORMACIÓN [main] org.apache.coyote.AbstractProtocol.init Inicializando el manejador de protocolo ["http-nio-8080"]

05-Nov-2023 17:48:31.798 INFORMACIÓN [main] org.apache.catalina.startup.Catalina.load Server initialization in [601] milliseconds
05-Nov-2023 17:48:31.855 INFORMACIÓN [main] org.apache.catalina.core.StandardService.startInternal Arrancando servicio [Catalina]
05-Nov-2023 17:48:31.855 INFORMACIÓN [main] org.apache.catalina.core.StandardEngine.startInternal Starting Servlet engine: [Apache Tomcat/9.0.80]
05-Nov-2023 17:48:31.871 INFORMACIÓN [main] org.apache.catalina.startup.HostConfig.deployDirectory Desplegando el directorio [C:\Users\Usuario\Desktop\UNIVERSIDAD\4 CURSO\SEGUNDO CUATRIMESTRE\TFG\apache-tomcat-9.0.80\webapps\docs] de la aplicación web
05-Nov-2023 17:48:32.281 INFORMACIÓN [main] org.apache.catalina.startup.HostConfig.deployDirectory Deployment of web application directory [C:\Users\Usuario\Desktop\UNIVERSIDAD\4 CURSO\SEGUNDO CUATRIMESTRE\TFG\apache-tomcat-9.0.80\webapps\docs] has finished in [408] ms
05-Nov-2023 17:48:32.281 INFORMACIÓN [main] org.apache.catalina.startup.HostConfig.deployDirectory Desplegando el directorio [C:\Users\Usuario\Desktop\UNIVERSIDAD\4 CURSO\SEGUNDO CUATRIMESTRE\TFG\apache-tomcat-9.0.80\webapps\examples] de la aplicación web
05-Nov-2023 17:48:32.989 INFORMACIÓN [main] org.apache.catalina.startup.HostConfig.deployDirectory Deployment of web application directory [C:\Users\Usuario\Desktop\UNIVERSIDAD\4 CURSO\SEGUNDO CUATRIMESTRE\TFG\apache-tomcat-9.0.80\webapps\examples] has finished in [708] ms
05-Nov-2023 17:48:32.989 INFORMACIÓN [main] org.apache.catalina.startup.HostConfig.deployDirectory Desplegando el directorio [C:\Users\Usuario\Desktop\UNIVERSIDAD\4 CURSO\SEGUNDO CUATRIMESTRE\TFG\apache-tomcat-9.0.80\webapps\gestoracademico] de la aplicación web
05-Nov-2023 17:48:33.871 ADVERTENCIA [main] java.util.ArrayList.forEach Name = gestoracademico Property maxActive is not used in DBCP2, use maxTotal instead. maxTotal default value is 8. You have set value of "8" for "maxActive" property, which is being ignored.
05-Nov-2023 17:48:33.982 INFORMACIÓN [main] org.apache.jasper.servlet.TldScanner.scanJars Al menos un JAR, que se ha explorado buscando TLDs, aún no contenía TLDs. Activar historial de depuración para este historiador para una completa lista de los JARs que fueron explorados y de los que nos se halló TLDs. Saltarse JARs no necesarios durante la exploración puede dar lugar a una mejora de tiempo significativa en el arranque y compilación de JSP .
05-Nov-2023 17:48:34.009 INFORMACIÓN [main] org.apache.catalina.startup.HostConfig.deployDirectory Deployment of web application directory [C:\Users\Usuario\Desktop\UNIVERSIDAD\4 CURSO\SEGUNDO CUATRIMESTRE\TFG\apache-tomcat-9.0.80\webapps\gestoracademico] has finished in [1.020] ms
05-Nov-2023 17:48:34.010 INFORMACIÓN [main] org.apache.catalina.startup.HostConfig.deployDirectory Desplegando el directorio [C:\Users\Usuario\Desktop\UNIVERSIDAD\4 CURSO\SEGUNDO CUATRIMESTRE\TFG\apache-tomcat-9.0.80\webapps\host-manager] de la aplicación web
05-Nov-2023 17:48:34.084 INFORMACIÓN [main] org.apache.catalina.startup.HostConfig.deployDirectory Deployment of web application directory [C:\Users\Usuario\Desktop\UNIVERSIDAD\4 CURSO\SEGUNDO CUATRIMESTRE\TFG\apache-tomcat-9.0.80\webapps\host-manager] has finished in [74] ms
05-Nov-2023 17:48:34.085 INFORMACIÓN [main] org.apache.catalina.startup.HostConfig.deployDirectory Desplegando el directorio [C:\Users\Usuario\Desktop\UNIVERSIDAD\4 CURSO\SEGUNDO CUATRIMESTRE\TFG\apache-tomcat-9.0.80\webapps\manager] de la aplicación web
05-Nov-2023 17:48:34.165 INFORMACIÓN [main] org.apache.catalina.startup.HostConfig.deployDirectory Deployment of web application directory [C:\Users\Usuario\Desktop\UNIVERSIDAD\4 CURSO\SEGUNDO CUATRIMESTRE\TFG\apache-tomcat-9.0.80\webapps\manager] has finished in [79] ms
05-Nov-2023 17:48:34.165 INFORMACIÓN [main] org.apache.catalina.startup.HostConfig.deployDirectory Desplegando el directorio [C:\Users\Usuario\Desktop\UNIVERSIDAD\4 CURSO\SEGUNDO CUATRIMESTRE\TFG\apache-tomcat-9.0.80\webapps\ROOT] de la aplicación web
05-Nov-2023 17:48:34.225 INFORMACIÓN [main] org.apache.catalina.startup.HostConfig.deployDirectory Deployment of web application directory [C:\Users\Usuario\Desktop\UNIVERSIDAD\4 CURSO\SEGUNDO CUATRIMESTRE\TFG\apache-tomcat-9.0.80\webapps\ROOT] has finished in [60] ms
05-Nov-2023 17:48:34.230 INFORMACIÓN [main] org.apache.coyote.AbstractProtocol.start Starting ProtocolHandler ["http-nio-8080"]
05-Nov-2023 17:48:34.307 INFORMACIÓN [main] org.apache.catalina.startup.Catalina.start Server startup in [2507] milliseconds
