30-Oct-2023 19:38:56.669 INFORMACIÓN [main] org.apache.catalina.startup.VersionLoggerListener.log Nombre de la versión del servidor: Apache Tomcat/9.0.80
30-Oct-2023 19:38:56.674 INFORMACIÓN [main] org.apache.catalina.startup.VersionLoggerListener.log Server built:                      Aug 23 2023 21:59:38 UTC
30-Oct-2023 19:38:56.675 INFORMACIÓN [main] org.apache.catalina.startup.VersionLoggerListener.log Número de versión de servidor:     9.0.80.0
30-Oct-2023 19:38:56.675 INFORMACIÓN [main] org.apache.catalina.startup.VersionLoggerListener.log OS Name:                           Windows 11
30-Oct-2023 19:38:56.675 INFORMACIÓN [main] org.apache.catalina.startup.VersionLoggerListener.log Versión de Systema Operativo:      10.0
30-Oct-2023 19:38:56.675 INFORMACIÓN [main] org.apache.catalina.startup.VersionLoggerListener.log Arquitectura:                      amd64
30-Oct-2023 19:38:56.675 INFORMACIÓN [main] org.apache.catalina.startup.VersionLoggerListener.log Java Home:                         C:\Users\Usuario\AppData\Local\Programs\Eclipse Adoptium\jdk-17.0.8.101-hotspot
30-Oct-2023 19:38:56.676 INFORMACIÓN [main] org.apache.catalina.startup.VersionLoggerListener.log JVM Version:                       17.0.8.1+1
30-Oct-2023 19:38:56.676 INFORMACIÓN [main] org.apache.catalina.startup.VersionLoggerListener.log Vededor JVM:                       Eclipse Adoptium
30-Oct-2023 19:38:56.676 INFORMACIÓN [main] org.apache.catalina.startup.VersionLoggerListener.log CATALINA_BASE:                     C:\Users\Usuario\Desktop\UNIVERSIDAD\4 CURSO\SEGUNDO CUATRIMESTRE\TFG\apache-tomcat-9.0.80
30-Oct-2023 19:38:56.676 INFORMACIÓN [main] org.apache.catalina.startup.VersionLoggerListener.log CATALINA_HOME:                     C:\Users\Usuario\Desktop\UNIVERSIDAD\4 CURSO\SEGUNDO CUATRIMESTRE\TFG\apache-tomcat-9.0.80
30-Oct-2023 19:38:56.706 INFORMACIÓN [main] org.apache.catalina.startup.VersionLoggerListener.log Command line argument:             -Djava.util.logging.config.file=c:\Users\Usuario\Desktop\UNIVERSIDAD\4 CURSO\SEGUNDO CUATRIMESTRE\TFG\apache-tomcat-9.0.80/conf/logging.properties
30-Oct-2023 19:38:56.707 INFORMACIÓN [main] org.apache.catalina.startup.VersionLoggerListener.log Command line argument:             -Djava.util.logging.manager=org.apache.juli.ClassLoaderLogManager
30-Oct-2023 19:38:56.707 INFORMACIÓN [main] org.apache.catalina.startup.VersionLoggerListener.log Command line argument:             -Djdk.tls.ephemeralDHKeySize=2048
30-Oct-2023 19:38:56.707 INFORMACIÓN [main] org.apache.catalina.startup.VersionLoggerListener.log Command line argument:             -Djava.protocol.handler.pkgs=org.apache.catalina.webresources
30-Oct-2023 19:38:56.707 INFORMACIÓN [main] org.apache.catalina.startup.VersionLoggerListener.log Command line argument:             -Dorg.apache.catalina.security.SecurityListener.UMASK=0027
30-Oct-2023 19:38:56.707 INFORMACIÓN [main] org.apache.catalina.startup.VersionLoggerListener.log Command line argument:             -Dcatalina.base=c:\Users\Usuario\Desktop\UNIVERSIDAD\4 CURSO\SEGUNDO CUATRIMESTRE\TFG\apache-tomcat-9.0.80
30-Oct-2023 19:38:56.708 INFORMACIÓN [main] org.apache.catalina.startup.VersionLoggerListener.log Command line argument:             -Dcatalina.home=c:\Users\Usuario\Desktop\UNIVERSIDAD\4 CURSO\SEGUNDO CUATRIMESTRE\TFG\apache-tomcat-9.0.80
30-Oct-2023 19:38:56.708 INFORMACIÓN [main] org.apache.catalina.startup.VersionLoggerListener.log Command line argument:             -Djava.io.tmpdir=c:\Users\Usuario\Desktop\UNIVERSIDAD\4 CURSO\SEGUNDO CUATRIMESTRE\TFG\apache-tomcat-9.0.80/temp
30-Oct-2023 19:38:56.721 INFORMACIÓN [main] org.apache.catalina.core.AprLifecycleListener.lifecycleEvent Cargada la biblioteca nativa APR de Apache Tomcat [1.2.38] con la versión APR [1.7.4].
30-Oct-2023 19:38:56.721 INFORMACIÓN [main] org.apache.catalina.core.AprLifecycleListener.lifecycleEvent Capacidades APR: IPv6 [true], enviar fichero [true], aceptar filtros [false], aleatorio [true], UDS [true].
30-Oct-2023 19:38:56.721 INFORMACIÓN [main] org.apache.catalina.core.AprLifecycleListener.lifecycleEvent APR/OpenSSL configuration: useAprConnector [false], useOpenSSL [true]
30-Oct-2023 19:38:56.768 INFORMACIÓN [main] org.apache.catalina.core.AprLifecycleListener.initializeSSL OpenSSL inicializado correctamente [OpenSSL 1.1.1v  1 Aug 2023]
30-Oct-2023 19:38:57.121 INFORMACIÓN [main] org.apache.coyote.AbstractProtocol.init Inicializando el manejador de protocolo ["http-nio-8080"]

30-Oct-2023 19:38:57.162 INFORMACIÓN [main] org.apache.catalina.startup.Catalina.load Server initialization in [803] milliseconds
30-Oct-2023 19:38:57.239 INFORMACIÓN [main] org.apache.catalina.core.StandardService.startInternal Arrancando servicio [Catalina]
30-Oct-2023 19:38:57.239 INFORMACIÓN [main] org.apache.catalina.core.StandardEngine.startInternal Starting Servlet engine: [Apache Tomcat/9.0.80]
30-Oct-2023 19:38:57.255 INFORMACIÓN [main] org.apache.catalina.startup.HostConfig.deployDirectory Desplegando el directorio [C:\Users\Usuario\Desktop\UNIVERSIDAD\4 CURSO\SEGUNDO CUATRIMESTRE\TFG\apache-tomcat-9.0.80\webapps\docs] de la aplicación web
30-Oct-2023 19:38:57.739 INFORMACIÓN [main] org.apache.catalina.startup.HostConfig.deployDirectory Deployment of web application directory [C:\Users\Usuario\Desktop\UNIVERSIDAD\4 CURSO\SEGUNDO CUATRIMESTRE\TFG\apache-tomcat-9.0.80\webapps\docs] has finished in [482] ms
30-Oct-2023 19:38:57.739 INFORMACIÓN [main] org.apache.catalina.startup.HostConfig.deployDirectory Desplegando el directorio [C:\Users\Usuario\Desktop\UNIVERSIDAD\4 CURSO\SEGUNDO CUATRIMESTRE\TFG\apache-tomcat-9.0.80\webapps\examples] de la aplicación web
30-Oct-2023 19:38:59.608 INFORMACIÓN [main] org.apache.catalina.startup.HostConfig.deployDirectory Deployment of web application directory [C:\Users\Usuario\Desktop\UNIVERSIDAD\4 CURSO\SEGUNDO CUATRIMESTRE\TFG\apache-tomcat-9.0.80\webapps\examples] has finished in [1.869] ms
30-Oct-2023 19:38:59.609 INFORMACIÓN [main] org.apache.catalina.startup.HostConfig.deployDirectory Desplegando el directorio [C:\Users\Usuario\Desktop\UNIVERSIDAD\4 CURSO\SEGUNDO CUATRIMESTRE\TFG\apache-tomcat-9.0.80\webapps\gestoracademico] de la aplicación web
30-Oct-2023 19:39:00.533 ADVERTENCIA [main] java.util.ArrayList.forEach Name = gestoracademico Property maxActive is not used in DBCP2, use maxTotal instead. maxTotal default value is 8. You have set value of "8" for "maxActive" property, which is being ignored.
30-Oct-2023 19:39:00.640 INFORMACIÓN [main] org.apache.jasper.servlet.TldScanner.scanJars Al menos un JAR, que se ha explorado buscando TLDs, aún no contenía TLDs. Activar historial de depuración para este historiador para una completa lista de los JARs que fueron explorados y de los que nos se halló TLDs. Saltarse JARs no necesarios durante la exploración puede dar lugar a una mejora de tiempo significativa en el arranque y compilación de JSP .
30-Oct-2023 19:39:00.677 INFORMACIÓN [main] org.apache.catalina.startup.HostConfig.deployDirectory Deployment of web application directory [C:\Users\Usuario\Desktop\UNIVERSIDAD\4 CURSO\SEGUNDO CUATRIMESTRE\TFG\apache-tomcat-9.0.80\webapps\gestoracademico] has finished in [1.069] ms
30-Oct-2023 19:39:00.678 INFORMACIÓN [main] org.apache.catalina.startup.HostConfig.deployDirectory Desplegando el directorio [C:\Users\Usuario\Desktop\UNIVERSIDAD\4 CURSO\SEGUNDO CUATRIMESTRE\TFG\apache-tomcat-9.0.80\webapps\host-manager] de la aplicación web
30-Oct-2023 19:39:00.757 INFORMACIÓN [main] org.apache.catalina.startup.HostConfig.deployDirectory Deployment of web application directory [C:\Users\Usuario\Desktop\UNIVERSIDAD\4 CURSO\SEGUNDO CUATRIMESTRE\TFG\apache-tomcat-9.0.80\webapps\host-manager] has finished in [79] ms
30-Oct-2023 19:39:00.758 INFORMACIÓN [main] org.apache.catalina.startup.HostConfig.deployDirectory Desplegando el directorio [C:\Users\Usuario\Desktop\UNIVERSIDAD\4 CURSO\SEGUNDO CUATRIMESTRE\TFG\apache-tomcat-9.0.80\webapps\manager] de la aplicación web
30-Oct-2023 19:39:00.844 INFORMACIÓN [main] org.apache.catalina.startup.HostConfig.deployDirectory Deployment of web application directory [C:\Users\Usuario\Desktop\UNIVERSIDAD\4 CURSO\SEGUNDO CUATRIMESTRE\TFG\apache-tomcat-9.0.80\webapps\manager] has finished in [86] ms
30-Oct-2023 19:39:00.844 INFORMACIÓN [main] org.apache.catalina.startup.HostConfig.deployDirectory Desplegando el directorio [C:\Users\Usuario\Desktop\UNIVERSIDAD\4 CURSO\SEGUNDO CUATRIMESTRE\TFG\apache-tomcat-9.0.80\webapps\ROOT] de la aplicación web
30-Oct-2023 19:39:00.887 INFORMACIÓN [main] org.apache.catalina.startup.HostConfig.deployDirectory Deployment of web application directory [C:\Users\Usuario\Desktop\UNIVERSIDAD\4 CURSO\SEGUNDO CUATRIMESTRE\TFG\apache-tomcat-9.0.80\webapps\ROOT] has finished in [43] ms
30-Oct-2023 19:39:00.892 INFORMACIÓN [main] org.apache.coyote.AbstractProtocol.start Starting ProtocolHandler ["http-nio-8080"]
30-Oct-2023 19:39:00.953 INFORMACIÓN [main] org.apache.catalina.startup.Catalina.start Server startup in [3789] milliseconds
30-Oct-2023 19:40:33.933 INFORMACIÓN [Catalina-utility-1] org.apache.catalina.core.StandardContext.reload Ha comenzado la recarga de Contexto [/gestoracademico]
30-Oct-2023 19:40:33.960 ADVERTENCIA [Catalina-utility-1] org.apache.catalina.loader.WebappClassLoaderBase.clearReferencesJdbc La aplicación web [gestoracademico] registró el conductor JDBC [com.mysql.cj.jdbc.Driver] pero falló al anular el registro mientras la aplicación web estaba parada. Para prevenir un fallo de memoria, se ha anulado el registro del conductor JDBC por la fuerza.
30-Oct-2023 19:40:33.966 ADVERTENCIA [Catalina-utility-1] org.apache.catalina.loader.WebappClassLoaderBase.clearReferencesThreads The web application [gestoracademico] appears to have started a thread named [mysql-cj-abandoned-connection-cleanup] but has failed to stop it. This is very likely to create a memory leak. Stack trace of thread:
 java.base@17.0.8.1/java.lang.Object.wait(Native Method)
 java.base@17.0.8.1/java.lang.ref.ReferenceQueue.remove(ReferenceQueue.java:155)
 com.mysql.cj.jdbc.AbandonedConnectionCleanupThread.run(AbandonedConnectionCleanupThread.java:91)
 java.base@17.0.8.1/java.util.concurrent.ThreadPoolExecutor.runWorker(ThreadPoolExecutor.java:1136)
 java.base@17.0.8.1/java.util.concurrent.ThreadPoolExecutor$Worker.run(ThreadPoolExecutor.java:635)
 java.base@17.0.8.1/java.lang.Thread.run(Thread.java:833)
30-Oct-2023 19:40:33.968 ADVERTENCIA [Catalina-utility-1] org.apache.catalina.loader.WebappClassLoaderBase.clearReferencesObjectStreamClassCaches When running on Java 9 or later you need to add "--add-opens=java.base/java.io=ALL-UNNAMED" to the JVM command line arguments to enable ObjectStream cache memory leak protection. Alternatively, you can suppress this warning by disabling ObjectStream class cache memory leak protection.
30-Oct-2023 19:40:33.969 ADVERTENCIA [Catalina-utility-1] org.apache.catalina.loader.WebappClassLoaderBase.checkThreadLocalsForLeaks When running on Java 9 or later you need to add "--add-opens=java.base/java.lang=ALL-UNNAMED" to the JVM command line arguments to enable ThreadLocal memory leak detection. Alternatively, you can suppress this warning by disabling ThreadLocal memory leak detection.
30-Oct-2023 19:40:33.977 ADVERTENCIA [Catalina-utility-1] org.apache.catalina.loader.WebappClassLoaderBase.clearReferencesRmiTargets When running on Java 9 or later you need to add "--add-opens=java.rmi/sun.rmi.transport=ALL-UNNAMED" to the JVM command line arguments to enable RMI Target memory leak detection. Alternatively, you can suppress this warning by disabling RMI Target memory leak detection.
30-Oct-2023 19:40:34.362 INFORMACIÓN [mysql-cj-abandoned-connection-cleanup] org.apache.catalina.loader.WebappClassLoaderBase.checkStateForResourceLoading Acceso ilegal: esta instancia de aplicación web ya ha sido parada.  Could not load [].  La eventual traza de pila que sigue ha sido motivada por un error lanzado con motivos de depuración así como para intentar terminar el hilo que motivó el acceso ilegal y no tiene impacto funcional.
	java.lang.IllegalStateException: Acceso ilegal: esta instancia de aplicación web ya ha sido parada.  Could not load [].  La eventual traza de pila que sigue ha sido motivada por un error lanzado con motivos de depuración así como para intentar terminar el hilo que motivó el acceso ilegal y no tiene impacto funcional.
		at org.apache.catalina.loader.WebappClassLoaderBase.checkStateForResourceLoading(WebappClassLoaderBase.java:1432)
		at org.apache.catalina.loader.WebappClassLoaderBase.getResource(WebappClassLoaderBase.java:1057)
		at com.mysql.cj.jdbc.AbandonedConnectionCleanupThread.checkThreadContextClassLoader(AbandonedConnectionCleanupThread.java:123)
		at com.mysql.cj.jdbc.AbandonedConnectionCleanupThread.run(AbandonedConnectionCleanupThread.java:90)
		at java.base/java.util.concurrent.ThreadPoolExecutor.runWorker(ThreadPoolExecutor.java:1136)
		at java.base/java.util.concurrent.ThreadPoolExecutor$Worker.run(ThreadPoolExecutor.java:635)
		at java.base/java.lang.Thread.run(Thread.java:833)
30-Oct-2023 19:40:35.031 INFORMACIÓN [Catalina-utility-1] org.apache.jasper.servlet.TldScanner.scanJars Al menos un JAR, que se ha explorado buscando TLDs, aún no contenía TLDs. Activar historial de depuración para este historiador para una completa lista de los JARs que fueron explorados y de los que nos se halló TLDs. Saltarse JARs no necesarios durante la exploración puede dar lugar a una mejora de tiempo significativa en el arranque y compilación de JSP .
30-Oct-2023 19:40:35.042 INFORMACIÓN [Catalina-utility-1] org.apache.catalina.core.StandardContext.reload Se ha completado la recarga de este Contexto
30-Oct-2023 19:53:00.519 INFORMACIÓN [main] org.apache.catalina.core.StandardServer.await Se ha recibido un comando de apagado a través del puerto de apagado. Parando la instancia del Servidor.
30-Oct-2023 19:53:00.519 INFORMACIÓN [main] org.apache.coyote.AbstractProtocol.pause Pausing ProtocolHandler ["http-nio-8080"]
30-Oct-2023 19:53:00.533 INFORMACIÓN [main] org.apache.catalina.core.StandardService.stopInternal Parando servicio [Catalina]
30-Oct-2023 19:53:00.544 ADVERTENCIA [main] org.apache.catalina.loader.WebappClassLoaderBase.clearReferencesObjectStreamClassCaches When running on Java 9 or later you need to add "--add-opens=java.base/java.io=ALL-UNNAMED" to the JVM command line arguments to enable ObjectStream cache memory leak protection. Alternatively, you can suppress this warning by disabling ObjectStream class cache memory leak protection.
30-Oct-2023 19:53:00.545 ADVERTENCIA [main] org.apache.catalina.loader.WebappClassLoaderBase.checkThreadLocalsForLeaks When running on Java 9 or later you need to add "--add-opens=java.base/java.lang=ALL-UNNAMED" to the JVM command line arguments to enable ThreadLocal memory leak detection. Alternatively, you can suppress this warning by disabling ThreadLocal memory leak detection.
30-Oct-2023 19:53:00.545 ADVERTENCIA [main] org.apache.catalina.loader.WebappClassLoaderBase.clearReferencesRmiTargets When running on Java 9 or later you need to add "--add-opens=java.rmi/sun.rmi.transport=ALL-UNNAMED" to the JVM command line arguments to enable RMI Target memory leak detection. Alternatively, you can suppress this warning by disabling RMI Target memory leak detection.
30-Oct-2023 19:53:00.551 ADVERTENCIA [main] org.apache.catalina.loader.WebappClassLoaderBase.clearReferencesObjectStreamClassCaches When running on Java 9 or later you need to add "--add-opens=java.base/java.io=ALL-UNNAMED" to the JVM command line arguments to enable ObjectStream cache memory leak protection. Alternatively, you can suppress this warning by disabling ObjectStream class cache memory leak protection.
30-Oct-2023 19:53:00.551 ADVERTENCIA [main] org.apache.catalina.loader.WebappClassLoaderBase.checkThreadLocalsForLeaks When running on Java 9 or later you need to add "--add-opens=java.base/java.lang=ALL-UNNAMED" to the JVM command line arguments to enable ThreadLocal memory leak detection. Alternatively, you can suppress this warning by disabling ThreadLocal memory leak detection.
30-Oct-2023 19:53:00.555 ADVERTENCIA [main] org.apache.catalina.loader.WebappClassLoaderBase.clearReferencesRmiTargets When running on Java 9 or later you need to add "--add-opens=java.rmi/sun.rmi.transport=ALL-UNNAMED" to the JVM command line arguments to enable RMI Target memory leak detection. Alternatively, you can suppress this warning by disabling RMI Target memory leak detection.
30-Oct-2023 19:53:00.560 ADVERTENCIA [main] org.apache.catalina.loader.WebappClassLoaderBase.clearReferencesObjectStreamClassCaches When running on Java 9 or later you need to add "--add-opens=java.base/java.io=ALL-UNNAMED" to the JVM command line arguments to enable ObjectStream cache memory leak protection. Alternatively, you can suppress this warning by disabling ObjectStream class cache memory leak protection.
30-Oct-2023 19:53:00.560 ADVERTENCIA [main] org.apache.catalina.loader.WebappClassLoaderBase.checkThreadLocalsForLeaks When running on Java 9 or later you need to add "--add-opens=java.base/java.lang=ALL-UNNAMED" to the JVM command line arguments to enable ThreadLocal memory leak detection. Alternatively, you can suppress this warning by disabling ThreadLocal memory leak detection.
30-Oct-2023 19:53:00.560 ADVERTENCIA [main] org.apache.catalina.loader.WebappClassLoaderBase.clearReferencesRmiTargets When running on Java 9 or later you need to add "--add-opens=java.rmi/sun.rmi.transport=ALL-UNNAMED" to the JVM command line arguments to enable RMI Target memory leak detection. Alternatively, you can suppress this warning by disabling RMI Target memory leak detection.
30-Oct-2023 19:53:00.569 ADVERTENCIA [main] org.apache.catalina.loader.WebappClassLoaderBase.clearReferencesJdbc La aplicación web [gestoracademico] registró el conductor JDBC [com.mysql.cj.jdbc.Driver] pero falló al anular el registro mientras la aplicación web estaba parada. Para prevenir un fallo de memoria, se ha anulado el registro del conductor JDBC por la fuerza.
30-Oct-2023 19:53:00.574 ADVERTENCIA [main] org.apache.catalina.loader.WebappClassLoaderBase.clearReferencesThreads The web application [gestoracademico] appears to have started a thread named [mysql-cj-abandoned-connection-cleanup] but has failed to stop it. This is very likely to create a memory leak. Stack trace of thread:
 java.base@17.0.8.1/java.lang.Object.wait(Native Method)
 java.base@17.0.8.1/java.lang.ref.ReferenceQueue.remove(ReferenceQueue.java:155)
 com.mysql.cj.jdbc.AbandonedConnectionCleanupThread.run(AbandonedConnectionCleanupThread.java:91)
 java.base@17.0.8.1/java.util.concurrent.ThreadPoolExecutor.runWorker(ThreadPoolExecutor.java:1136)
 java.base@17.0.8.1/java.util.concurrent.ThreadPoolExecutor$Worker.run(ThreadPoolExecutor.java:635)
 java.base@17.0.8.1/java.lang.Thread.run(Thread.java:833)
30-Oct-2023 19:53:00.574 ADVERTENCIA [main] org.apache.catalina.loader.WebappClassLoaderBase.clearReferencesObjectStreamClassCaches When running on Java 9 or later you need to add "--add-opens=java.base/java.io=ALL-UNNAMED" to the JVM command line arguments to enable ObjectStream cache memory leak protection. Alternatively, you can suppress this warning by disabling ObjectStream class cache memory leak protection.
30-Oct-2023 19:53:00.574 ADVERTENCIA [main] org.apache.catalina.loader.WebappClassLoaderBase.checkThreadLocalsForLeaks When running on Java 9 or later you need to add "--add-opens=java.base/java.lang=ALL-UNNAMED" to the JVM command line arguments to enable ThreadLocal memory leak detection. Alternatively, you can suppress this warning by disabling ThreadLocal memory leak detection.
30-Oct-2023 19:53:00.574 ADVERTENCIA [main] org.apache.catalina.loader.WebappClassLoaderBase.clearReferencesRmiTargets When running on Java 9 or later you need to add "--add-opens=java.rmi/sun.rmi.transport=ALL-UNNAMED" to the JVM command line arguments to enable RMI Target memory leak detection. Alternatively, you can suppress this warning by disabling RMI Target memory leak detection.
30-Oct-2023 19:53:00.578 ADVERTENCIA [main] org.apache.catalina.loader.WebappClassLoaderBase.clearReferencesObjectStreamClassCaches When running on Java 9 or later you need to add "--add-opens=java.base/java.io=ALL-UNNAMED" to the JVM command line arguments to enable ObjectStream cache memory leak protection. Alternatively, you can suppress this warning by disabling ObjectStream class cache memory leak protection.
30-Oct-2023 19:53:00.578 ADVERTENCIA [main] org.apache.catalina.loader.WebappClassLoaderBase.checkThreadLocalsForLeaks When running on Java 9 or later you need to add "--add-opens=java.base/java.lang=ALL-UNNAMED" to the JVM command line arguments to enable ThreadLocal memory leak detection. Alternatively, you can suppress this warning by disabling ThreadLocal memory leak detection.
30-Oct-2023 19:53:00.579 ADVERTENCIA [main] org.apache.catalina.loader.WebappClassLoaderBase.clearReferencesRmiTargets When running on Java 9 or later you need to add "--add-opens=java.rmi/sun.rmi.transport=ALL-UNNAMED" to the JVM command line arguments to enable RMI Target memory leak detection. Alternatively, you can suppress this warning by disabling RMI Target memory leak detection.
30-Oct-2023 19:53:00.581 ADVERTENCIA [main] org.apache.catalina.loader.WebappClassLoaderBase.clearReferencesObjectStreamClassCaches When running on Java 9 or later you need to add "--add-opens=java.base/java.io=ALL-UNNAMED" to the JVM command line arguments to enable ObjectStream cache memory leak protection. Alternatively, you can suppress this warning by disabling ObjectStream class cache memory leak protection.
30-Oct-2023 19:53:00.582 ADVERTENCIA [main] org.apache.catalina.loader.WebappClassLoaderBase.checkThreadLocalsForLeaks When running on Java 9 or later you need to add "--add-opens=java.base/java.lang=ALL-UNNAMED" to the JVM command line arguments to enable ThreadLocal memory leak detection. Alternatively, you can suppress this warning by disabling ThreadLocal memory leak detection.
30-Oct-2023 19:53:00.582 ADVERTENCIA [main] org.apache.catalina.loader.WebappClassLoaderBase.clearReferencesRmiTargets When running on Java 9 or later you need to add "--add-opens=java.rmi/sun.rmi.transport=ALL-UNNAMED" to the JVM command line arguments to enable RMI Target memory leak detection. Alternatively, you can suppress this warning by disabling RMI Target memory leak detection.
30-Oct-2023 19:53:00.582 INFORMACIÓN [main] org.apache.coyote.AbstractProtocol.stop Stopping ProtocolHandler ["http-nio-8080"]
30-Oct-2023 19:53:00.597 INFORMACIÓN [main] org.apache.coyote.AbstractProtocol.destroy Destroying ProtocolHandler ["http-nio-8080"]
30-Oct-2023 19:53:08.870 INFORMACIÓN [main] org.apache.catalina.startup.VersionLoggerListener.log Nombre de la versión del servidor: Apache Tomcat/9.0.80
30-Oct-2023 19:53:08.877 INFORMACIÓN [main] org.apache.catalina.startup.VersionLoggerListener.log Server built:                      Aug 23 2023 21:59:38 UTC
30-Oct-2023 19:53:08.877 INFORMACIÓN [main] org.apache.catalina.startup.VersionLoggerListener.log Número de versión de servidor:     9.0.80.0
30-Oct-2023 19:53:08.877 INFORMACIÓN [main] org.apache.catalina.startup.VersionLoggerListener.log OS Name:                           Windows 11
30-Oct-2023 19:53:08.877 INFORMACIÓN [main] org.apache.catalina.startup.VersionLoggerListener.log Versión de Systema Operativo:      10.0
30-Oct-2023 19:53:08.877 INFORMACIÓN [main] org.apache.catalina.startup.VersionLoggerListener.log Arquitectura:                      amd64
30-Oct-2023 19:53:08.877 INFORMACIÓN [main] org.apache.catalina.startup.VersionLoggerListener.log Java Home:                         C:\Users\Usuario\AppData\Local\Programs\Eclipse Adoptium\jdk-17.0.8.101-hotspot
30-Oct-2023 19:53:08.877 INFORMACIÓN [main] org.apache.catalina.startup.VersionLoggerListener.log JVM Version:                       17.0.8.1+1
30-Oct-2023 19:53:08.879 INFORMACIÓN [main] org.apache.catalina.startup.VersionLoggerListener.log Vededor JVM:                       Eclipse Adoptium
30-Oct-2023 19:53:08.879 INFORMACIÓN [main] org.apache.catalina.startup.VersionLoggerListener.log CATALINA_BASE:                     C:\Users\Usuario\Desktop\UNIVERSIDAD\4 CURSO\SEGUNDO CUATRIMESTRE\TFG\apache-tomcat-9.0.80
30-Oct-2023 19:53:08.879 INFORMACIÓN [main] org.apache.catalina.startup.VersionLoggerListener.log CATALINA_HOME:                     C:\Users\Usuario\Desktop\UNIVERSIDAD\4 CURSO\SEGUNDO CUATRIMESTRE\TFG\apache-tomcat-9.0.80
30-Oct-2023 19:53:08.892 INFORMACIÓN [main] org.apache.catalina.startup.VersionLoggerListener.log Command line argument:             -Djava.util.logging.config.file=c:\Users\Usuario\Desktop\UNIVERSIDAD\4 CURSO\SEGUNDO CUATRIMESTRE\TFG\apache-tomcat-9.0.80/conf/logging.properties
30-Oct-2023 19:53:08.892 INFORMACIÓN [main] org.apache.catalina.startup.VersionLoggerListener.log Command line argument:             -Djava.util.logging.manager=org.apache.juli.ClassLoaderLogManager
30-Oct-2023 19:53:08.892 INFORMACIÓN [main] org.apache.catalina.startup.VersionLoggerListener.log Command line argument:             -Djdk.tls.ephemeralDHKeySize=2048
30-Oct-2023 19:53:08.893 INFORMACIÓN [main] org.apache.catalina.startup.VersionLoggerListener.log Command line argument:             -Djava.protocol.handler.pkgs=org.apache.catalina.webresources
30-Oct-2023 19:53:08.893 INFORMACIÓN [main] org.apache.catalina.startup.VersionLoggerListener.log Command line argument:             -Dorg.apache.catalina.security.SecurityListener.UMASK=0027
30-Oct-2023 19:53:08.893 INFORMACIÓN [main] org.apache.catalina.startup.VersionLoggerListener.log Command line argument:             -Dcatalina.base=c:\Users\Usuario\Desktop\UNIVERSIDAD\4 CURSO\SEGUNDO CUATRIMESTRE\TFG\apache-tomcat-9.0.80
30-Oct-2023 19:53:08.893 INFORMACIÓN [main] org.apache.catalina.startup.VersionLoggerListener.log Command line argument:             -Dcatalina.home=c:\Users\Usuario\Desktop\UNIVERSIDAD\4 CURSO\SEGUNDO CUATRIMESTRE\TFG\apache-tomcat-9.0.80
30-Oct-2023 19:53:08.894 INFORMACIÓN [main] org.apache.catalina.startup.VersionLoggerListener.log Command line argument:             -Djava.io.tmpdir=c:\Users\Usuario\Desktop\UNIVERSIDAD\4 CURSO\SEGUNDO CUATRIMESTRE\TFG\apache-tomcat-9.0.80/temp
30-Oct-2023 19:53:08.902 INFORMACIÓN [main] org.apache.catalina.core.AprLifecycleListener.lifecycleEvent Cargada la biblioteca nativa APR de Apache Tomcat [1.2.38] con la versión APR [1.7.4].
30-Oct-2023 19:53:08.903 INFORMACIÓN [main] org.apache.catalina.core.AprLifecycleListener.lifecycleEvent Capacidades APR: IPv6 [true], enviar fichero [true], aceptar filtros [false], aleatorio [true], UDS [true].
30-Oct-2023 19:53:08.903 INFORMACIÓN [main] org.apache.catalina.core.AprLifecycleListener.lifecycleEvent APR/OpenSSL configuration: useAprConnector [false], useOpenSSL [true]
30-Oct-2023 19:53:08.910 INFORMACIÓN [main] org.apache.catalina.core.AprLifecycleListener.initializeSSL OpenSSL inicializado correctamente [OpenSSL 1.1.1v  1 Aug 2023]
30-Oct-2023 19:53:09.269 INFORMACIÓN [main] org.apache.coyote.AbstractProtocol.init Inicializando el manejador de protocolo ["http-nio-8080"]

30-Oct-2023 19:53:09.308 INFORMACIÓN [main] org.apache.catalina.startup.Catalina.load Server initialization in [676] milliseconds
30-Oct-2023 19:53:09.384 INFORMACIÓN [main] org.apache.catalina.core.StandardService.startInternal Arrancando servicio [Catalina]
30-Oct-2023 19:53:09.385 INFORMACIÓN [main] org.apache.catalina.core.StandardEngine.startInternal Starting Servlet engine: [Apache Tomcat/9.0.80]
30-Oct-2023 19:53:09.404 INFORMACIÓN [main] org.apache.catalina.startup.HostConfig.deployDirectory Desplegando el directorio [C:\Users\Usuario\Desktop\UNIVERSIDAD\4 CURSO\SEGUNDO CUATRIMESTRE\TFG\apache-tomcat-9.0.80\webapps\docs] de la aplicación web
30-Oct-2023 19:53:09.877 INFORMACIÓN [main] org.apache.catalina.startup.HostConfig.deployDirectory Deployment of web application directory [C:\Users\Usuario\Desktop\UNIVERSIDAD\4 CURSO\SEGUNDO CUATRIMESTRE\TFG\apache-tomcat-9.0.80\webapps\docs] has finished in [471] ms
30-Oct-2023 19:53:09.877 INFORMACIÓN [main] org.apache.catalina.startup.HostConfig.deployDirectory Desplegando el directorio [C:\Users\Usuario\Desktop\UNIVERSIDAD\4 CURSO\SEGUNDO CUATRIMESTRE\TFG\apache-tomcat-9.0.80\webapps\examples] de la aplicación web
30-Oct-2023 19:53:10.680 INFORMACIÓN [main] org.apache.catalina.startup.HostConfig.deployDirectory Deployment of web application directory [C:\Users\Usuario\Desktop\UNIVERSIDAD\4 CURSO\SEGUNDO CUATRIMESTRE\TFG\apache-tomcat-9.0.80\webapps\examples] has finished in [803] ms
30-Oct-2023 19:53:10.681 INFORMACIÓN [main] org.apache.catalina.startup.HostConfig.deployDirectory Desplegando el directorio [C:\Users\Usuario\Desktop\UNIVERSIDAD\4 CURSO\SEGUNDO CUATRIMESTRE\TFG\apache-tomcat-9.0.80\webapps\gestoracademico] de la aplicación web
30-Oct-2023 19:53:11.900 ADVERTENCIA [main] java.util.ArrayList.forEach Name = gestoracademico Property maxActive is not used in DBCP2, use maxTotal instead. maxTotal default value is 8. You have set value of "8" for "maxActive" property, which is being ignored.
30-Oct-2023 19:53:12.139 INFORMACIÓN [main] org.apache.jasper.servlet.TldScanner.scanJars Al menos un JAR, que se ha explorado buscando TLDs, aún no contenía TLDs. Activar historial de depuración para este historiador para una completa lista de los JARs que fueron explorados y de los que nos se halló TLDs. Saltarse JARs no necesarios durante la exploración puede dar lugar a una mejora de tiempo significativa en el arranque y compilación de JSP .
30-Oct-2023 19:53:12.202 INFORMACIÓN [main] org.apache.catalina.startup.HostConfig.deployDirectory Deployment of web application directory [C:\Users\Usuario\Desktop\UNIVERSIDAD\4 CURSO\SEGUNDO CUATRIMESTRE\TFG\apache-tomcat-9.0.80\webapps\gestoracademico] has finished in [1.522] ms
30-Oct-2023 19:53:12.203 INFORMACIÓN [main] org.apache.catalina.startup.HostConfig.deployDirectory Desplegando el directorio [C:\Users\Usuario\Desktop\UNIVERSIDAD\4 CURSO\SEGUNDO CUATRIMESTRE\TFG\apache-tomcat-9.0.80\webapps\host-manager] de la aplicación web
30-Oct-2023 19:53:12.351 INFORMACIÓN [main] org.apache.catalina.startup.HostConfig.deployDirectory Deployment of web application directory [C:\Users\Usuario\Desktop\UNIVERSIDAD\4 CURSO\SEGUNDO CUATRIMESTRE\TFG\apache-tomcat-9.0.80\webapps\host-manager] has finished in [148] ms
30-Oct-2023 19:53:12.351 INFORMACIÓN [main] org.apache.catalina.startup.HostConfig.deployDirectory Desplegando el directorio [C:\Users\Usuario\Desktop\UNIVERSIDAD\4 CURSO\SEGUNDO CUATRIMESTRE\TFG\apache-tomcat-9.0.80\webapps\manager] de la aplicación web
30-Oct-2023 19:53:12.669 INFORMACIÓN [main] org.apache.catalina.startup.HostConfig.deployDirectory Deployment of web application directory [C:\Users\Usuario\Desktop\UNIVERSIDAD\4 CURSO\SEGUNDO CUATRIMESTRE\TFG\apache-tomcat-9.0.80\webapps\manager] has finished in [318] ms
30-Oct-2023 19:53:12.679 INFORMACIÓN [main] org.apache.catalina.startup.HostConfig.deployDirectory Desplegando el directorio [C:\Users\Usuario\Desktop\UNIVERSIDAD\4 CURSO\SEGUNDO CUATRIMESTRE\TFG\apache-tomcat-9.0.80\webapps\ROOT] de la aplicación web
30-Oct-2023 19:53:12.768 INFORMACIÓN [main] org.apache.catalina.startup.HostConfig.deployDirectory Deployment of web application directory [C:\Users\Usuario\Desktop\UNIVERSIDAD\4 CURSO\SEGUNDO CUATRIMESTRE\TFG\apache-tomcat-9.0.80\webapps\ROOT] has finished in [89] ms
30-Oct-2023 19:53:12.779 INFORMACIÓN [main] org.apache.coyote.AbstractProtocol.start Starting ProtocolHandler ["http-nio-8080"]
30-Oct-2023 19:53:12.888 INFORMACIÓN [main] org.apache.catalina.startup.Catalina.start Server startup in [3584] milliseconds
30-Oct-2023 20:03:10.863 INFORMACIÓN [main] org.apache.catalina.core.StandardServer.await Se ha recibido un comando de apagado a través del puerto de apagado. Parando la instancia del Servidor.
30-Oct-2023 20:03:10.864 INFORMACIÓN [main] org.apache.coyote.AbstractProtocol.pause Pausing ProtocolHandler ["http-nio-8080"]
30-Oct-2023 20:03:10.876 INFORMACIÓN [main] org.apache.catalina.core.StandardService.stopInternal Parando servicio [Catalina]
30-Oct-2023 20:03:10.887 ADVERTENCIA [main] org.apache.catalina.loader.WebappClassLoaderBase.clearReferencesObjectStreamClassCaches When running on Java 9 or later you need to add "--add-opens=java.base/java.io=ALL-UNNAMED" to the JVM command line arguments to enable ObjectStream cache memory leak protection. Alternatively, you can suppress this warning by disabling ObjectStream class cache memory leak protection.
30-Oct-2023 20:03:10.887 ADVERTENCIA [main] org.apache.catalina.loader.WebappClassLoaderBase.checkThreadLocalsForLeaks When running on Java 9 or later you need to add "--add-opens=java.base/java.lang=ALL-UNNAMED" to the JVM command line arguments to enable ThreadLocal memory leak detection. Alternatively, you can suppress this warning by disabling ThreadLocal memory leak detection.
30-Oct-2023 20:03:10.889 ADVERTENCIA [main] org.apache.catalina.loader.WebappClassLoaderBase.clearReferencesRmiTargets When running on Java 9 or later you need to add "--add-opens=java.rmi/sun.rmi.transport=ALL-UNNAMED" to the JVM command line arguments to enable RMI Target memory leak detection. Alternatively, you can suppress this warning by disabling RMI Target memory leak detection.
30-Oct-2023 20:03:10.899 ADVERTENCIA [main] org.apache.catalina.loader.WebappClassLoaderBase.clearReferencesObjectStreamClassCaches When running on Java 9 or later you need to add "--add-opens=java.base/java.io=ALL-UNNAMED" to the JVM command line arguments to enable ObjectStream cache memory leak protection. Alternatively, you can suppress this warning by disabling ObjectStream class cache memory leak protection.
30-Oct-2023 20:03:10.899 ADVERTENCIA [main] org.apache.catalina.loader.WebappClassLoaderBase.checkThreadLocalsForLeaks When running on Java 9 or later you need to add "--add-opens=java.base/java.lang=ALL-UNNAMED" to the JVM command line arguments to enable ThreadLocal memory leak detection. Alternatively, you can suppress this warning by disabling ThreadLocal memory leak detection.
30-Oct-2023 20:03:10.899 ADVERTENCIA [main] org.apache.catalina.loader.WebappClassLoaderBase.clearReferencesRmiTargets When running on Java 9 or later you need to add "--add-opens=java.rmi/sun.rmi.transport=ALL-UNNAMED" to the JVM command line arguments to enable RMI Target memory leak detection. Alternatively, you can suppress this warning by disabling RMI Target memory leak detection.
30-Oct-2023 20:03:10.904 ADVERTENCIA [main] org.apache.catalina.loader.WebappClassLoaderBase.clearReferencesObjectStreamClassCaches When running on Java 9 or later you need to add "--add-opens=java.base/java.io=ALL-UNNAMED" to the JVM command line arguments to enable ObjectStream cache memory leak protection. Alternatively, you can suppress this warning by disabling ObjectStream class cache memory leak protection.
30-Oct-2023 20:03:10.905 ADVERTENCIA [main] org.apache.catalina.loader.WebappClassLoaderBase.checkThreadLocalsForLeaks When running on Java 9 or later you need to add "--add-opens=java.base/java.lang=ALL-UNNAMED" to the JVM command line arguments to enable ThreadLocal memory leak detection. Alternatively, you can suppress this warning by disabling ThreadLocal memory leak detection.
30-Oct-2023 20:03:10.905 ADVERTENCIA [main] org.apache.catalina.loader.WebappClassLoaderBase.clearReferencesRmiTargets When running on Java 9 or later you need to add "--add-opens=java.rmi/sun.rmi.transport=ALL-UNNAMED" to the JVM command line arguments to enable RMI Target memory leak detection. Alternatively, you can suppress this warning by disabling RMI Target memory leak detection.
30-Oct-2023 20:03:10.920 ADVERTENCIA [main] org.apache.catalina.loader.WebappClassLoaderBase.clearReferencesJdbc La aplicación web [gestoracademico] registró el conductor JDBC [com.mysql.cj.jdbc.Driver] pero falló al anular el registro mientras la aplicación web estaba parada. Para prevenir un fallo de memoria, se ha anulado el registro del conductor JDBC por la fuerza.
30-Oct-2023 20:03:10.920 ADVERTENCIA [main] org.apache.catalina.loader.WebappClassLoaderBase.clearReferencesThreads The web application [gestoracademico] appears to have started a thread named [mysql-cj-abandoned-connection-cleanup] but has failed to stop it. This is very likely to create a memory leak. Stack trace of thread:
 java.base@17.0.8.1/java.lang.Object.wait(Native Method)
 java.base@17.0.8.1/java.lang.ref.ReferenceQueue.remove(ReferenceQueue.java:155)
 com.mysql.cj.jdbc.AbandonedConnectionCleanupThread.run(AbandonedConnectionCleanupThread.java:91)
 java.base@17.0.8.1/java.util.concurrent.ThreadPoolExecutor.runWorker(ThreadPoolExecutor.java:1136)
 java.base@17.0.8.1/java.util.concurrent.ThreadPoolExecutor$Worker.run(ThreadPoolExecutor.java:635)
 java.base@17.0.8.1/java.lang.Thread.run(Thread.java:833)
30-Oct-2023 20:03:10.920 ADVERTENCIA [main] org.apache.catalina.loader.WebappClassLoaderBase.clearReferencesObjectStreamClassCaches When running on Java 9 or later you need to add "--add-opens=java.base/java.io=ALL-UNNAMED" to the JVM command line arguments to enable ObjectStream cache memory leak protection. Alternatively, you can suppress this warning by disabling ObjectStream class cache memory leak protection.
30-Oct-2023 20:03:10.923 ADVERTENCIA [main] org.apache.catalina.loader.WebappClassLoaderBase.checkThreadLocalsForLeaks When running on Java 9 or later you need to add "--add-opens=java.base/java.lang=ALL-UNNAMED" to the JVM command line arguments to enable ThreadLocal memory leak detection. Alternatively, you can suppress this warning by disabling ThreadLocal memory leak detection.
30-Oct-2023 20:03:10.923 ADVERTENCIA [main] org.apache.catalina.loader.WebappClassLoaderBase.clearReferencesRmiTargets When running on Java 9 or later you need to add "--add-opens=java.rmi/sun.rmi.transport=ALL-UNNAMED" to the JVM command line arguments to enable RMI Target memory leak detection. Alternatively, you can suppress this warning by disabling RMI Target memory leak detection.
30-Oct-2023 20:03:10.927 ADVERTENCIA [main] org.apache.catalina.loader.WebappClassLoaderBase.clearReferencesObjectStreamClassCaches When running on Java 9 or later you need to add "--add-opens=java.base/java.io=ALL-UNNAMED" to the JVM command line arguments to enable ObjectStream cache memory leak protection. Alternatively, you can suppress this warning by disabling ObjectStream class cache memory leak protection.
30-Oct-2023 20:03:10.927 ADVERTENCIA [main] org.apache.catalina.loader.WebappClassLoaderBase.checkThreadLocalsForLeaks When running on Java 9 or later you need to add "--add-opens=java.base/java.lang=ALL-UNNAMED" to the JVM command line arguments to enable ThreadLocal memory leak detection. Alternatively, you can suppress this warning by disabling ThreadLocal memory leak detection.
30-Oct-2023 20:03:10.928 ADVERTENCIA [main] org.apache.catalina.loader.WebappClassLoaderBase.clearReferencesRmiTargets When running on Java 9 or later you need to add "--add-opens=java.rmi/sun.rmi.transport=ALL-UNNAMED" to the JVM command line arguments to enable RMI Target memory leak detection. Alternatively, you can suppress this warning by disabling RMI Target memory leak detection.
30-Oct-2023 20:03:10.932 ADVERTENCIA [main] org.apache.catalina.loader.WebappClassLoaderBase.clearReferencesObjectStreamClassCaches When running on Java 9 or later you need to add "--add-opens=java.base/java.io=ALL-UNNAMED" to the JVM command line arguments to enable ObjectStream cache memory leak protection. Alternatively, you can suppress this warning by disabling ObjectStream class cache memory leak protection.
30-Oct-2023 20:03:10.932 ADVERTENCIA [main] org.apache.catalina.loader.WebappClassLoaderBase.checkThreadLocalsForLeaks When running on Java 9 or later you need to add "--add-opens=java.base/java.lang=ALL-UNNAMED" to the JVM command line arguments to enable ThreadLocal memory leak detection. Alternatively, you can suppress this warning by disabling ThreadLocal memory leak detection.
30-Oct-2023 20:03:10.933 ADVERTENCIA [main] org.apache.catalina.loader.WebappClassLoaderBase.clearReferencesRmiTargets When running on Java 9 or later you need to add "--add-opens=java.rmi/sun.rmi.transport=ALL-UNNAMED" to the JVM command line arguments to enable RMI Target memory leak detection. Alternatively, you can suppress this warning by disabling RMI Target memory leak detection.
30-Oct-2023 20:03:10.933 INFORMACIÓN [main] org.apache.coyote.AbstractProtocol.stop Stopping ProtocolHandler ["http-nio-8080"]
30-Oct-2023 20:03:10.937 INFORMACIÓN [main] org.apache.coyote.AbstractProtocol.destroy Destroying ProtocolHandler ["http-nio-8080"]
30-Oct-2023 20:05:06.614 INFORMACIÓN [main] org.apache.catalina.startup.VersionLoggerListener.log Nombre de la versión del servidor: Apache Tomcat/9.0.80
30-Oct-2023 20:05:06.621 INFORMACIÓN [main] org.apache.catalina.startup.VersionLoggerListener.log Server built:                      Aug 23 2023 21:59:38 UTC
30-Oct-2023 20:05:06.621 INFORMACIÓN [main] org.apache.catalina.startup.VersionLoggerListener.log Número de versión de servidor:     9.0.80.0
30-Oct-2023 20:05:06.621 INFORMACIÓN [main] org.apache.catalina.startup.VersionLoggerListener.log OS Name:                           Windows 11
30-Oct-2023 20:05:06.621 INFORMACIÓN [main] org.apache.catalina.startup.VersionLoggerListener.log Versión de Systema Operativo:      10.0
30-Oct-2023 20:05:06.621 INFORMACIÓN [main] org.apache.catalina.startup.VersionLoggerListener.log Arquitectura:                      amd64
30-Oct-2023 20:05:06.621 INFORMACIÓN [main] org.apache.catalina.startup.VersionLoggerListener.log Java Home:                         C:\Users\Usuario\AppData\Local\Programs\Eclipse Adoptium\jdk-17.0.8.101-hotspot
30-Oct-2023 20:05:06.621 INFORMACIÓN [main] org.apache.catalina.startup.VersionLoggerListener.log JVM Version:                       17.0.8.1+1
30-Oct-2023 20:05:06.621 INFORMACIÓN [main] org.apache.catalina.startup.VersionLoggerListener.log Vededor JVM:                       Eclipse Adoptium
30-Oct-2023 20:05:06.621 INFORMACIÓN [main] org.apache.catalina.startup.VersionLoggerListener.log CATALINA_BASE:                     C:\Users\Usuario\Desktop\UNIVERSIDAD\4 CURSO\SEGUNDO CUATRIMESTRE\TFG\apache-tomcat-9.0.80
30-Oct-2023 20:05:06.621 INFORMACIÓN [main] org.apache.catalina.startup.VersionLoggerListener.log CATALINA_HOME:                     C:\Users\Usuario\Desktop\UNIVERSIDAD\4 CURSO\SEGUNDO CUATRIMESTRE\TFG\apache-tomcat-9.0.80
30-Oct-2023 20:05:06.651 INFORMACIÓN [main] org.apache.catalina.startup.VersionLoggerListener.log Command line argument:             -Djava.util.logging.config.file=c:\Users\Usuario\Desktop\UNIVERSIDAD\4 CURSO\SEGUNDO CUATRIMESTRE\TFG\apache-tomcat-9.0.80/conf/logging.properties
30-Oct-2023 20:05:06.651 INFORMACIÓN [main] org.apache.catalina.startup.VersionLoggerListener.log Command line argument:             -Djava.util.logging.manager=org.apache.juli.ClassLoaderLogManager
30-Oct-2023 20:05:06.651 INFORMACIÓN [main] org.apache.catalina.startup.VersionLoggerListener.log Command line argument:             -Djdk.tls.ephemeralDHKeySize=2048
30-Oct-2023 20:05:06.651 INFORMACIÓN [main] org.apache.catalina.startup.VersionLoggerListener.log Command line argument:             -Djava.protocol.handler.pkgs=org.apache.catalina.webresources
30-Oct-2023 20:05:06.651 INFORMACIÓN [main] org.apache.catalina.startup.VersionLoggerListener.log Command line argument:             -Dorg.apache.catalina.security.SecurityListener.UMASK=0027
30-Oct-2023 20:05:06.652 INFORMACIÓN [main] org.apache.catalina.startup.VersionLoggerListener.log Command line argument:             -Dcatalina.base=c:\Users\Usuario\Desktop\UNIVERSIDAD\4 CURSO\SEGUNDO CUATRIMESTRE\TFG\apache-tomcat-9.0.80
30-Oct-2023 20:05:06.652 INFORMACIÓN [main] org.apache.catalina.startup.VersionLoggerListener.log Command line argument:             -Dcatalina.home=c:\Users\Usuario\Desktop\UNIVERSIDAD\4 CURSO\SEGUNDO CUATRIMESTRE\TFG\apache-tomcat-9.0.80
30-Oct-2023 20:05:06.652 INFORMACIÓN [main] org.apache.catalina.startup.VersionLoggerListener.log Command line argument:             -Djava.io.tmpdir=c:\Users\Usuario\Desktop\UNIVERSIDAD\4 CURSO\SEGUNDO CUATRIMESTRE\TFG\apache-tomcat-9.0.80/temp
30-Oct-2023 20:05:06.660 INFORMACIÓN [main] org.apache.catalina.core.AprLifecycleListener.lifecycleEvent Cargada la biblioteca nativa APR de Apache Tomcat [1.2.38] con la versión APR [1.7.4].
30-Oct-2023 20:05:06.661 INFORMACIÓN [main] org.apache.catalina.core.AprLifecycleListener.lifecycleEvent Capacidades APR: IPv6 [true], enviar fichero [true], aceptar filtros [false], aleatorio [true], UDS [true].
30-Oct-2023 20:05:06.661 INFORMACIÓN [main] org.apache.catalina.core.AprLifecycleListener.lifecycleEvent APR/OpenSSL configuration: useAprConnector [false], useOpenSSL [true]
30-Oct-2023 20:05:06.676 INFORMACIÓN [main] org.apache.catalina.core.AprLifecycleListener.initializeSSL OpenSSL inicializado correctamente [OpenSSL 1.1.1v  1 Aug 2023]
30-Oct-2023 20:05:07.185 INFORMACIÓN [main] org.apache.coyote.AbstractProtocol.init Inicializando el manejador de protocolo ["http-nio-8080"]

30-Oct-2023 20:05:07.255 INFORMACIÓN [main] org.apache.catalina.startup.Catalina.load Server initialization in [999] milliseconds
30-Oct-2023 20:05:07.359 INFORMACIÓN [main] org.apache.catalina.core.StandardService.startInternal Arrancando servicio [Catalina]
30-Oct-2023 20:05:07.359 INFORMACIÓN [main] org.apache.catalina.core.StandardEngine.startInternal Starting Servlet engine: [Apache Tomcat/9.0.80]
30-Oct-2023 20:05:07.385 INFORMACIÓN [main] org.apache.catalina.startup.HostConfig.deployDirectory Desplegando el directorio [C:\Users\Usuario\Desktop\UNIVERSIDAD\4 CURSO\SEGUNDO CUATRIMESTRE\TFG\apache-tomcat-9.0.80\webapps\docs] de la aplicación web
30-Oct-2023 20:05:08.400 INFORMACIÓN [main] org.apache.catalina.startup.HostConfig.deployDirectory Deployment of web application directory [C:\Users\Usuario\Desktop\UNIVERSIDAD\4 CURSO\SEGUNDO CUATRIMESTRE\TFG\apache-tomcat-9.0.80\webapps\docs] has finished in [1.009] ms
30-Oct-2023 20:05:08.401 INFORMACIÓN [main] org.apache.catalina.startup.HostConfig.deployDirectory Desplegando el directorio [C:\Users\Usuario\Desktop\UNIVERSIDAD\4 CURSO\SEGUNDO CUATRIMESTRE\TFG\apache-tomcat-9.0.80\webapps\examples] de la aplicación web
30-Oct-2023 20:05:10.263 INFORMACIÓN [main] org.apache.catalina.startup.HostConfig.deployDirectory Deployment of web application directory [C:\Users\Usuario\Desktop\UNIVERSIDAD\4 CURSO\SEGUNDO CUATRIMESTRE\TFG\apache-tomcat-9.0.80\webapps\examples] has finished in [1.862] ms
30-Oct-2023 20:05:10.263 INFORMACIÓN [main] org.apache.catalina.startup.HostConfig.deployDirectory Desplegando el directorio [C:\Users\Usuario\Desktop\UNIVERSIDAD\4 CURSO\SEGUNDO CUATRIMESTRE\TFG\apache-tomcat-9.0.80\webapps\gestoracademico] de la aplicación web
30-Oct-2023 20:05:11.658 ADVERTENCIA [main] java.util.ArrayList.forEach Name = gestoracademico Property maxActive is not used in DBCP2, use maxTotal instead. maxTotal default value is 8. You have set value of "8" for "maxActive" property, which is being ignored.
30-Oct-2023 20:05:11.797 INFORMACIÓN [main] org.apache.jasper.servlet.TldScanner.scanJars Al menos un JAR, que se ha explorado buscando TLDs, aún no contenía TLDs. Activar historial de depuración para este historiador para una completa lista de los JARs que fueron explorados y de los que nos se halló TLDs. Saltarse JARs no necesarios durante la exploración puede dar lugar a una mejora de tiempo significativa en el arranque y compilación de JSP .
30-Oct-2023 20:05:11.838 INFORMACIÓN [main] org.apache.catalina.startup.HostConfig.deployDirectory Deployment of web application directory [C:\Users\Usuario\Desktop\UNIVERSIDAD\4 CURSO\SEGUNDO CUATRIMESTRE\TFG\apache-tomcat-9.0.80\webapps\gestoracademico] has finished in [1.575] ms
30-Oct-2023 20:05:11.838 INFORMACIÓN [main] org.apache.catalina.startup.HostConfig.deployDirectory Desplegando el directorio [C:\Users\Usuario\Desktop\UNIVERSIDAD\4 CURSO\SEGUNDO CUATRIMESTRE\TFG\apache-tomcat-9.0.80\webapps\host-manager] de la aplicación web
30-Oct-2023 20:05:11.969 INFORMACIÓN [main] org.apache.catalina.startup.HostConfig.deployDirectory Deployment of web application directory [C:\Users\Usuario\Desktop\UNIVERSIDAD\4 CURSO\SEGUNDO CUATRIMESTRE\TFG\apache-tomcat-9.0.80\webapps\host-manager] has finished in [131] ms
30-Oct-2023 20:05:11.969 INFORMACIÓN [main] org.apache.catalina.startup.HostConfig.deployDirectory Desplegando el directorio [C:\Users\Usuario\Desktop\UNIVERSIDAD\4 CURSO\SEGUNDO CUATRIMESTRE\TFG\apache-tomcat-9.0.80\webapps\manager] de la aplicación web
30-Oct-2023 20:05:12.093 INFORMACIÓN [main] org.apache.catalina.startup.HostConfig.deployDirectory Deployment of web application directory [C:\Users\Usuario\Desktop\UNIVERSIDAD\4 CURSO\SEGUNDO CUATRIMESTRE\TFG\apache-tomcat-9.0.80\webapps\manager] has finished in [124] ms
30-Oct-2023 20:05:12.093 INFORMACIÓN [main] org.apache.catalina.startup.HostConfig.deployDirectory Desplegando el directorio [C:\Users\Usuario\Desktop\UNIVERSIDAD\4 CURSO\SEGUNDO CUATRIMESTRE\TFG\apache-tomcat-9.0.80\webapps\ROOT] de la aplicación web
30-Oct-2023 20:05:12.143 INFORMACIÓN [main] org.apache.catalina.startup.HostConfig.deployDirectory Deployment of web application directory [C:\Users\Usuario\Desktop\UNIVERSIDAD\4 CURSO\SEGUNDO CUATRIMESTRE\TFG\apache-tomcat-9.0.80\webapps\ROOT] has finished in [50] ms
30-Oct-2023 20:05:12.148 INFORMACIÓN [main] org.apache.coyote.AbstractProtocol.start Starting ProtocolHandler ["http-nio-8080"]
30-Oct-2023 20:05:12.229 INFORMACIÓN [main] org.apache.catalina.startup.Catalina.start Server startup in [4980] milliseconds
30-Oct-2023 20:10:24.279 INFORMACIÓN [main] org.apache.catalina.core.StandardServer.await Se ha recibido un comando de apagado a través del puerto de apagado. Parando la instancia del Servidor.
30-Oct-2023 20:10:24.279 INFORMACIÓN [main] org.apache.coyote.AbstractProtocol.pause Pausing ProtocolHandler ["http-nio-8080"]
30-Oct-2023 20:10:24.289 INFORMACIÓN [main] org.apache.catalina.core.StandardService.stopInternal Parando servicio [Catalina]
30-Oct-2023 20:10:24.310 ADVERTENCIA [main] org.apache.catalina.loader.WebappClassLoaderBase.clearReferencesObjectStreamClassCaches When running on Java 9 or later you need to add "--add-opens=java.base/java.io=ALL-UNNAMED" to the JVM command line arguments to enable ObjectStream cache memory leak protection. Alternatively, you can suppress this warning by disabling ObjectStream class cache memory leak protection.
30-Oct-2023 20:10:24.310 ADVERTENCIA [main] org.apache.catalina.loader.WebappClassLoaderBase.checkThreadLocalsForLeaks When running on Java 9 or later you need to add "--add-opens=java.base/java.lang=ALL-UNNAMED" to the JVM command line arguments to enable ThreadLocal memory leak detection. Alternatively, you can suppress this warning by disabling ThreadLocal memory leak detection.
30-Oct-2023 20:10:24.310 ADVERTENCIA [main] org.apache.catalina.loader.WebappClassLoaderBase.clearReferencesRmiTargets When running on Java 9 or later you need to add "--add-opens=java.rmi/sun.rmi.transport=ALL-UNNAMED" to the JVM command line arguments to enable RMI Target memory leak detection. Alternatively, you can suppress this warning by disabling RMI Target memory leak detection.
30-Oct-2023 20:10:24.324 ADVERTENCIA [main] org.apache.catalina.loader.WebappClassLoaderBase.clearReferencesObjectStreamClassCaches When running on Java 9 or later you need to add "--add-opens=java.base/java.io=ALL-UNNAMED" to the JVM command line arguments to enable ObjectStream cache memory leak protection. Alternatively, you can suppress this warning by disabling ObjectStream class cache memory leak protection.
30-Oct-2023 20:10:24.324 ADVERTENCIA [main] org.apache.catalina.loader.WebappClassLoaderBase.checkThreadLocalsForLeaks When running on Java 9 or later you need to add "--add-opens=java.base/java.lang=ALL-UNNAMED" to the JVM command line arguments to enable ThreadLocal memory leak detection. Alternatively, you can suppress this warning by disabling ThreadLocal memory leak detection.
30-Oct-2023 20:10:24.324 ADVERTENCIA [main] org.apache.catalina.loader.WebappClassLoaderBase.clearReferencesRmiTargets When running on Java 9 or later you need to add "--add-opens=java.rmi/sun.rmi.transport=ALL-UNNAMED" to the JVM command line arguments to enable RMI Target memory leak detection. Alternatively, you can suppress this warning by disabling RMI Target memory leak detection.
30-Oct-2023 20:10:24.330 ADVERTENCIA [main] org.apache.catalina.loader.WebappClassLoaderBase.clearReferencesObjectStreamClassCaches When running on Java 9 or later you need to add "--add-opens=java.base/java.io=ALL-UNNAMED" to the JVM command line arguments to enable ObjectStream cache memory leak protection. Alternatively, you can suppress this warning by disabling ObjectStream class cache memory leak protection.
30-Oct-2023 20:10:24.330 ADVERTENCIA [main] org.apache.catalina.loader.WebappClassLoaderBase.checkThreadLocalsForLeaks When running on Java 9 or later you need to add "--add-opens=java.base/java.lang=ALL-UNNAMED" to the JVM command line arguments to enable ThreadLocal memory leak detection. Alternatively, you can suppress this warning by disabling ThreadLocal memory leak detection.
30-Oct-2023 20:10:24.330 ADVERTENCIA [main] org.apache.catalina.loader.WebappClassLoaderBase.clearReferencesRmiTargets When running on Java 9 or later you need to add "--add-opens=java.rmi/sun.rmi.transport=ALL-UNNAMED" to the JVM command line arguments to enable RMI Target memory leak detection. Alternatively, you can suppress this warning by disabling RMI Target memory leak detection.
30-Oct-2023 20:10:24.343 ADVERTENCIA [main] org.apache.catalina.loader.WebappClassLoaderBase.clearReferencesJdbc La aplicación web [gestoracademico] registró el conductor JDBC [com.mysql.cj.jdbc.Driver] pero falló al anular el registro mientras la aplicación web estaba parada. Para prevenir un fallo de memoria, se ha anulado el registro del conductor JDBC por la fuerza.
30-Oct-2023 20:10:24.343 ADVERTENCIA [main] org.apache.catalina.loader.WebappClassLoaderBase.clearReferencesThreads The web application [gestoracademico] appears to have started a thread named [mysql-cj-abandoned-connection-cleanup] but has failed to stop it. This is very likely to create a memory leak. Stack trace of thread:
 java.base@17.0.8.1/java.lang.Object.wait(Native Method)
 java.base@17.0.8.1/java.lang.ref.ReferenceQueue.remove(ReferenceQueue.java:155)
 com.mysql.cj.jdbc.AbandonedConnectionCleanupThread.run(AbandonedConnectionCleanupThread.java:91)
 java.base@17.0.8.1/java.util.concurrent.ThreadPoolExecutor.runWorker(ThreadPoolExecutor.java:1136)
 java.base@17.0.8.1/java.util.concurrent.ThreadPoolExecutor$Worker.run(ThreadPoolExecutor.java:635)
 java.base@17.0.8.1/java.lang.Thread.run(Thread.java:833)
30-Oct-2023 20:10:24.343 ADVERTENCIA [main] org.apache.catalina.loader.WebappClassLoaderBase.clearReferencesObjectStreamClassCaches When running on Java 9 or later you need to add "--add-opens=java.base/java.io=ALL-UNNAMED" to the JVM command line arguments to enable ObjectStream cache memory leak protection. Alternatively, you can suppress this warning by disabling ObjectStream class cache memory leak protection.
30-Oct-2023 20:10:24.343 ADVERTENCIA [main] org.apache.catalina.loader.WebappClassLoaderBase.checkThreadLocalsForLeaks When running on Java 9 or later you need to add "--add-opens=java.base/java.lang=ALL-UNNAMED" to the JVM command line arguments to enable ThreadLocal memory leak detection. Alternatively, you can suppress this warning by disabling ThreadLocal memory leak detection.
30-Oct-2023 20:10:24.343 ADVERTENCIA [main] org.apache.catalina.loader.WebappClassLoaderBase.clearReferencesRmiTargets When running on Java 9 or later you need to add "--add-opens=java.rmi/sun.rmi.transport=ALL-UNNAMED" to the JVM command line arguments to enable RMI Target memory leak detection. Alternatively, you can suppress this warning by disabling RMI Target memory leak detection.
30-Oct-2023 20:10:24.349 ADVERTENCIA [main] org.apache.catalina.loader.WebappClassLoaderBase.clearReferencesObjectStreamClassCaches When running on Java 9 or later you need to add "--add-opens=java.base/java.io=ALL-UNNAMED" to the JVM command line arguments to enable ObjectStream cache memory leak protection. Alternatively, you can suppress this warning by disabling ObjectStream class cache memory leak protection.
30-Oct-2023 20:10:24.349 ADVERTENCIA [main] org.apache.catalina.loader.WebappClassLoaderBase.checkThreadLocalsForLeaks When running on Java 9 or later you need to add "--add-opens=java.base/java.lang=ALL-UNNAMED" to the JVM command line arguments to enable ThreadLocal memory leak detection. Alternatively, you can suppress this warning by disabling ThreadLocal memory leak detection.
30-Oct-2023 20:10:24.349 ADVERTENCIA [main] org.apache.catalina.loader.WebappClassLoaderBase.clearReferencesRmiTargets When running on Java 9 or later you need to add "--add-opens=java.rmi/sun.rmi.transport=ALL-UNNAMED" to the JVM command line arguments to enable RMI Target memory leak detection. Alternatively, you can suppress this warning by disabling RMI Target memory leak detection.
30-Oct-2023 20:10:24.358 ADVERTENCIA [main] org.apache.catalina.loader.WebappClassLoaderBase.clearReferencesObjectStreamClassCaches When running on Java 9 or later you need to add "--add-opens=java.base/java.io=ALL-UNNAMED" to the JVM command line arguments to enable ObjectStream cache memory leak protection. Alternatively, you can suppress this warning by disabling ObjectStream class cache memory leak protection.
30-Oct-2023 20:10:24.359 ADVERTENCIA [main] org.apache.catalina.loader.WebappClassLoaderBase.checkThreadLocalsForLeaks When running on Java 9 or later you need to add "--add-opens=java.base/java.lang=ALL-UNNAMED" to the JVM command line arguments to enable ThreadLocal memory leak detection. Alternatively, you can suppress this warning by disabling ThreadLocal memory leak detection.
30-Oct-2023 20:10:24.359 ADVERTENCIA [main] org.apache.catalina.loader.WebappClassLoaderBase.clearReferencesRmiTargets When running on Java 9 or later you need to add "--add-opens=java.rmi/sun.rmi.transport=ALL-UNNAMED" to the JVM command line arguments to enable RMI Target memory leak detection. Alternatively, you can suppress this warning by disabling RMI Target memory leak detection.
30-Oct-2023 20:10:24.360 INFORMACIÓN [main] org.apache.coyote.AbstractProtocol.stop Stopping ProtocolHandler ["http-nio-8080"]
30-Oct-2023 20:10:24.384 INFORMACIÓN [main] org.apache.coyote.AbstractProtocol.destroy Destroying ProtocolHandler ["http-nio-8080"]
30-Oct-2023 20:10:28.776 INFORMACIÓN [main] org.apache.catalina.startup.VersionLoggerListener.log Nombre de la versión del servidor: Apache Tomcat/9.0.80
30-Oct-2023 20:10:28.780 INFORMACIÓN [main] org.apache.catalina.startup.VersionLoggerListener.log Server built:                      Aug 23 2023 21:59:38 UTC
30-Oct-2023 20:10:28.781 INFORMACIÓN [main] org.apache.catalina.startup.VersionLoggerListener.log Número de versión de servidor:     9.0.80.0
30-Oct-2023 20:10:28.781 INFORMACIÓN [main] org.apache.catalina.startup.VersionLoggerListener.log OS Name:                           Windows 11
30-Oct-2023 20:10:28.781 INFORMACIÓN [main] org.apache.catalina.startup.VersionLoggerListener.log Versión de Systema Operativo:      10.0
30-Oct-2023 20:10:28.781 INFORMACIÓN [main] org.apache.catalina.startup.VersionLoggerListener.log Arquitectura:                      amd64
30-Oct-2023 20:10:28.781 INFORMACIÓN [main] org.apache.catalina.startup.VersionLoggerListener.log Java Home:                         C:\Users\Usuario\AppData\Local\Programs\Eclipse Adoptium\jdk-17.0.8.101-hotspot
30-Oct-2023 20:10:28.782 INFORMACIÓN [main] org.apache.catalina.startup.VersionLoggerListener.log JVM Version:                       17.0.8.1+1
30-Oct-2023 20:10:28.783 INFORMACIÓN [main] org.apache.catalina.startup.VersionLoggerListener.log Vededor JVM:                       Eclipse Adoptium
30-Oct-2023 20:10:28.783 INFORMACIÓN [main] org.apache.catalina.startup.VersionLoggerListener.log CATALINA_BASE:                     C:\Users\Usuario\Desktop\UNIVERSIDAD\4 CURSO\SEGUNDO CUATRIMESTRE\TFG\apache-tomcat-9.0.80
30-Oct-2023 20:10:28.783 INFORMACIÓN [main] org.apache.catalina.startup.VersionLoggerListener.log CATALINA_HOME:                     C:\Users\Usuario\Desktop\UNIVERSIDAD\4 CURSO\SEGUNDO CUATRIMESTRE\TFG\apache-tomcat-9.0.80
30-Oct-2023 20:10:28.801 INFORMACIÓN [main] org.apache.catalina.startup.VersionLoggerListener.log Command line argument:             -Djava.util.logging.config.file=c:\Users\Usuario\Desktop\UNIVERSIDAD\4 CURSO\SEGUNDO CUATRIMESTRE\TFG\apache-tomcat-9.0.80/conf/logging.properties
30-Oct-2023 20:10:28.801 INFORMACIÓN [main] org.apache.catalina.startup.VersionLoggerListener.log Command line argument:             -Djava.util.logging.manager=org.apache.juli.ClassLoaderLogManager
30-Oct-2023 20:10:28.802 INFORMACIÓN [main] org.apache.catalina.startup.VersionLoggerListener.log Command line argument:             -Djdk.tls.ephemeralDHKeySize=2048
30-Oct-2023 20:10:28.802 INFORMACIÓN [main] org.apache.catalina.startup.VersionLoggerListener.log Command line argument:             -Djava.protocol.handler.pkgs=org.apache.catalina.webresources
30-Oct-2023 20:10:28.802 INFORMACIÓN [main] org.apache.catalina.startup.VersionLoggerListener.log Command line argument:             -Dorg.apache.catalina.security.SecurityListener.UMASK=0027
30-Oct-2023 20:10:28.802 INFORMACIÓN [main] org.apache.catalina.startup.VersionLoggerListener.log Command line argument:             -Dcatalina.base=c:\Users\Usuario\Desktop\UNIVERSIDAD\4 CURSO\SEGUNDO CUATRIMESTRE\TFG\apache-tomcat-9.0.80
30-Oct-2023 20:10:28.802 INFORMACIÓN [main] org.apache.catalina.startup.VersionLoggerListener.log Command line argument:             -Dcatalina.home=c:\Users\Usuario\Desktop\UNIVERSIDAD\4 CURSO\SEGUNDO CUATRIMESTRE\TFG\apache-tomcat-9.0.80
30-Oct-2023 20:10:28.802 INFORMACIÓN [main] org.apache.catalina.startup.VersionLoggerListener.log Command line argument:             -Djava.io.tmpdir=c:\Users\Usuario\Desktop\UNIVERSIDAD\4 CURSO\SEGUNDO CUATRIMESTRE\TFG\apache-tomcat-9.0.80/temp
30-Oct-2023 20:10:28.808 INFORMACIÓN [main] org.apache.catalina.core.AprLifecycleListener.lifecycleEvent Cargada la biblioteca nativa APR de Apache Tomcat [1.2.38] con la versión APR [1.7.4].
30-Oct-2023 20:10:28.809 INFORMACIÓN [main] org.apache.catalina.core.AprLifecycleListener.lifecycleEvent Capacidades APR: IPv6 [true], enviar fichero [true], aceptar filtros [false], aleatorio [true], UDS [true].
30-Oct-2023 20:10:28.809 INFORMACIÓN [main] org.apache.catalina.core.AprLifecycleListener.lifecycleEvent APR/OpenSSL configuration: useAprConnector [false], useOpenSSL [true]
30-Oct-2023 20:10:28.817 INFORMACIÓN [main] org.apache.catalina.core.AprLifecycleListener.initializeSSL OpenSSL inicializado correctamente [OpenSSL 1.1.1v  1 Aug 2023]
30-Oct-2023 20:10:29.180 INFORMACIÓN [main] org.apache.coyote.AbstractProtocol.init Inicializando el manejador de protocolo ["http-nio-8080"]

30-Oct-2023 20:10:29.234 INFORMACIÓN [main] org.apache.catalina.startup.Catalina.load Server initialization in [734] milliseconds
30-Oct-2023 20:10:29.344 INFORMACIÓN [main] org.apache.catalina.core.StandardService.startInternal Arrancando servicio [Catalina]
30-Oct-2023 20:10:29.344 INFORMACIÓN [main] org.apache.catalina.core.StandardEngine.startInternal Starting Servlet engine: [Apache Tomcat/9.0.80]
30-Oct-2023 20:10:29.361 INFORMACIÓN [main] org.apache.catalina.startup.HostConfig.deployDirectory Desplegando el directorio [C:\Users\Usuario\Desktop\UNIVERSIDAD\4 CURSO\SEGUNDO CUATRIMESTRE\TFG\apache-tomcat-9.0.80\webapps\docs] de la aplicación web
30-Oct-2023 20:10:29.769 INFORMACIÓN [main] org.apache.catalina.startup.HostConfig.deployDirectory Deployment of web application directory [C:\Users\Usuario\Desktop\UNIVERSIDAD\4 CURSO\SEGUNDO CUATRIMESTRE\TFG\apache-tomcat-9.0.80\webapps\docs] has finished in [402] ms
30-Oct-2023 20:10:29.769 INFORMACIÓN [main] org.apache.catalina.startup.HostConfig.deployDirectory Desplegando el directorio [C:\Users\Usuario\Desktop\UNIVERSIDAD\4 CURSO\SEGUNDO CUATRIMESTRE\TFG\apache-tomcat-9.0.80\webapps\examples] de la aplicación web
30-Oct-2023 20:10:30.429 INFORMACIÓN [main] org.apache.catalina.startup.HostConfig.deployDirectory Deployment of web application directory [C:\Users\Usuario\Desktop\UNIVERSIDAD\4 CURSO\SEGUNDO CUATRIMESTRE\TFG\apache-tomcat-9.0.80\webapps\examples] has finished in [660] ms
30-Oct-2023 20:10:30.429 INFORMACIÓN [main] org.apache.catalina.startup.HostConfig.deployDirectory Desplegando el directorio [C:\Users\Usuario\Desktop\UNIVERSIDAD\4 CURSO\SEGUNDO CUATRIMESTRE\TFG\apache-tomcat-9.0.80\webapps\gestoracademico] de la aplicación web
30-Oct-2023 20:10:32.139 ADVERTENCIA [main] java.util.ArrayList.forEach Name = gestoracademico Property maxActive is not used in DBCP2, use maxTotal instead. maxTotal default value is 8. You have set value of "8" for "maxActive" property, which is being ignored.
30-Oct-2023 20:10:32.360 INFORMACIÓN [main] org.apache.jasper.servlet.TldScanner.scanJars Al menos un JAR, que se ha explorado buscando TLDs, aún no contenía TLDs. Activar historial de depuración para este historiador para una completa lista de los JARs que fueron explorados y de los que nos se halló TLDs. Saltarse JARs no necesarios durante la exploración puede dar lugar a una mejora de tiempo significativa en el arranque y compilación de JSP .
30-Oct-2023 20:10:32.418 INFORMACIÓN [main] org.apache.catalina.startup.HostConfig.deployDirectory Deployment of web application directory [C:\Users\Usuario\Desktop\UNIVERSIDAD\4 CURSO\SEGUNDO CUATRIMESTRE\TFG\apache-tomcat-9.0.80\webapps\gestoracademico] has finished in [1.989] ms
30-Oct-2023 20:10:32.419 INFORMACIÓN [main] org.apache.catalina.startup.HostConfig.deployDirectory Desplegando el directorio [C:\Users\Usuario\Desktop\UNIVERSIDAD\4 CURSO\SEGUNDO CUATRIMESTRE\TFG\apache-tomcat-9.0.80\webapps\host-manager] de la aplicación web
30-Oct-2023 20:10:32.550 INFORMACIÓN [main] org.apache.catalina.startup.HostConfig.deployDirectory Deployment of web application directory [C:\Users\Usuario\Desktop\UNIVERSIDAD\4 CURSO\SEGUNDO CUATRIMESTRE\TFG\apache-tomcat-9.0.80\webapps\host-manager] has finished in [126] ms
30-Oct-2023 20:10:32.550 INFORMACIÓN [main] org.apache.catalina.startup.HostConfig.deployDirectory Desplegando el directorio [C:\Users\Usuario\Desktop\UNIVERSIDAD\4 CURSO\SEGUNDO CUATRIMESTRE\TFG\apache-tomcat-9.0.80\webapps\manager] de la aplicación web
30-Oct-2023 20:10:32.701 INFORMACIÓN [main] org.apache.catalina.startup.HostConfig.deployDirectory Deployment of web application directory [C:\Users\Usuario\Desktop\UNIVERSIDAD\4 CURSO\SEGUNDO CUATRIMESTRE\TFG\apache-tomcat-9.0.80\webapps\manager] has finished in [151] ms
30-Oct-2023 20:10:32.701 INFORMACIÓN [main] org.apache.catalina.startup.HostConfig.deployDirectory Desplegando el directorio [C:\Users\Usuario\Desktop\UNIVERSIDAD\4 CURSO\SEGUNDO CUATRIMESTRE\TFG\apache-tomcat-9.0.80\webapps\ROOT] de la aplicación web
30-Oct-2023 20:10:32.780 INFORMACIÓN [main] org.apache.catalina.startup.HostConfig.deployDirectory Deployment of web application directory [C:\Users\Usuario\Desktop\UNIVERSIDAD\4 CURSO\SEGUNDO CUATRIMESTRE\TFG\apache-tomcat-9.0.80\webapps\ROOT] has finished in [79] ms
30-Oct-2023 20:10:32.790 INFORMACIÓN [main] org.apache.coyote.AbstractProtocol.start Starting ProtocolHandler ["http-nio-8080"]
30-Oct-2023 20:10:32.889 INFORMACIÓN [main] org.apache.catalina.startup.Catalina.start Server startup in [3662] milliseconds
