26-Oct-2023 16:02:10.042 INFORMACIÓN [main] org.apache.catalina.startup.VersionLoggerListener.log Nombre de la versión del servidor: Apache Tomcat/9.0.80
26-Oct-2023 16:02:10.063 INFORMACIÓN [main] org.apache.catalina.startup.VersionLoggerListener.log Server built:                      Aug 23 2023 21:59:38 UTC
26-Oct-2023 16:02:10.063 INFORMACIÓN [main] org.apache.catalina.startup.VersionLoggerListener.log Número de versión de servidor:     9.0.80.0
26-Oct-2023 16:02:10.063 INFORMACIÓN [main] org.apache.catalina.startup.VersionLoggerListener.log OS Name:                           Windows 11
26-Oct-2023 16:02:10.063 INFORMACIÓN [main] org.apache.catalina.startup.VersionLoggerListener.log Versión de Systema Operativo:      10.0
26-Oct-2023 16:02:10.063 INFORMACIÓN [main] org.apache.catalina.startup.VersionLoggerListener.log Arquitectura:                      amd64
26-Oct-2023 16:02:10.063 INFORMACIÓN [main] org.apache.catalina.startup.VersionLoggerListener.log Java Home:                         C:\Users\Usuario\AppData\Local\Programs\Eclipse Adoptium\jdk-17.0.8.101-hotspot
26-Oct-2023 16:02:10.063 INFORMACIÓN [main] org.apache.catalina.startup.VersionLoggerListener.log JVM Version:                       17.0.8.1+1
26-Oct-2023 16:02:10.063 INFORMACIÓN [main] org.apache.catalina.startup.VersionLoggerListener.log Vededor JVM:                       Eclipse Adoptium
26-Oct-2023 16:02:10.063 INFORMACIÓN [main] org.apache.catalina.startup.VersionLoggerListener.log CATALINA_BASE:                     C:\Users\Usuario\Desktop\UNIVERSIDAD\4 CURSO\SEGUNDO CUATRIMESTRE\TFG\apache-tomcat-9.0.80
26-Oct-2023 16:02:10.063 INFORMACIÓN [main] org.apache.catalina.startup.VersionLoggerListener.log CATALINA_HOME:                     C:\Users\Usuario\Desktop\UNIVERSIDAD\4 CURSO\SEGUNDO CUATRIMESTRE\TFG\apache-tomcat-9.0.80
26-Oct-2023 16:02:10.109 INFORMACIÓN [main] org.apache.catalina.startup.VersionLoggerListener.log Command line argument:             -Djava.util.logging.config.file=c:\Users\Usuario\Desktop\UNIVERSIDAD\4 CURSO\SEGUNDO CUATRIMESTRE\TFG\apache-tomcat-9.0.80/conf/logging.properties
26-Oct-2023 16:02:10.109 INFORMACIÓN [main] org.apache.catalina.startup.VersionLoggerListener.log Command line argument:             -Djava.util.logging.manager=org.apache.juli.ClassLoaderLogManager
26-Oct-2023 16:02:10.109 INFORMACIÓN [main] org.apache.catalina.startup.VersionLoggerListener.log Command line argument:             -Djdk.tls.ephemeralDHKeySize=2048
26-Oct-2023 16:02:10.109 INFORMACIÓN [main] org.apache.catalina.startup.VersionLoggerListener.log Command line argument:             -Djava.protocol.handler.pkgs=org.apache.catalina.webresources
26-Oct-2023 16:02:10.109 INFORMACIÓN [main] org.apache.catalina.startup.VersionLoggerListener.log Command line argument:             -Dorg.apache.catalina.security.SecurityListener.UMASK=0027
26-Oct-2023 16:02:10.109 INFORMACIÓN [main] org.apache.catalina.startup.VersionLoggerListener.log Command line argument:             -Dcatalina.base=c:\Users\Usuario\Desktop\UNIVERSIDAD\4 CURSO\SEGUNDO CUATRIMESTRE\TFG\apache-tomcat-9.0.80
26-Oct-2023 16:02:10.109 INFORMACIÓN [main] org.apache.catalina.startup.VersionLoggerListener.log Command line argument:             -Dcatalina.home=c:\Users\Usuario\Desktop\UNIVERSIDAD\4 CURSO\SEGUNDO CUATRIMESTRE\TFG\apache-tomcat-9.0.80
26-Oct-2023 16:02:10.109 INFORMACIÓN [main] org.apache.catalina.startup.VersionLoggerListener.log Command line argument:             -Djava.io.tmpdir=c:\Users\Usuario\Desktop\UNIVERSIDAD\4 CURSO\SEGUNDO CUATRIMESTRE\TFG\apache-tomcat-9.0.80/temp
26-Oct-2023 16:02:10.124 INFORMACIÓN [main] org.apache.catalina.core.AprLifecycleListener.lifecycleEvent Cargada la biblioteca nativa APR de Apache Tomcat [1.2.38] con la versión APR [1.7.4].
26-Oct-2023 16:02:10.124 INFORMACIÓN [main] org.apache.catalina.core.AprLifecycleListener.lifecycleEvent Capacidades APR: IPv6 [true], enviar fichero [true], aceptar filtros [false], aleatorio [true], UDS [true].
26-Oct-2023 16:02:10.124 INFORMACIÓN [main] org.apache.catalina.core.AprLifecycleListener.lifecycleEvent APR/OpenSSL configuration: useAprConnector [false], useOpenSSL [true]
26-Oct-2023 16:02:10.160 INFORMACIÓN [main] org.apache.catalina.core.AprLifecycleListener.initializeSSL OpenSSL inicializado correctamente [OpenSSL 1.1.1v  1 Aug 2023]
26-Oct-2023 16:02:10.870 INFORMACIÓN [main] org.apache.coyote.AbstractProtocol.init Inicializando el manejador de protocolo ["http-nio-8080"]

26-Oct-2023 16:02:10.960 INFORMACIÓN [main] org.apache.catalina.startup.Catalina.load Server initialization in [1512] milliseconds
26-Oct-2023 16:02:11.089 INFORMACIÓN [main] org.apache.catalina.core.StandardService.startInternal Arrancando servicio [Catalina]
26-Oct-2023 16:02:11.089 INFORMACIÓN [main] org.apache.catalina.core.StandardEngine.startInternal Starting Servlet engine: [Apache Tomcat/9.0.80]
26-Oct-2023 16:02:11.125 INFORMACIÓN [main] org.apache.catalina.startup.HostConfig.deployDirectory Desplegando el directorio [C:\Users\Usuario\Desktop\UNIVERSIDAD\4 CURSO\SEGUNDO CUATRIMESTRE\TFG\apache-tomcat-9.0.80\webapps\docs] de la aplicación web
26-Oct-2023 16:02:12.132 INFORMACIÓN [main] org.apache.catalina.startup.HostConfig.deployDirectory Deployment of web application directory [C:\Users\Usuario\Desktop\UNIVERSIDAD\4 CURSO\SEGUNDO CUATRIMESTRE\TFG\apache-tomcat-9.0.80\webapps\docs] has finished in [1.007] ms
26-Oct-2023 16:02:12.132 INFORMACIÓN [main] org.apache.catalina.startup.HostConfig.deployDirectory Desplegando el directorio [C:\Users\Usuario\Desktop\UNIVERSIDAD\4 CURSO\SEGUNDO CUATRIMESTRE\TFG\apache-tomcat-9.0.80\webapps\examples] de la aplicación web
26-Oct-2023 16:02:15.250 INFORMACIÓN [main] org.apache.catalina.startup.HostConfig.deployDirectory Deployment of web application directory [C:\Users\Usuario\Desktop\UNIVERSIDAD\4 CURSO\SEGUNDO CUATRIMESTRE\TFG\apache-tomcat-9.0.80\webapps\examples] has finished in [3.118] ms
26-Oct-2023 16:02:15.250 INFORMACIÓN [main] org.apache.catalina.startup.HostConfig.deployDirectory Desplegando el directorio [C:\Users\Usuario\Desktop\UNIVERSIDAD\4 CURSO\SEGUNDO CUATRIMESTRE\TFG\apache-tomcat-9.0.80\webapps\gestoracademico] de la aplicación web
26-Oct-2023 16:02:17.188 ADVERTENCIA [main] java.util.ArrayList.forEach Name = gestoracademico Property maxActive is not used in DBCP2, use maxTotal instead. maxTotal default value is 8. You have set value of "8" for "maxActive" property, which is being ignored.
26-Oct-2023 16:02:17.417 INFORMACIÓN [main] org.apache.jasper.servlet.TldScanner.scanJars Al menos un JAR, que se ha explorado buscando TLDs, aún no contenía TLDs. Activar historial de depuración para este historiador para una completa lista de los JARs que fueron explorados y de los que nos se halló TLDs. Saltarse JARs no necesarios durante la exploración puede dar lugar a una mejora de tiempo significativa en el arranque y compilación de JSP .
26-Oct-2023 16:02:17.487 INFORMACIÓN [main] org.apache.catalina.startup.HostConfig.deployDirectory Deployment of web application directory [C:\Users\Usuario\Desktop\UNIVERSIDAD\4 CURSO\SEGUNDO CUATRIMESTRE\TFG\apache-tomcat-9.0.80\webapps\gestoracademico] has finished in [2.237] ms
26-Oct-2023 16:02:17.487 INFORMACIÓN [main] org.apache.catalina.startup.HostConfig.deployDirectory Desplegando el directorio [C:\Users\Usuario\Desktop\UNIVERSIDAD\4 CURSO\SEGUNDO CUATRIMESTRE\TFG\apache-tomcat-9.0.80\webapps\host-manager] de la aplicación web
26-Oct-2023 16:02:17.652 INFORMACIÓN [main] org.apache.catalina.startup.HostConfig.deployDirectory Deployment of web application directory [C:\Users\Usuario\Desktop\UNIVERSIDAD\4 CURSO\SEGUNDO CUATRIMESTRE\TFG\apache-tomcat-9.0.80\webapps\host-manager] has finished in [165] ms
26-Oct-2023 16:02:17.652 INFORMACIÓN [main] org.apache.catalina.startup.HostConfig.deployDirectory Desplegando el directorio [C:\Users\Usuario\Desktop\UNIVERSIDAD\4 CURSO\SEGUNDO CUATRIMESTRE\TFG\apache-tomcat-9.0.80\webapps\manager] de la aplicación web
26-Oct-2023 16:02:17.835 INFORMACIÓN [main] org.apache.catalina.startup.HostConfig.deployDirectory Deployment of web application directory [C:\Users\Usuario\Desktop\UNIVERSIDAD\4 CURSO\SEGUNDO CUATRIMESTRE\TFG\apache-tomcat-9.0.80\webapps\manager] has finished in [183] ms
26-Oct-2023 16:02:17.835 INFORMACIÓN [main] org.apache.catalina.startup.HostConfig.deployDirectory Desplegando el directorio [C:\Users\Usuario\Desktop\UNIVERSIDAD\4 CURSO\SEGUNDO CUATRIMESTRE\TFG\apache-tomcat-9.0.80\webapps\ROOT] de la aplicación web
26-Oct-2023 16:02:17.952 INFORMACIÓN [main] org.apache.catalina.startup.HostConfig.deployDirectory Deployment of web application directory [C:\Users\Usuario\Desktop\UNIVERSIDAD\4 CURSO\SEGUNDO CUATRIMESTRE\TFG\apache-tomcat-9.0.80\webapps\ROOT] has finished in [117] ms
26-Oct-2023 16:02:17.967 INFORMACIÓN [main] org.apache.coyote.AbstractProtocol.start Starting ProtocolHandler ["http-nio-8080"]
26-Oct-2023 16:02:18.093 INFORMACIÓN [main] org.apache.catalina.startup.Catalina.start Server startup in [7132] milliseconds
26-Oct-2023 16:09:57.203 INFORMACIÓN [Catalina-utility-2] org.apache.catalina.core.StandardContext.reload Ha comenzado la recarga de Contexto [/gestoracademico]
26-Oct-2023 16:09:57.223 ADVERTENCIA [Catalina-utility-2] org.apache.catalina.loader.WebappClassLoaderBase.clearReferencesObjectStreamClassCaches When running on Java 9 or later you need to add "--add-opens=java.base/java.io=ALL-UNNAMED" to the JVM command line arguments to enable ObjectStream cache memory leak protection. Alternatively, you can suppress this warning by disabling ObjectStream class cache memory leak protection.
26-Oct-2023 16:09:57.223 ADVERTENCIA [Catalina-utility-2] org.apache.catalina.loader.WebappClassLoaderBase.checkThreadLocalsForLeaks When running on Java 9 or later you need to add "--add-opens=java.base/java.lang=ALL-UNNAMED" to the JVM command line arguments to enable ThreadLocal memory leak detection. Alternatively, you can suppress this warning by disabling ThreadLocal memory leak detection.
26-Oct-2023 16:09:57.223 ADVERTENCIA [Catalina-utility-2] org.apache.catalina.loader.WebappClassLoaderBase.clearReferencesRmiTargets When running on Java 9 or later you need to add "--add-opens=java.rmi/sun.rmi.transport=ALL-UNNAMED" to the JVM command line arguments to enable RMI Target memory leak detection. Alternatively, you can suppress this warning by disabling RMI Target memory leak detection.
26-Oct-2023 16:09:58.095 INFORMACIÓN [Catalina-utility-2] org.apache.jasper.servlet.TldScanner.scanJars Al menos un JAR, que se ha explorado buscando TLDs, aún no contenía TLDs. Activar historial de depuración para este historiador para una completa lista de los JARs que fueron explorados y de los que nos se halló TLDs. Saltarse JARs no necesarios durante la exploración puede dar lugar a una mejora de tiempo significativa en el arranque y compilación de JSP .
26-Oct-2023 16:09:58.111 INFORMACIÓN [Catalina-utility-2] org.apache.catalina.core.StandardContext.reload Se ha completado la recarga de este Contexto
26-Oct-2023 16:20:55.189 INFORMACIÓN [main] org.apache.catalina.core.StandardServer.await Se ha recibido un comando de apagado a través del puerto de apagado. Parando la instancia del Servidor.
26-Oct-2023 16:20:55.189 INFORMACIÓN [main] org.apache.coyote.AbstractProtocol.pause Pausing ProtocolHandler ["http-nio-8080"]
26-Oct-2023 16:20:55.204 INFORMACIÓN [main] org.apache.catalina.core.StandardService.stopInternal Parando servicio [Catalina]
26-Oct-2023 16:20:55.204 ADVERTENCIA [main] org.apache.catalina.loader.WebappClassLoaderBase.clearReferencesObjectStreamClassCaches When running on Java 9 or later you need to add "--add-opens=java.base/java.io=ALL-UNNAMED" to the JVM command line arguments to enable ObjectStream cache memory leak protection. Alternatively, you can suppress this warning by disabling ObjectStream class cache memory leak protection.
26-Oct-2023 16:20:55.204 ADVERTENCIA [main] org.apache.catalina.loader.WebappClassLoaderBase.checkThreadLocalsForLeaks When running on Java 9 or later you need to add "--add-opens=java.base/java.lang=ALL-UNNAMED" to the JVM command line arguments to enable ThreadLocal memory leak detection. Alternatively, you can suppress this warning by disabling ThreadLocal memory leak detection.
26-Oct-2023 16:20:55.204 ADVERTENCIA [main] org.apache.catalina.loader.WebappClassLoaderBase.clearReferencesRmiTargets When running on Java 9 or later you need to add "--add-opens=java.rmi/sun.rmi.transport=ALL-UNNAMED" to the JVM command line arguments to enable RMI Target memory leak detection. Alternatively, you can suppress this warning by disabling RMI Target memory leak detection.
26-Oct-2023 16:20:55.204 ADVERTENCIA [main] org.apache.catalina.loader.WebappClassLoaderBase.clearReferencesObjectStreamClassCaches When running on Java 9 or later you need to add "--add-opens=java.base/java.io=ALL-UNNAMED" to the JVM command line arguments to enable ObjectStream cache memory leak protection. Alternatively, you can suppress this warning by disabling ObjectStream class cache memory leak protection.
26-Oct-2023 16:20:55.220 ADVERTENCIA [main] org.apache.catalina.loader.WebappClassLoaderBase.checkThreadLocalsForLeaks When running on Java 9 or later you need to add "--add-opens=java.base/java.lang=ALL-UNNAMED" to the JVM command line arguments to enable ThreadLocal memory leak detection. Alternatively, you can suppress this warning by disabling ThreadLocal memory leak detection.
26-Oct-2023 16:20:55.220 ADVERTENCIA [main] org.apache.catalina.loader.WebappClassLoaderBase.clearReferencesRmiTargets When running on Java 9 or later you need to add "--add-opens=java.rmi/sun.rmi.transport=ALL-UNNAMED" to the JVM command line arguments to enable RMI Target memory leak detection. Alternatively, you can suppress this warning by disabling RMI Target memory leak detection.
26-Oct-2023 16:20:55.220 ADVERTENCIA [main] org.apache.catalina.loader.WebappClassLoaderBase.clearReferencesObjectStreamClassCaches When running on Java 9 or later you need to add "--add-opens=java.base/java.io=ALL-UNNAMED" to the JVM command line arguments to enable ObjectStream cache memory leak protection. Alternatively, you can suppress this warning by disabling ObjectStream class cache memory leak protection.
26-Oct-2023 16:20:55.220 ADVERTENCIA [main] org.apache.catalina.loader.WebappClassLoaderBase.checkThreadLocalsForLeaks When running on Java 9 or later you need to add "--add-opens=java.base/java.lang=ALL-UNNAMED" to the JVM command line arguments to enable ThreadLocal memory leak detection. Alternatively, you can suppress this warning by disabling ThreadLocal memory leak detection.
26-Oct-2023 16:20:55.220 ADVERTENCIA [main] org.apache.catalina.loader.WebappClassLoaderBase.clearReferencesRmiTargets When running on Java 9 or later you need to add "--add-opens=java.rmi/sun.rmi.transport=ALL-UNNAMED" to the JVM command line arguments to enable RMI Target memory leak detection. Alternatively, you can suppress this warning by disabling RMI Target memory leak detection.
26-Oct-2023 16:20:55.220 ADVERTENCIA [main] org.apache.catalina.loader.WebappClassLoaderBase.clearReferencesObjectStreamClassCaches When running on Java 9 or later you need to add "--add-opens=java.base/java.io=ALL-UNNAMED" to the JVM command line arguments to enable ObjectStream cache memory leak protection. Alternatively, you can suppress this warning by disabling ObjectStream class cache memory leak protection.
26-Oct-2023 16:20:55.220 ADVERTENCIA [main] org.apache.catalina.loader.WebappClassLoaderBase.checkThreadLocalsForLeaks When running on Java 9 or later you need to add "--add-opens=java.base/java.lang=ALL-UNNAMED" to the JVM command line arguments to enable ThreadLocal memory leak detection. Alternatively, you can suppress this warning by disabling ThreadLocal memory leak detection.
26-Oct-2023 16:20:55.220 ADVERTENCIA [main] org.apache.catalina.loader.WebappClassLoaderBase.clearReferencesRmiTargets When running on Java 9 or later you need to add "--add-opens=java.rmi/sun.rmi.transport=ALL-UNNAMED" to the JVM command line arguments to enable RMI Target memory leak detection. Alternatively, you can suppress this warning by disabling RMI Target memory leak detection.
26-Oct-2023 16:20:55.220 ADVERTENCIA [main] org.apache.catalina.loader.WebappClassLoaderBase.clearReferencesObjectStreamClassCaches When running on Java 9 or later you need to add "--add-opens=java.base/java.io=ALL-UNNAMED" to the JVM command line arguments to enable ObjectStream cache memory leak protection. Alternatively, you can suppress this warning by disabling ObjectStream class cache memory leak protection.
26-Oct-2023 16:20:55.236 ADVERTENCIA [main] org.apache.catalina.loader.WebappClassLoaderBase.checkThreadLocalsForLeaks When running on Java 9 or later you need to add "--add-opens=java.base/java.lang=ALL-UNNAMED" to the JVM command line arguments to enable ThreadLocal memory leak detection. Alternatively, you can suppress this warning by disabling ThreadLocal memory leak detection.
26-Oct-2023 16:20:55.236 ADVERTENCIA [main] org.apache.catalina.loader.WebappClassLoaderBase.clearReferencesRmiTargets When running on Java 9 or later you need to add "--add-opens=java.rmi/sun.rmi.transport=ALL-UNNAMED" to the JVM command line arguments to enable RMI Target memory leak detection. Alternatively, you can suppress this warning by disabling RMI Target memory leak detection.
26-Oct-2023 16:20:55.236 ADVERTENCIA [main] org.apache.catalina.loader.WebappClassLoaderBase.clearReferencesObjectStreamClassCaches When running on Java 9 or later you need to add "--add-opens=java.base/java.io=ALL-UNNAMED" to the JVM command line arguments to enable ObjectStream cache memory leak protection. Alternatively, you can suppress this warning by disabling ObjectStream class cache memory leak protection.
26-Oct-2023 16:20:55.236 ADVERTENCIA [main] org.apache.catalina.loader.WebappClassLoaderBase.checkThreadLocalsForLeaks When running on Java 9 or later you need to add "--add-opens=java.base/java.lang=ALL-UNNAMED" to the JVM command line arguments to enable ThreadLocal memory leak detection. Alternatively, you can suppress this warning by disabling ThreadLocal memory leak detection.
26-Oct-2023 16:20:55.236 ADVERTENCIA [main] org.apache.catalina.loader.WebappClassLoaderBase.clearReferencesRmiTargets When running on Java 9 or later you need to add "--add-opens=java.rmi/sun.rmi.transport=ALL-UNNAMED" to the JVM command line arguments to enable RMI Target memory leak detection. Alternatively, you can suppress this warning by disabling RMI Target memory leak detection.
26-Oct-2023 16:20:55.236 INFORMACIÓN [main] org.apache.coyote.AbstractProtocol.stop Stopping ProtocolHandler ["http-nio-8080"]
26-Oct-2023 16:20:55.251 INFORMACIÓN [main] org.apache.coyote.AbstractProtocol.destroy Destroying ProtocolHandler ["http-nio-8080"]
26-Oct-2023 21:29:40.245 INFORMACIÓN [main] org.apache.catalina.startup.VersionLoggerListener.log Nombre de la versión del servidor: Apache Tomcat/9.0.80
26-Oct-2023 21:29:40.255 INFORMACIÓN [main] org.apache.catalina.startup.VersionLoggerListener.log Server built:                      Aug 23 2023 21:59:38 UTC
26-Oct-2023 21:29:40.255 INFORMACIÓN [main] org.apache.catalina.startup.VersionLoggerListener.log Número de versión de servidor:     9.0.80.0
26-Oct-2023 21:29:40.255 INFORMACIÓN [main] org.apache.catalina.startup.VersionLoggerListener.log OS Name:                           Windows 11
26-Oct-2023 21:29:40.255 INFORMACIÓN [main] org.apache.catalina.startup.VersionLoggerListener.log Versión de Systema Operativo:      10.0
26-Oct-2023 21:29:40.255 INFORMACIÓN [main] org.apache.catalina.startup.VersionLoggerListener.log Arquitectura:                      amd64
26-Oct-2023 21:29:40.255 INFORMACIÓN [main] org.apache.catalina.startup.VersionLoggerListener.log Java Home:                         C:\Users\Usuario\AppData\Local\Programs\Eclipse Adoptium\jdk-17.0.8.101-hotspot
26-Oct-2023 21:29:40.255 INFORMACIÓN [main] org.apache.catalina.startup.VersionLoggerListener.log JVM Version:                       17.0.8.1+1
26-Oct-2023 21:29:40.255 INFORMACIÓN [main] org.apache.catalina.startup.VersionLoggerListener.log Vededor JVM:                       Eclipse Adoptium
26-Oct-2023 21:29:40.255 INFORMACIÓN [main] org.apache.catalina.startup.VersionLoggerListener.log CATALINA_BASE:                     C:\Users\Usuario\Desktop\UNIVERSIDAD\4 CURSO\SEGUNDO CUATRIMESTRE\TFG\apache-tomcat-9.0.80
26-Oct-2023 21:29:40.255 INFORMACIÓN [main] org.apache.catalina.startup.VersionLoggerListener.log CATALINA_HOME:                     C:\Users\Usuario\Desktop\UNIVERSIDAD\4 CURSO\SEGUNDO CUATRIMESTRE\TFG\apache-tomcat-9.0.80
26-Oct-2023 21:29:40.301 INFORMACIÓN [main] org.apache.catalina.startup.VersionLoggerListener.log Command line argument:             -Djava.util.logging.config.file=c:\Users\Usuario\Desktop\UNIVERSIDAD\4 CURSO\SEGUNDO CUATRIMESTRE\TFG\apache-tomcat-9.0.80/conf/logging.properties
26-Oct-2023 21:29:40.302 INFORMACIÓN [main] org.apache.catalina.startup.VersionLoggerListener.log Command line argument:             -Djava.util.logging.manager=org.apache.juli.ClassLoaderLogManager
26-Oct-2023 21:29:40.302 INFORMACIÓN [main] org.apache.catalina.startup.VersionLoggerListener.log Command line argument:             -Djdk.tls.ephemeralDHKeySize=2048
26-Oct-2023 21:29:40.302 INFORMACIÓN [main] org.apache.catalina.startup.VersionLoggerListener.log Command line argument:             -Djava.protocol.handler.pkgs=org.apache.catalina.webresources
26-Oct-2023 21:29:40.303 INFORMACIÓN [main] org.apache.catalina.startup.VersionLoggerListener.log Command line argument:             -Dorg.apache.catalina.security.SecurityListener.UMASK=0027
26-Oct-2023 21:29:40.304 INFORMACIÓN [main] org.apache.catalina.startup.VersionLoggerListener.log Command line argument:             -Dcatalina.base=c:\Users\Usuario\Desktop\UNIVERSIDAD\4 CURSO\SEGUNDO CUATRIMESTRE\TFG\apache-tomcat-9.0.80
26-Oct-2023 21:29:40.304 INFORMACIÓN [main] org.apache.catalina.startup.VersionLoggerListener.log Command line argument:             -Dcatalina.home=c:\Users\Usuario\Desktop\UNIVERSIDAD\4 CURSO\SEGUNDO CUATRIMESTRE\TFG\apache-tomcat-9.0.80
26-Oct-2023 21:29:40.305 INFORMACIÓN [main] org.apache.catalina.startup.VersionLoggerListener.log Command line argument:             -Djava.io.tmpdir=c:\Users\Usuario\Desktop\UNIVERSIDAD\4 CURSO\SEGUNDO CUATRIMESTRE\TFG\apache-tomcat-9.0.80/temp
26-Oct-2023 21:29:40.321 INFORMACIÓN [main] org.apache.catalina.core.AprLifecycleListener.lifecycleEvent Cargada la biblioteca nativa APR de Apache Tomcat [1.2.38] con la versión APR [1.7.4].
26-Oct-2023 21:29:40.321 INFORMACIÓN [main] org.apache.catalina.core.AprLifecycleListener.lifecycleEvent Capacidades APR: IPv6 [true], enviar fichero [true], aceptar filtros [false], aleatorio [true], UDS [true].
26-Oct-2023 21:29:40.322 INFORMACIÓN [main] org.apache.catalina.core.AprLifecycleListener.lifecycleEvent APR/OpenSSL configuration: useAprConnector [false], useOpenSSL [true]
26-Oct-2023 21:29:40.360 INFORMACIÓN [main] org.apache.catalina.core.AprLifecycleListener.initializeSSL OpenSSL inicializado correctamente [OpenSSL 1.1.1v  1 Aug 2023]
26-Oct-2023 21:29:41.297 INFORMACIÓN [main] org.apache.coyote.AbstractProtocol.init Inicializando el manejador de protocolo ["http-nio-8080"]

26-Oct-2023 21:29:41.406 INFORMACIÓN [main] org.apache.catalina.startup.Catalina.load Server initialization in [1619] milliseconds
26-Oct-2023 21:29:41.561 INFORMACIÓN [main] org.apache.catalina.core.StandardService.startInternal Arrancando servicio [Catalina]
26-Oct-2023 21:29:41.561 INFORMACIÓN [main] org.apache.catalina.core.StandardEngine.startInternal Starting Servlet engine: [Apache Tomcat/9.0.80]
26-Oct-2023 21:29:41.603 INFORMACIÓN [main] org.apache.catalina.startup.HostConfig.deployDirectory Desplegando el directorio [C:\Users\Usuario\Desktop\UNIVERSIDAD\4 CURSO\SEGUNDO CUATRIMESTRE\TFG\apache-tomcat-9.0.80\webapps\docs] de la aplicación web
26-Oct-2023 21:29:42.523 INFORMACIÓN [main] org.apache.catalina.startup.HostConfig.deployDirectory Deployment of web application directory [C:\Users\Usuario\Desktop\UNIVERSIDAD\4 CURSO\SEGUNDO CUATRIMESTRE\TFG\apache-tomcat-9.0.80\webapps\docs] has finished in [905] ms
26-Oct-2023 21:29:42.523 INFORMACIÓN [main] org.apache.catalina.startup.HostConfig.deployDirectory Desplegando el directorio [C:\Users\Usuario\Desktop\UNIVERSIDAD\4 CURSO\SEGUNDO CUATRIMESTRE\TFG\apache-tomcat-9.0.80\webapps\examples] de la aplicación web
26-Oct-2023 21:29:44.520 INFORMACIÓN [main] org.apache.catalina.startup.HostConfig.deployDirectory Deployment of web application directory [C:\Users\Usuario\Desktop\UNIVERSIDAD\4 CURSO\SEGUNDO CUATRIMESTRE\TFG\apache-tomcat-9.0.80\webapps\examples] has finished in [1.997] ms
26-Oct-2023 21:29:44.520 INFORMACIÓN [main] org.apache.catalina.startup.HostConfig.deployDirectory Desplegando el directorio [C:\Users\Usuario\Desktop\UNIVERSIDAD\4 CURSO\SEGUNDO CUATRIMESTRE\TFG\apache-tomcat-9.0.80\webapps\gestoracademico] de la aplicación web
26-Oct-2023 21:29:45.517 ADVERTENCIA [main] java.util.ArrayList.forEach Name = gestoracademico Property maxActive is not used in DBCP2, use maxTotal instead. maxTotal default value is 8. You have set value of "8" for "maxActive" property, which is being ignored.
26-Oct-2023 21:29:45.791 INFORMACIÓN [main] org.apache.jasper.servlet.TldScanner.scanJars Al menos un JAR, que se ha explorado buscando TLDs, aún no contenía TLDs. Activar historial de depuración para este historiador para una completa lista de los JARs que fueron explorados y de los que nos se halló TLDs. Saltarse JARs no necesarios durante la exploración puede dar lugar a una mejora de tiempo significativa en el arranque y compilación de JSP .
26-Oct-2023 21:29:45.863 INFORMACIÓN [main] org.apache.catalina.startup.HostConfig.deployDirectory Deployment of web application directory [C:\Users\Usuario\Desktop\UNIVERSIDAD\4 CURSO\SEGUNDO CUATRIMESTRE\TFG\apache-tomcat-9.0.80\webapps\gestoracademico] has finished in [1.343] ms
26-Oct-2023 21:29:45.864 INFORMACIÓN [main] org.apache.catalina.startup.HostConfig.deployDirectory Desplegando el directorio [C:\Users\Usuario\Desktop\UNIVERSIDAD\4 CURSO\SEGUNDO CUATRIMESTRE\TFG\apache-tomcat-9.0.80\webapps\host-manager] de la aplicación web
26-Oct-2023 21:29:46.074 INFORMACIÓN [main] org.apache.catalina.startup.HostConfig.deployDirectory Deployment of web application directory [C:\Users\Usuario\Desktop\UNIVERSIDAD\4 CURSO\SEGUNDO CUATRIMESTRE\TFG\apache-tomcat-9.0.80\webapps\host-manager] has finished in [210] ms
26-Oct-2023 21:29:46.074 INFORMACIÓN [main] org.apache.catalina.startup.HostConfig.deployDirectory Desplegando el directorio [C:\Users\Usuario\Desktop\UNIVERSIDAD\4 CURSO\SEGUNDO CUATRIMESTRE\TFG\apache-tomcat-9.0.80\webapps\manager] de la aplicación web
26-Oct-2023 21:29:46.259 INFORMACIÓN [main] org.apache.catalina.startup.HostConfig.deployDirectory Deployment of web application directory [C:\Users\Usuario\Desktop\UNIVERSIDAD\4 CURSO\SEGUNDO CUATRIMESTRE\TFG\apache-tomcat-9.0.80\webapps\manager] has finished in [185] ms
26-Oct-2023 21:29:46.259 INFORMACIÓN [main] org.apache.catalina.startup.HostConfig.deployDirectory Desplegando el directorio [C:\Users\Usuario\Desktop\UNIVERSIDAD\4 CURSO\SEGUNDO CUATRIMESTRE\TFG\apache-tomcat-9.0.80\webapps\ROOT] de la aplicación web
26-Oct-2023 21:29:46.367 INFORMACIÓN [main] org.apache.catalina.startup.HostConfig.deployDirectory Deployment of web application directory [C:\Users\Usuario\Desktop\UNIVERSIDAD\4 CURSO\SEGUNDO CUATRIMESTRE\TFG\apache-tomcat-9.0.80\webapps\ROOT] has finished in [108] ms
26-Oct-2023 21:29:46.390 INFORMACIÓN [main] org.apache.coyote.AbstractProtocol.start Starting ProtocolHandler ["http-nio-8080"]
26-Oct-2023 21:29:46.532 INFORMACIÓN [main] org.apache.catalina.startup.Catalina.start Server startup in [5133] milliseconds
