06-Dec-2023 13:04:29.342 GRAVE [http-nio-8080-exec-254] org.apache.catalina.core.ApplicationDispatcher.invoke El Servlet.service() para servlet [jsp] lanzó una excepción
	org.apache.jasper.JasperException: No se puede compilar la clase para JSP: 

Ha tenido lugar un error en la línea: [28] en el archivo jsp: [/jsp/gestor.jsp]
asignatura cannot be resolved
25:         <div class="padre">
26:             <div class="hijo">
27:               <div class="opciones">
28:                 <a href="<%= request.getContextPath() %>/infoAsignaturaProfesor?titulacion=<%=asignatura.getTitulacion()%>&asignatura=<%=asignatura.getNombre()%>&fecha=<%=asignatura.getFecha()%>&id=<%=asignatura.getId()%>">
29:                     <h2>Asignaturas</h2>
30:                 </a>
31:               </div>


Ha tenido lugar un error en la línea: [28] en el archivo jsp: [/jsp/gestor.jsp]
asignatura cannot be resolved
25:         <div class="padre">
26:             <div class="hijo">
27:               <div class="opciones">
28:                 <a href="<%= request.getContextPath() %>/infoAsignaturaProfesor?titulacion=<%=asignatura.getTitulacion()%>&asignatura=<%=asignatura.getNombre()%>&fecha=<%=asignatura.getFecha()%>&id=<%=asignatura.getId()%>">
29:                     <h2>Asignaturas</h2>
30:                 </a>
31:               </div>


Ha tenido lugar un error en la línea: [28] en el archivo jsp: [/jsp/gestor.jsp]
asignatura cannot be resolved
25:         <div class="padre">
26:             <div class="hijo">
27:               <div class="opciones">
28:                 <a href="<%= request.getContextPath() %>/infoAsignaturaProfesor?titulacion=<%=asignatura.getTitulacion()%>&asignatura=<%=asignatura.getNombre()%>&fecha=<%=asignatura.getFecha()%>&id=<%=asignatura.getId()%>">
29:                     <h2>Asignaturas</h2>
30:                 </a>
31:               </div>


Ha tenido lugar un error en la línea: [28] en el archivo jsp: [/jsp/gestor.jsp]
asignatura cannot be resolved
25:         <div class="padre">
26:             <div class="hijo">
27:               <div class="opciones">
28:                 <a href="<%= request.getContextPath() %>/infoAsignaturaProfesor?titulacion=<%=asignatura.getTitulacion()%>&asignatura=<%=asignatura.getNombre()%>&fecha=<%=asignatura.getFecha()%>&id=<%=asignatura.getId()%>">
29:                     <h2>Asignaturas</h2>
30:                 </a>
31:               </div>


Ha tenido lugar un error en la línea: [33] en el archivo jsp: [/jsp/gestor.jsp]
asignatura cannot be resolved
30:                 </a>
31:               </div>
32:               <div class="opciones">
33:                 <a href="<%= request.getContextPath() %>/infoAsignaturaProfesor?titulacion=<%=asignatura.getTitulacion()%>&asignatura=<%=asignatura.getNombre()%>&fecha=<%=asignatura.getFecha()%>&id=<%=asignatura.getId()%>">
34:                     <h2><%= asignatura.getNombre() %></h2>
35:                 </a>
36:               </div>


Ha tenido lugar un error en la línea: [33] en el archivo jsp: [/jsp/gestor.jsp]
asignatura cannot be resolved
30:                 </a>
31:               </div>
32:               <div class="opciones">
33:                 <a href="<%= request.getContextPath() %>/infoAsignaturaProfesor?titulacion=<%=asignatura.getTitulacion()%>&asignatura=<%=asignatura.getNombre()%>&fecha=<%=asignatura.getFecha()%>&id=<%=asignatura.getId()%>">
34:                     <h2><%= asignatura.getNombre() %></h2>
35:                 </a>
36:               </div>


Ha tenido lugar un error en la línea: [33] en el archivo jsp: [/jsp/gestor.jsp]
asignatura cannot be resolved
30:                 </a>
31:               </div>
32:               <div class="opciones">
33:                 <a href="<%= request.getContextPath() %>/infoAsignaturaProfesor?titulacion=<%=asignatura.getTitulacion()%>&asignatura=<%=asignatura.getNombre()%>&fecha=<%=asignatura.getFecha()%>&id=<%=asignatura.getId()%>">
34:                     <h2><%= asignatura.getNombre() %></h2>
35:                 </a>
36:               </div>


Ha tenido lugar un error en la línea: [33] en el archivo jsp: [/jsp/gestor.jsp]
asignatura cannot be resolved
30:                 </a>
31:               </div>
32:               <div class="opciones">
33:                 <a href="<%= request.getContextPath() %>/infoAsignaturaProfesor?titulacion=<%=asignatura.getTitulacion()%>&asignatura=<%=asignatura.getNombre()%>&fecha=<%=asignatura.getFecha()%>&id=<%=asignatura.getId()%>">
34:                     <h2><%= asignatura.getNombre() %></h2>
35:                 </a>
36:               </div>


Ha tenido lugar un error en la línea: [34] en el archivo jsp: [/jsp/gestor.jsp]
asignatura cannot be resolved
31:               </div>
32:               <div class="opciones">
33:                 <a href="<%= request.getContextPath() %>/infoAsignaturaProfesor?titulacion=<%=asignatura.getTitulacion()%>&asignatura=<%=asignatura.getNombre()%>&fecha=<%=asignatura.getFecha()%>&id=<%=asignatura.getId()%>">
34:                     <h2><%= asignatura.getNombre() %></h2>
35:                 </a>
36:               </div>
37:             </div>


Stacktrace:
		at org.apache.jasper.compiler.DefaultErrorHandler.javacError(DefaultErrorHandler.java:102)
		at org.apache.jasper.compiler.ErrorDispatcher.javacError(ErrorDispatcher.java:213)
		at org.apache.jasper.compiler.JDTCompiler.generateClass(JDTCompiler.java:531)
		at org.apache.jasper.compiler.Compiler.compile(Compiler.java:398)
		at org.apache.jasper.compiler.Compiler.compile(Compiler.java:368)
		at org.apache.jasper.compiler.Compiler.compile(Compiler.java:352)
		at org.apache.jasper.JspCompilationContext.compile(JspCompilationContext.java:603)
		at org.apache.jasper.servlet.JspServletWrapper.service(JspServletWrapper.java:399)
		at org.apache.jasper.servlet.JspServlet.serviceJspFile(JspServlet.java:379)
		at org.apache.jasper.servlet.JspServlet.service(JspServlet.java:327)
		at javax.servlet.http.HttpServlet.service(HttpServlet.java:623)
		at org.apache.catalina.core.ApplicationFilterChain.internalDoFilter(ApplicationFilterChain.java:209)
		at org.apache.catalina.core.ApplicationFilterChain.doFilter(ApplicationFilterChain.java:153)
		at org.apache.tomcat.websocket.server.WsFilter.doFilter(WsFilter.java:51)
		at org.apache.catalina.core.ApplicationFilterChain.internalDoFilter(ApplicationFilterChain.java:178)
		at org.apache.catalina.core.ApplicationFilterChain.doFilter(ApplicationFilterChain.java:153)
		at org.apache.catalina.core.ApplicationDispatcher.invoke(ApplicationDispatcher.java:661)
		at org.apache.catalina.core.ApplicationDispatcher.processRequest(ApplicationDispatcher.java:425)
		at org.apache.catalina.core.ApplicationDispatcher.doForward(ApplicationDispatcher.java:357)
		at org.apache.catalina.core.ApplicationDispatcher.forward(ApplicationDispatcher.java:294)
		at controllers.Gestor.doGet(Gestor.java:25)
		at javax.servlet.http.HttpServlet.service(HttpServlet.java:529)
		at javax.servlet.http.HttpServlet.service(HttpServlet.java:623)
		at org.apache.catalina.core.ApplicationFilterChain.internalDoFilter(ApplicationFilterChain.java:209)
		at org.apache.catalina.core.ApplicationFilterChain.doFilter(ApplicationFilterChain.java:153)
		at org.apache.tomcat.websocket.server.WsFilter.doFilter(WsFilter.java:51)
		at org.apache.catalina.core.ApplicationFilterChain.internalDoFilter(ApplicationFilterChain.java:178)
		at org.apache.catalina.core.ApplicationFilterChain.doFilter(ApplicationFilterChain.java:153)
		at org.apache.catalina.core.StandardWrapperValve.invoke(StandardWrapperValve.java:168)
		at org.apache.catalina.core.StandardContextValve.invoke(StandardContextValve.java:90)
		at org.apache.catalina.authenticator.AuthenticatorBase.invoke(AuthenticatorBase.java:481)
		at org.apache.catalina.core.StandardHostValve.invoke(StandardHostValve.java:130)
		at org.apache.catalina.valves.ErrorReportValve.invoke(ErrorReportValve.java:93)
		at org.apache.catalina.valves.AbstractAccessLogValve.invoke(AbstractAccessLogValve.java:670)
		at org.apache.catalina.core.StandardEngineValve.invoke(StandardEngineValve.java:74)
		at org.apache.catalina.connector.CoyoteAdapter.service(CoyoteAdapter.java:343)
		at org.apache.coyote.http11.Http11Processor.service(Http11Processor.java:390)
		at org.apache.coyote.AbstractProcessorLight.process(AbstractProcessorLight.java:63)
		at org.apache.coyote.AbstractProtocol$ConnectionHandler.process(AbstractProtocol.java:926)
		at org.apache.tomcat.util.net.NioEndpoint$SocketProcessor.doRun(NioEndpoint.java:1790)
		at org.apache.tomcat.util.net.SocketProcessorBase.run(SocketProcessorBase.java:52)
		at org.apache.tomcat.util.threads.ThreadPoolExecutor.runWorker(ThreadPoolExecutor.java:1191)
		at org.apache.tomcat.util.threads.ThreadPoolExecutor$Worker.run(ThreadPoolExecutor.java:659)
		at org.apache.tomcat.util.threads.TaskThread$WrappingRunnable.run(TaskThread.java:61)
		at java.base/java.lang.Thread.run(Thread.java:833)
06-Dec-2023 13:04:29.343 GRAVE [http-nio-8080-exec-254] org.apache.catalina.core.StandardWrapperValve.invoke El Servlet.service() para el servlet [controllers.Gestor] en el contexto con ruta [/gestoracademico] lanzó la excepción [No se puede compilar la clase para JSP: 

Ha tenido lugar un error en la línea: [28] en el archivo jsp: [/jsp/gestor.jsp]
asignatura cannot be resolved
25:         <div class="padre">
26:             <div class="hijo">
27:               <div class="opciones">
28:                 <a href="<%= request.getContextPath() %>/infoAsignaturaProfesor?titulacion=<%=asignatura.getTitulacion()%>&asignatura=<%=asignatura.getNombre()%>&fecha=<%=asignatura.getFecha()%>&id=<%=asignatura.getId()%>">
29:                     <h2>Asignaturas</h2>
30:                 </a>
31:               </div>


Ha tenido lugar un error en la línea: [28] en el archivo jsp: [/jsp/gestor.jsp]
asignatura cannot be resolved
25:         <div class="padre">
26:             <div class="hijo">
27:               <div class="opciones">
28:                 <a href="<%= request.getContextPath() %>/infoAsignaturaProfesor?titulacion=<%=asignatura.getTitulacion()%>&asignatura=<%=asignatura.getNombre()%>&fecha=<%=asignatura.getFecha()%>&id=<%=asignatura.getId()%>">
29:                     <h2>Asignaturas</h2>
30:                 </a>
31:               </div>


Ha tenido lugar un error en la línea: [28] en el archivo jsp: [/jsp/gestor.jsp]
asignatura cannot be resolved
25:         <div class="padre">
26:             <div class="hijo">
27:               <div class="opciones">
28:                 <a href="<%= request.getContextPath() %>/infoAsignaturaProfesor?titulacion=<%=asignatura.getTitulacion()%>&asignatura=<%=asignatura.getNombre()%>&fecha=<%=asignatura.getFecha()%>&id=<%=asignatura.getId()%>">
29:                     <h2>Asignaturas</h2>
30:                 </a>
31:               </div>


Ha tenido lugar un error en la línea: [28] en el archivo jsp: [/jsp/gestor.jsp]
asignatura cannot be resolved
25:         <div class="padre">
26:             <div class="hijo">
27:               <div class="opciones">
28:                 <a href="<%= request.getContextPath() %>/infoAsignaturaProfesor?titulacion=<%=asignatura.getTitulacion()%>&asignatura=<%=asignatura.getNombre()%>&fecha=<%=asignatura.getFecha()%>&id=<%=asignatura.getId()%>">
29:                     <h2>Asignaturas</h2>
30:                 </a>
31:               </div>


Ha tenido lugar un error en la línea: [33] en el archivo jsp: [/jsp/gestor.jsp]
asignatura cannot be resolved
30:                 </a>
31:               </div>
32:               <div class="opciones">
33:                 <a href="<%= request.getContextPath() %>/infoAsignaturaProfesor?titulacion=<%=asignatura.getTitulacion()%>&asignatura=<%=asignatura.getNombre()%>&fecha=<%=asignatura.getFecha()%>&id=<%=asignatura.getId()%>">
34:                     <h2><%= asignatura.getNombre() %></h2>
35:                 </a>
36:               </div>


Ha tenido lugar un error en la línea: [33] en el archivo jsp: [/jsp/gestor.jsp]
asignatura cannot be resolved
30:                 </a>
31:               </div>
32:               <div class="opciones">
33:                 <a href="<%= request.getContextPath() %>/infoAsignaturaProfesor?titulacion=<%=asignatura.getTitulacion()%>&asignatura=<%=asignatura.getNombre()%>&fecha=<%=asignatura.getFecha()%>&id=<%=asignatura.getId()%>">
34:                     <h2><%= asignatura.getNombre() %></h2>
35:                 </a>
36:               </div>


Ha tenido lugar un error en la línea: [33] en el archivo jsp: [/jsp/gestor.jsp]
asignatura cannot be resolved
30:                 </a>
31:               </div>
32:               <div class="opciones">
33:                 <a href="<%= request.getContextPath() %>/infoAsignaturaProfesor?titulacion=<%=asignatura.getTitulacion()%>&asignatura=<%=asignatura.getNombre()%>&fecha=<%=asignatura.getFecha()%>&id=<%=asignatura.getId()%>">
34:                     <h2><%= asignatura.getNombre() %></h2>
35:                 </a>
36:               </div>


Ha tenido lugar un error en la línea: [33] en el archivo jsp: [/jsp/gestor.jsp]
asignatura cannot be resolved
30:                 </a>
31:               </div>
32:               <div class="opciones">
33:                 <a href="<%= request.getContextPath() %>/infoAsignaturaProfesor?titulacion=<%=asignatura.getTitulacion()%>&asignatura=<%=asignatura.getNombre()%>&fecha=<%=asignatura.getFecha()%>&id=<%=asignatura.getId()%>">
34:                     <h2><%= asignatura.getNombre() %></h2>
35:                 </a>
36:               </div>


Ha tenido lugar un error en la línea: [34] en el archivo jsp: [/jsp/gestor.jsp]
asignatura cannot be resolved
31:               </div>
32:               <div class="opciones">
33:                 <a href="<%= request.getContextPath() %>/infoAsignaturaProfesor?titulacion=<%=asignatura.getTitulacion()%>&asignatura=<%=asignatura.getNombre()%>&fecha=<%=asignatura.getFecha()%>&id=<%=asignatura.getId()%>">
34:                     <h2><%= asignatura.getNombre() %></h2>
35:                 </a>
36:               </div>
37:             </div>


Stacktrace:] con causa raíz
	org.apache.jasper.JasperException: No se puede compilar la clase para JSP: 

Ha tenido lugar un error en la línea: [28] en el archivo jsp: [/jsp/gestor.jsp]
asignatura cannot be resolved
25:         <div class="padre">
26:             <div class="hijo">
27:               <div class="opciones">
28:                 <a href="<%= request.getContextPath() %>/infoAsignaturaProfesor?titulacion=<%=asignatura.getTitulacion()%>&asignatura=<%=asignatura.getNombre()%>&fecha=<%=asignatura.getFecha()%>&id=<%=asignatura.getId()%>">
29:                     <h2>Asignaturas</h2>
30:                 </a>
31:               </div>


Ha tenido lugar un error en la línea: [28] en el archivo jsp: [/jsp/gestor.jsp]
asignatura cannot be resolved
25:         <div class="padre">
26:             <div class="hijo">
27:               <div class="opciones">
28:                 <a href="<%= request.getContextPath() %>/infoAsignaturaProfesor?titulacion=<%=asignatura.getTitulacion()%>&asignatura=<%=asignatura.getNombre()%>&fecha=<%=asignatura.getFecha()%>&id=<%=asignatura.getId()%>">
29:                     <h2>Asignaturas</h2>
30:                 </a>
31:               </div>


Ha tenido lugar un error en la línea: [28] en el archivo jsp: [/jsp/gestor.jsp]
asignatura cannot be resolved
25:         <div class="padre">
26:             <div class="hijo">
27:               <div class="opciones">
28:                 <a href="<%= request.getContextPath() %>/infoAsignaturaProfesor?titulacion=<%=asignatura.getTitulacion()%>&asignatura=<%=asignatura.getNombre()%>&fecha=<%=asignatura.getFecha()%>&id=<%=asignatura.getId()%>">
29:                     <h2>Asignaturas</h2>
30:                 </a>
31:               </div>


Ha tenido lugar un error en la línea: [28] en el archivo jsp: [/jsp/gestor.jsp]
asignatura cannot be resolved
25:         <div class="padre">
26:             <div class="hijo">
27:               <div class="opciones">
28:                 <a href="<%= request.getContextPath() %>/infoAsignaturaProfesor?titulacion=<%=asignatura.getTitulacion()%>&asignatura=<%=asignatura.getNombre()%>&fecha=<%=asignatura.getFecha()%>&id=<%=asignatura.getId()%>">
29:                     <h2>Asignaturas</h2>
30:                 </a>
31:               </div>


Ha tenido lugar un error en la línea: [33] en el archivo jsp: [/jsp/gestor.jsp]
asignatura cannot be resolved
30:                 </a>
31:               </div>
32:               <div class="opciones">
33:                 <a href="<%= request.getContextPath() %>/infoAsignaturaProfesor?titulacion=<%=asignatura.getTitulacion()%>&asignatura=<%=asignatura.getNombre()%>&fecha=<%=asignatura.getFecha()%>&id=<%=asignatura.getId()%>">
34:                     <h2><%= asignatura.getNombre() %></h2>
35:                 </a>
36:               </div>


Ha tenido lugar un error en la línea: [33] en el archivo jsp: [/jsp/gestor.jsp]
asignatura cannot be resolved
30:                 </a>
31:               </div>
32:               <div class="opciones">
33:                 <a href="<%= request.getContextPath() %>/infoAsignaturaProfesor?titulacion=<%=asignatura.getTitulacion()%>&asignatura=<%=asignatura.getNombre()%>&fecha=<%=asignatura.getFecha()%>&id=<%=asignatura.getId()%>">
34:                     <h2><%= asignatura.getNombre() %></h2>
35:                 </a>
36:               </div>


Ha tenido lugar un error en la línea: [33] en el archivo jsp: [/jsp/gestor.jsp]
asignatura cannot be resolved
30:                 </a>
31:               </div>
32:               <div class="opciones">
33:                 <a href="<%= request.getContextPath() %>/infoAsignaturaProfesor?titulacion=<%=asignatura.getTitulacion()%>&asignatura=<%=asignatura.getNombre()%>&fecha=<%=asignatura.getFecha()%>&id=<%=asignatura.getId()%>">
34:                     <h2><%= asignatura.getNombre() %></h2>
35:                 </a>
36:               </div>


Ha tenido lugar un error en la línea: [33] en el archivo jsp: [/jsp/gestor.jsp]
asignatura cannot be resolved
30:                 </a>
31:               </div>
32:               <div class="opciones">
33:                 <a href="<%= request.getContextPath() %>/infoAsignaturaProfesor?titulacion=<%=asignatura.getTitulacion()%>&asignatura=<%=asignatura.getNombre()%>&fecha=<%=asignatura.getFecha()%>&id=<%=asignatura.getId()%>">
34:                     <h2><%= asignatura.getNombre() %></h2>
35:                 </a>
36:               </div>


Ha tenido lugar un error en la línea: [34] en el archivo jsp: [/jsp/gestor.jsp]
asignatura cannot be resolved
31:               </div>
32:               <div class="opciones">
33:                 <a href="<%= request.getContextPath() %>/infoAsignaturaProfesor?titulacion=<%=asignatura.getTitulacion()%>&asignatura=<%=asignatura.getNombre()%>&fecha=<%=asignatura.getFecha()%>&id=<%=asignatura.getId()%>">
34:                     <h2><%= asignatura.getNombre() %></h2>
35:                 </a>
36:               </div>
37:             </div>


Stacktrace:
		at org.apache.jasper.compiler.DefaultErrorHandler.javacError(DefaultErrorHandler.java:102)
		at org.apache.jasper.compiler.ErrorDispatcher.javacError(ErrorDispatcher.java:213)
		at org.apache.jasper.compiler.JDTCompiler.generateClass(JDTCompiler.java:531)
		at org.apache.jasper.compiler.Compiler.compile(Compiler.java:398)
		at org.apache.jasper.compiler.Compiler.compile(Compiler.java:368)
		at org.apache.jasper.compiler.Compiler.compile(Compiler.java:352)
		at org.apache.jasper.JspCompilationContext.compile(JspCompilationContext.java:603)
		at org.apache.jasper.servlet.JspServletWrapper.service(JspServletWrapper.java:399)
		at org.apache.jasper.servlet.JspServlet.serviceJspFile(JspServlet.java:379)
		at org.apache.jasper.servlet.JspServlet.service(JspServlet.java:327)
		at javax.servlet.http.HttpServlet.service(HttpServlet.java:623)
		at org.apache.catalina.core.ApplicationFilterChain.internalDoFilter(ApplicationFilterChain.java:209)
		at org.apache.catalina.core.ApplicationFilterChain.doFilter(ApplicationFilterChain.java:153)
		at org.apache.tomcat.websocket.server.WsFilter.doFilter(WsFilter.java:51)
		at org.apache.catalina.core.ApplicationFilterChain.internalDoFilter(ApplicationFilterChain.java:178)
		at org.apache.catalina.core.ApplicationFilterChain.doFilter(ApplicationFilterChain.java:153)
		at org.apache.catalina.core.ApplicationDispatcher.invoke(ApplicationDispatcher.java:661)
		at org.apache.catalina.core.ApplicationDispatcher.processRequest(ApplicationDispatcher.java:425)
		at org.apache.catalina.core.ApplicationDispatcher.doForward(ApplicationDispatcher.java:357)
		at org.apache.catalina.core.ApplicationDispatcher.forward(ApplicationDispatcher.java:294)
		at controllers.Gestor.doGet(Gestor.java:25)
		at javax.servlet.http.HttpServlet.service(HttpServlet.java:529)
		at javax.servlet.http.HttpServlet.service(HttpServlet.java:623)
		at org.apache.catalina.core.ApplicationFilterChain.internalDoFilter(ApplicationFilterChain.java:209)
		at org.apache.catalina.core.ApplicationFilterChain.doFilter(ApplicationFilterChain.java:153)
		at org.apache.tomcat.websocket.server.WsFilter.doFilter(WsFilter.java:51)
		at org.apache.catalina.core.ApplicationFilterChain.internalDoFilter(ApplicationFilterChain.java:178)
		at org.apache.catalina.core.ApplicationFilterChain.doFilter(ApplicationFilterChain.java:153)
		at org.apache.catalina.core.StandardWrapperValve.invoke(StandardWrapperValve.java:168)
		at org.apache.catalina.core.StandardContextValve.invoke(StandardContextValve.java:90)
		at org.apache.catalina.authenticator.AuthenticatorBase.invoke(AuthenticatorBase.java:481)
		at org.apache.catalina.core.StandardHostValve.invoke(StandardHostValve.java:130)
		at org.apache.catalina.valves.ErrorReportValve.invoke(ErrorReportValve.java:93)
		at org.apache.catalina.valves.AbstractAccessLogValve.invoke(AbstractAccessLogValve.java:670)
		at org.apache.catalina.core.StandardEngineValve.invoke(StandardEngineValve.java:74)
		at org.apache.catalina.connector.CoyoteAdapter.service(CoyoteAdapter.java:343)
		at org.apache.coyote.http11.Http11Processor.service(Http11Processor.java:390)
		at org.apache.coyote.AbstractProcessorLight.process(AbstractProcessorLight.java:63)
		at org.apache.coyote.AbstractProtocol$ConnectionHandler.process(AbstractProtocol.java:926)
		at org.apache.tomcat.util.net.NioEndpoint$SocketProcessor.doRun(NioEndpoint.java:1790)
		at org.apache.tomcat.util.net.SocketProcessorBase.run(SocketProcessorBase.java:52)
		at org.apache.tomcat.util.threads.ThreadPoolExecutor.runWorker(ThreadPoolExecutor.java:1191)
		at org.apache.tomcat.util.threads.ThreadPoolExecutor$Worker.run(ThreadPoolExecutor.java:659)
		at org.apache.tomcat.util.threads.TaskThread$WrappingRunnable.run(TaskThread.java:61)
		at java.base/java.lang.Thread.run(Thread.java:833)
