02-Nov-2023 18:23:07.316 INFORMACIÓN [main] org.apache.catalina.core.ApplicationContext.log SessionListener: contextDestroyed()
02-Nov-2023 18:23:07.316 INFORMACIÓN [main] org.apache.catalina.core.ApplicationContext.log ContextListener: contextDestroyed()
02-Nov-2023 18:27:51.629 INFORMACIÓN [main] org.apache.catalina.core.ApplicationContext.log ContextListener: contextInitialized()
02-Nov-2023 18:27:51.629 INFORMACIÓN [main] org.apache.catalina.core.ApplicationContext.log SessionListener: contextInitialized()
02-Nov-2023 18:27:51.632 INFORMACIÓN [main] org.apache.catalina.core.ApplicationContext.log ContextListener: attributeAdded('StockTicker', 'async.Stockticker@464649c')
02-Nov-2023 18:36:50.708 GRAVE [http-nio-8080-exec-7] org.apache.catalina.core.ApplicationDispatcher.invoke El Servlet.service() para servlet [jsp] lanzó una excepción
	java.lang.NullPointerException: Cannot invoke "java.util.List.iterator()" because "asistenciaHistTitulacion" is null
		at org.apache.jsp.jsp.recomendador_jsp._jspService(recomendador_jsp.java:410)
		at org.apache.jasper.runtime.HttpJspBase.service(HttpJspBase.java:70)
		at javax.servlet.http.HttpServlet.service(HttpServlet.java:623)
		at org.apache.jasper.servlet.JspServletWrapper.service(JspServletWrapper.java:466)
		at org.apache.jasper.servlet.JspServlet.serviceJspFile(JspServlet.java:379)
		at org.apache.jasper.servlet.JspServlet.service(JspServlet.java:327)
		at javax.servlet.http.HttpServlet.service(HttpServlet.java:623)
		at org.apache.catalina.core.ApplicationFilterChain.internalDoFilter(ApplicationFilterChain.java:209)
		at org.apache.catalina.core.ApplicationFilterChain.doFilter(ApplicationFilterChain.java:153)
		at org.apache.tomcat.websocket.server.WsFilter.doFilter(WsFilter.java:51)
		at org.apache.catalina.core.ApplicationFilterChain.internalDoFilter(ApplicationFilterChain.java:178)
		at org.apache.catalina.core.ApplicationFilterChain.doFilter(ApplicationFilterChain.java:153)
		at org.apache.catalina.core.ApplicationDispatcher.invoke(ApplicationDispatcher.java:661)
		at org.apache.catalina.core.ApplicationDispatcher.processRequest(ApplicationDispatcher.java:425)
		at org.apache.catalina.core.ApplicationDispatcher.doForward(ApplicationDispatcher.java:357)
		at org.apache.catalina.core.ApplicationDispatcher.forward(ApplicationDispatcher.java:294)
		at controllers.Recomendador.doGet(Recomendador.java:74)
		at javax.servlet.http.HttpServlet.service(HttpServlet.java:529)
		at javax.servlet.http.HttpServlet.service(HttpServlet.java:623)
		at org.apache.catalina.core.ApplicationFilterChain.internalDoFilter(ApplicationFilterChain.java:209)
		at org.apache.catalina.core.ApplicationFilterChain.doFilter(ApplicationFilterChain.java:153)
		at org.apache.tomcat.websocket.server.WsFilter.doFilter(WsFilter.java:51)
		at org.apache.catalina.core.ApplicationFilterChain.internalDoFilter(ApplicationFilterChain.java:178)
		at org.apache.catalina.core.ApplicationFilterChain.doFilter(ApplicationFilterChain.java:153)
		at org.apache.catalina.core.StandardWrapperValve.invoke(StandardWrapperValve.java:168)
		at org.apache.catalina.core.StandardContextValve.invoke(StandardContextValve.java:90)
		at org.apache.catalina.authenticator.AuthenticatorBase.invoke(AuthenticatorBase.java:481)
		at org.apache.catalina.core.StandardHostValve.invoke(StandardHostValve.java:130)
		at org.apache.catalina.valves.ErrorReportValve.invoke(ErrorReportValve.java:93)
		at org.apache.catalina.valves.AbstractAccessLogValve.invoke(AbstractAccessLogValve.java:670)
		at org.apache.catalina.core.StandardEngineValve.invoke(StandardEngineValve.java:74)
		at org.apache.catalina.connector.CoyoteAdapter.service(CoyoteAdapter.java:343)
		at org.apache.coyote.http11.Http11Processor.service(Http11Processor.java:390)
		at org.apache.coyote.AbstractProcessorLight.process(AbstractProcessorLight.java:63)
		at org.apache.coyote.AbstractProtocol$ConnectionHandler.process(AbstractProtocol.java:926)
		at org.apache.tomcat.util.net.NioEndpoint$SocketProcessor.doRun(NioEndpoint.java:1790)
		at org.apache.tomcat.util.net.SocketProcessorBase.run(SocketProcessorBase.java:52)
		at org.apache.tomcat.util.threads.ThreadPoolExecutor.runWorker(ThreadPoolExecutor.java:1191)
		at org.apache.tomcat.util.threads.ThreadPoolExecutor$Worker.run(ThreadPoolExecutor.java:659)
		at org.apache.tomcat.util.threads.TaskThread$WrappingRunnable.run(TaskThread.java:61)
		at java.base/java.lang.Thread.run(Thread.java:833)
02-Nov-2023 18:36:50.708 GRAVE [http-nio-8080-exec-7] org.apache.catalina.core.StandardWrapperValve.invoke El Servlet.service() para el servlet [controllers.Recomendador] en el contexto con ruta [/gestoracademico] lanzó la excepción [Ha sucedido una excepción al procesar la página JSP [/jsp/recomendador.jsp] en línea [140]

137:             </div>
138:             <div class="padrePrueba" id="centro">
139:                 <h2 id="tituloCentro"><%=nombre_asignatura%>(<%=asignaturaClick.getNota()%>)(<%=asignaturaClick.getAsistencia()%>)(<%=asignaturaClick.getParticipacion()%>)</h2>
140:                 <%for(Asignatura asignatura: asistenciaHistTitulacion){%>
141:                     <h2 id="tituloCentro"><%=asignatura.getAsistenciaMedia()%></h2>
142:                 <%}%>
143:                 <div class="hijoPrueba">


Stacktrace:] con causa raíz
	java.lang.NullPointerException: Cannot invoke "java.util.List.iterator()" because "asistenciaHistTitulacion" is null
		at org.apache.jsp.jsp.recomendador_jsp._jspService(recomendador_jsp.java:410)
		at org.apache.jasper.runtime.HttpJspBase.service(HttpJspBase.java:70)
		at javax.servlet.http.HttpServlet.service(HttpServlet.java:623)
		at org.apache.jasper.servlet.JspServletWrapper.service(JspServletWrapper.java:466)
		at org.apache.jasper.servlet.JspServlet.serviceJspFile(JspServlet.java:379)
		at org.apache.jasper.servlet.JspServlet.service(JspServlet.java:327)
		at javax.servlet.http.HttpServlet.service(HttpServlet.java:623)
		at org.apache.catalina.core.ApplicationFilterChain.internalDoFilter(ApplicationFilterChain.java:209)
		at org.apache.catalina.core.ApplicationFilterChain.doFilter(ApplicationFilterChain.java:153)
		at org.apache.tomcat.websocket.server.WsFilter.doFilter(WsFilter.java:51)
		at org.apache.catalina.core.ApplicationFilterChain.internalDoFilter(ApplicationFilterChain.java:178)
		at org.apache.catalina.core.ApplicationFilterChain.doFilter(ApplicationFilterChain.java:153)
		at org.apache.catalina.core.ApplicationDispatcher.invoke(ApplicationDispatcher.java:661)
		at org.apache.catalina.core.ApplicationDispatcher.processRequest(ApplicationDispatcher.java:425)
		at org.apache.catalina.core.ApplicationDispatcher.doForward(ApplicationDispatcher.java:357)
		at org.apache.catalina.core.ApplicationDispatcher.forward(ApplicationDispatcher.java:294)
		at controllers.Recomendador.doGet(Recomendador.java:74)
		at javax.servlet.http.HttpServlet.service(HttpServlet.java:529)
		at javax.servlet.http.HttpServlet.service(HttpServlet.java:623)
		at org.apache.catalina.core.ApplicationFilterChain.internalDoFilter(ApplicationFilterChain.java:209)
		at org.apache.catalina.core.ApplicationFilterChain.doFilter(ApplicationFilterChain.java:153)
		at org.apache.tomcat.websocket.server.WsFilter.doFilter(WsFilter.java:51)
		at org.apache.catalina.core.ApplicationFilterChain.internalDoFilter(ApplicationFilterChain.java:178)
		at org.apache.catalina.core.ApplicationFilterChain.doFilter(ApplicationFilterChain.java:153)
		at org.apache.catalina.core.StandardWrapperValve.invoke(StandardWrapperValve.java:168)
		at org.apache.catalina.core.StandardContextValve.invoke(StandardContextValve.java:90)
		at org.apache.catalina.authenticator.AuthenticatorBase.invoke(AuthenticatorBase.java:481)
		at org.apache.catalina.core.StandardHostValve.invoke(StandardHostValve.java:130)
		at org.apache.catalina.valves.ErrorReportValve.invoke(ErrorReportValve.java:93)
		at org.apache.catalina.valves.AbstractAccessLogValve.invoke(AbstractAccessLogValve.java:670)
		at org.apache.catalina.core.StandardEngineValve.invoke(StandardEngineValve.java:74)
		at org.apache.catalina.connector.CoyoteAdapter.service(CoyoteAdapter.java:343)
		at org.apache.coyote.http11.Http11Processor.service(Http11Processor.java:390)
		at org.apache.coyote.AbstractProcessorLight.process(AbstractProcessorLight.java:63)
		at org.apache.coyote.AbstractProtocol$ConnectionHandler.process(AbstractProtocol.java:926)
		at org.apache.tomcat.util.net.NioEndpoint$SocketProcessor.doRun(NioEndpoint.java:1790)
		at org.apache.tomcat.util.net.SocketProcessorBase.run(SocketProcessorBase.java:52)
		at org.apache.tomcat.util.threads.ThreadPoolExecutor.runWorker(ThreadPoolExecutor.java:1191)
		at org.apache.tomcat.util.threads.ThreadPoolExecutor$Worker.run(ThreadPoolExecutor.java:659)
		at org.apache.tomcat.util.threads.TaskThread$WrappingRunnable.run(TaskThread.java:61)
		at java.base/java.lang.Thread.run(Thread.java:833)
02-Nov-2023 18:45:26.219 INFORMACIÓN [main] org.apache.catalina.core.ApplicationContext.log SessionListener: contextDestroyed()
02-Nov-2023 18:45:26.219 INFORMACIÓN [main] org.apache.catalina.core.ApplicationContext.log ContextListener: contextDestroyed()
02-Nov-2023 18:45:47.460 INFORMACIÓN [main] org.apache.catalina.core.ApplicationContext.log ContextListener: contextInitialized()
02-Nov-2023 18:45:47.460 INFORMACIÓN [main] org.apache.catalina.core.ApplicationContext.log SessionListener: contextInitialized()
02-Nov-2023 18:45:47.463 INFORMACIÓN [main] org.apache.catalina.core.ApplicationContext.log ContextListener: attributeAdded('StockTicker', 'async.Stockticker@5e8f9e2d')
02-Nov-2023 18:46:00.284 GRAVE [http-nio-8080-exec-9] org.apache.catalina.core.ApplicationDispatcher.invoke El Servlet.service() para servlet [jsp] lanzó una excepción
	java.lang.NullPointerException: Cannot invoke "java.util.List.iterator()" because "asistenciaHistTitulacion" is null
		at org.apache.jsp.jsp.recomendador_jsp._jspService(recomendador_jsp.java:410)
		at org.apache.jasper.runtime.HttpJspBase.service(HttpJspBase.java:70)
		at javax.servlet.http.HttpServlet.service(HttpServlet.java:623)
		at org.apache.jasper.servlet.JspServletWrapper.service(JspServletWrapper.java:466)
		at org.apache.jasper.servlet.JspServlet.serviceJspFile(JspServlet.java:379)
		at org.apache.jasper.servlet.JspServlet.service(JspServlet.java:327)
		at javax.servlet.http.HttpServlet.service(HttpServlet.java:623)
		at org.apache.catalina.core.ApplicationFilterChain.internalDoFilter(ApplicationFilterChain.java:209)
		at org.apache.catalina.core.ApplicationFilterChain.doFilter(ApplicationFilterChain.java:153)
		at org.apache.tomcat.websocket.server.WsFilter.doFilter(WsFilter.java:51)
		at org.apache.catalina.core.ApplicationFilterChain.internalDoFilter(ApplicationFilterChain.java:178)
		at org.apache.catalina.core.ApplicationFilterChain.doFilter(ApplicationFilterChain.java:153)
		at org.apache.catalina.core.ApplicationDispatcher.invoke(ApplicationDispatcher.java:661)
		at org.apache.catalina.core.ApplicationDispatcher.processRequest(ApplicationDispatcher.java:425)
		at org.apache.catalina.core.ApplicationDispatcher.doForward(ApplicationDispatcher.java:357)
		at org.apache.catalina.core.ApplicationDispatcher.forward(ApplicationDispatcher.java:294)
		at controllers.Recomendador.doGet(Recomendador.java:69)
		at javax.servlet.http.HttpServlet.service(HttpServlet.java:529)
		at javax.servlet.http.HttpServlet.service(HttpServlet.java:623)
		at org.apache.catalina.core.ApplicationFilterChain.internalDoFilter(ApplicationFilterChain.java:209)
		at org.apache.catalina.core.ApplicationFilterChain.doFilter(ApplicationFilterChain.java:153)
		at org.apache.tomcat.websocket.server.WsFilter.doFilter(WsFilter.java:51)
		at org.apache.catalina.core.ApplicationFilterChain.internalDoFilter(ApplicationFilterChain.java:178)
		at org.apache.catalina.core.ApplicationFilterChain.doFilter(ApplicationFilterChain.java:153)
		at org.apache.catalina.core.StandardWrapperValve.invoke(StandardWrapperValve.java:168)
		at org.apache.catalina.core.StandardContextValve.invoke(StandardContextValve.java:90)
		at org.apache.catalina.authenticator.AuthenticatorBase.invoke(AuthenticatorBase.java:481)
		at org.apache.catalina.core.StandardHostValve.invoke(StandardHostValve.java:130)
		at org.apache.catalina.valves.ErrorReportValve.invoke(ErrorReportValve.java:93)
		at org.apache.catalina.valves.AbstractAccessLogValve.invoke(AbstractAccessLogValve.java:670)
		at org.apache.catalina.core.StandardEngineValve.invoke(StandardEngineValve.java:74)
		at org.apache.catalina.connector.CoyoteAdapter.service(CoyoteAdapter.java:343)
		at org.apache.coyote.http11.Http11Processor.service(Http11Processor.java:390)
		at org.apache.coyote.AbstractProcessorLight.process(AbstractProcessorLight.java:63)
		at org.apache.coyote.AbstractProtocol$ConnectionHandler.process(AbstractProtocol.java:926)
		at org.apache.tomcat.util.net.NioEndpoint$SocketProcessor.doRun(NioEndpoint.java:1790)
		at org.apache.tomcat.util.net.SocketProcessorBase.run(SocketProcessorBase.java:52)
		at org.apache.tomcat.util.threads.ThreadPoolExecutor.runWorker(ThreadPoolExecutor.java:1191)
		at org.apache.tomcat.util.threads.ThreadPoolExecutor$Worker.run(ThreadPoolExecutor.java:659)
		at org.apache.tomcat.util.threads.TaskThread$WrappingRunnable.run(TaskThread.java:61)
		at java.base/java.lang.Thread.run(Thread.java:833)
02-Nov-2023 18:46:00.284 GRAVE [http-nio-8080-exec-9] org.apache.catalina.core.StandardWrapperValve.invoke El Servlet.service() para el servlet [controllers.Recomendador] en el contexto con ruta [/gestoracademico] lanzó la excepción [Ha sucedido una excepción al procesar la página JSP [jsp/recomendador.jsp] en línea [140]

137:             </div>
138:             <div class="padrePrueba" id="centro">
139:                 <h2 id="tituloCentro"><%=nombre_asignatura%>(<%=asignaturaClick.getNota()%>)(<%=asignaturaClick.getAsistencia()%>)(<%=asignaturaClick.getParticipacion()%>)</h2>
140:                 <%for(Asignatura asignatura: asistenciaHistTitulacion){%>
141:                     <h2 id="tituloCentro"><%=asignatura.getAsistenciaMedia()%></h2>
142:                 <%}%>
143:                 <div class="hijoPrueba">


Stacktrace:] con causa raíz
	java.lang.NullPointerException: Cannot invoke "java.util.List.iterator()" because "asistenciaHistTitulacion" is null
		at org.apache.jsp.jsp.recomendador_jsp._jspService(recomendador_jsp.java:410)
		at org.apache.jasper.runtime.HttpJspBase.service(HttpJspBase.java:70)
		at javax.servlet.http.HttpServlet.service(HttpServlet.java:623)
		at org.apache.jasper.servlet.JspServletWrapper.service(JspServletWrapper.java:466)
		at org.apache.jasper.servlet.JspServlet.serviceJspFile(JspServlet.java:379)
		at org.apache.jasper.servlet.JspServlet.service(JspServlet.java:327)
		at javax.servlet.http.HttpServlet.service(HttpServlet.java:623)
		at org.apache.catalina.core.ApplicationFilterChain.internalDoFilter(ApplicationFilterChain.java:209)
		at org.apache.catalina.core.ApplicationFilterChain.doFilter(ApplicationFilterChain.java:153)
		at org.apache.tomcat.websocket.server.WsFilter.doFilter(WsFilter.java:51)
		at org.apache.catalina.core.ApplicationFilterChain.internalDoFilter(ApplicationFilterChain.java:178)
		at org.apache.catalina.core.ApplicationFilterChain.doFilter(ApplicationFilterChain.java:153)
		at org.apache.catalina.core.ApplicationDispatcher.invoke(ApplicationDispatcher.java:661)
		at org.apache.catalina.core.ApplicationDispatcher.processRequest(ApplicationDispatcher.java:425)
		at org.apache.catalina.core.ApplicationDispatcher.doForward(ApplicationDispatcher.java:357)
		at org.apache.catalina.core.ApplicationDispatcher.forward(ApplicationDispatcher.java:294)
		at controllers.Recomendador.doGet(Recomendador.java:69)
		at javax.servlet.http.HttpServlet.service(HttpServlet.java:529)
		at javax.servlet.http.HttpServlet.service(HttpServlet.java:623)
		at org.apache.catalina.core.ApplicationFilterChain.internalDoFilter(ApplicationFilterChain.java:209)
		at org.apache.catalina.core.ApplicationFilterChain.doFilter(ApplicationFilterChain.java:153)
		at org.apache.tomcat.websocket.server.WsFilter.doFilter(WsFilter.java:51)
		at org.apache.catalina.core.ApplicationFilterChain.internalDoFilter(ApplicationFilterChain.java:178)
		at org.apache.catalina.core.ApplicationFilterChain.doFilter(ApplicationFilterChain.java:153)
		at org.apache.catalina.core.StandardWrapperValve.invoke(StandardWrapperValve.java:168)
		at org.apache.catalina.core.StandardContextValve.invoke(StandardContextValve.java:90)
		at org.apache.catalina.authenticator.AuthenticatorBase.invoke(AuthenticatorBase.java:481)
		at org.apache.catalina.core.StandardHostValve.invoke(StandardHostValve.java:130)
		at org.apache.catalina.valves.ErrorReportValve.invoke(ErrorReportValve.java:93)
		at org.apache.catalina.valves.AbstractAccessLogValve.invoke(AbstractAccessLogValve.java:670)
		at org.apache.catalina.core.StandardEngineValve.invoke(StandardEngineValve.java:74)
		at org.apache.catalina.connector.CoyoteAdapter.service(CoyoteAdapter.java:343)
		at org.apache.coyote.http11.Http11Processor.service(Http11Processor.java:390)
		at org.apache.coyote.AbstractProcessorLight.process(AbstractProcessorLight.java:63)
		at org.apache.coyote.AbstractProtocol$ConnectionHandler.process(AbstractProtocol.java:926)
		at org.apache.tomcat.util.net.NioEndpoint$SocketProcessor.doRun(NioEndpoint.java:1790)
		at org.apache.tomcat.util.net.SocketProcessorBase.run(SocketProcessorBase.java:52)
		at org.apache.tomcat.util.threads.ThreadPoolExecutor.runWorker(ThreadPoolExecutor.java:1191)
		at org.apache.tomcat.util.threads.ThreadPoolExecutor$Worker.run(ThreadPoolExecutor.java:659)
		at org.apache.tomcat.util.threads.TaskThread$WrappingRunnable.run(TaskThread.java:61)
		at java.base/java.lang.Thread.run(Thread.java:833)
02-Nov-2023 18:47:07.686 INFORMACIÓN [main] org.apache.catalina.core.ApplicationContext.log SessionListener: contextDestroyed()
02-Nov-2023 18:47:07.686 INFORMACIÓN [main] org.apache.catalina.core.ApplicationContext.log ContextListener: contextDestroyed()
02-Nov-2023 18:48:24.679 INFORMACIÓN [main] org.apache.catalina.core.ApplicationContext.log ContextListener: contextInitialized()
02-Nov-2023 18:48:24.679 INFORMACIÓN [main] org.apache.catalina.core.ApplicationContext.log SessionListener: contextInitialized()
02-Nov-2023 18:48:24.683 INFORMACIÓN [main] org.apache.catalina.core.ApplicationContext.log ContextListener: attributeAdded('StockTicker', 'async.Stockticker@464649c')
02-Nov-2023 18:52:44.719 INFORMACIÓN [main] org.apache.catalina.core.ApplicationContext.log SessionListener: contextDestroyed()
02-Nov-2023 18:52:44.719 INFORMACIÓN [main] org.apache.catalina.core.ApplicationContext.log ContextListener: contextDestroyed()
02-Nov-2023 18:52:47.008 INFORMACIÓN [main] org.apache.catalina.core.ApplicationContext.log ContextListener: contextInitialized()
02-Nov-2023 18:52:47.008 INFORMACIÓN [main] org.apache.catalina.core.ApplicationContext.log SessionListener: contextInitialized()
02-Nov-2023 18:52:47.012 INFORMACIÓN [main] org.apache.catalina.core.ApplicationContext.log ContextListener: attributeAdded('StockTicker', 'async.Stockticker@35beb15e')
02-Nov-2023 18:52:51.013 GRAVE [http-nio-8080-exec-2] org.apache.catalina.core.StandardWrapperValve.invoke Servlet.service() para servlet [controllers.Recomendador] lanzó excepción
	java.lang.NullPointerException: Cannot invoke "gestoracademico.Usuario.getId()" because "<local4>" is null
		at controllers.Recomendador.doGet(Recomendador.java:40)
		at javax.servlet.http.HttpServlet.service(HttpServlet.java:529)
		at javax.servlet.http.HttpServlet.service(HttpServlet.java:623)
		at org.apache.catalina.core.ApplicationFilterChain.internalDoFilter(ApplicationFilterChain.java:209)
		at org.apache.catalina.core.ApplicationFilterChain.doFilter(ApplicationFilterChain.java:153)
		at org.apache.tomcat.websocket.server.WsFilter.doFilter(WsFilter.java:51)
		at org.apache.catalina.core.ApplicationFilterChain.internalDoFilter(ApplicationFilterChain.java:178)
		at org.apache.catalina.core.ApplicationFilterChain.doFilter(ApplicationFilterChain.java:153)
		at org.apache.catalina.core.StandardWrapperValve.invoke(StandardWrapperValve.java:168)
		at org.apache.catalina.core.StandardContextValve.invoke(StandardContextValve.java:90)
		at org.apache.catalina.authenticator.AuthenticatorBase.invoke(AuthenticatorBase.java:481)
		at org.apache.catalina.core.StandardHostValve.invoke(StandardHostValve.java:130)
		at org.apache.catalina.valves.ErrorReportValve.invoke(ErrorReportValve.java:93)
		at org.apache.catalina.valves.AbstractAccessLogValve.invoke(AbstractAccessLogValve.java:670)
		at org.apache.catalina.core.StandardEngineValve.invoke(StandardEngineValve.java:74)
		at org.apache.catalina.connector.CoyoteAdapter.service(CoyoteAdapter.java:343)
		at org.apache.coyote.http11.Http11Processor.service(Http11Processor.java:390)
		at org.apache.coyote.AbstractProcessorLight.process(AbstractProcessorLight.java:63)
		at org.apache.coyote.AbstractProtocol$ConnectionHandler.process(AbstractProtocol.java:926)
		at org.apache.tomcat.util.net.NioEndpoint$SocketProcessor.doRun(NioEndpoint.java:1790)
		at org.apache.tomcat.util.net.SocketProcessorBase.run(SocketProcessorBase.java:52)
		at org.apache.tomcat.util.threads.ThreadPoolExecutor.runWorker(ThreadPoolExecutor.java:1191)
		at org.apache.tomcat.util.threads.ThreadPoolExecutor$Worker.run(ThreadPoolExecutor.java:659)
		at org.apache.tomcat.util.threads.TaskThread$WrappingRunnable.run(TaskThread.java:61)
		at java.base/java.lang.Thread.run(Thread.java:833)
02-Nov-2023 18:53:22.872 INFORMACIÓN [main] org.apache.catalina.core.ApplicationContext.log SessionListener: contextDestroyed()
02-Nov-2023 18:53:22.872 INFORMACIÓN [main] org.apache.catalina.core.ApplicationContext.log ContextListener: contextDestroyed()
02-Nov-2023 18:53:36.584 INFORMACIÓN [main] org.apache.catalina.core.ApplicationContext.log ContextListener: contextInitialized()
02-Nov-2023 18:53:36.584 INFORMACIÓN [main] org.apache.catalina.core.ApplicationContext.log SessionListener: contextInitialized()
02-Nov-2023 18:53:36.586 INFORMACIÓN [main] org.apache.catalina.core.ApplicationContext.log ContextListener: attributeAdded('StockTicker', 'async.Stockticker@464649c')
02-Nov-2023 18:53:47.203 GRAVE [http-nio-8080-exec-5] org.apache.catalina.core.ApplicationDispatcher.invoke El Servlet.service() para servlet [jsp] lanzó una excepción
	java.lang.NullPointerException: Cannot invoke "java.util.List.iterator()" because "asistenciaHistTitulacion" is null
		at org.apache.jsp.jsp.recomendador_jsp._jspService(recomendador_jsp.java:413)
		at org.apache.jasper.runtime.HttpJspBase.service(HttpJspBase.java:70)
		at javax.servlet.http.HttpServlet.service(HttpServlet.java:623)
		at org.apache.jasper.servlet.JspServletWrapper.service(JspServletWrapper.java:466)
		at org.apache.jasper.servlet.JspServlet.serviceJspFile(JspServlet.java:379)
		at org.apache.jasper.servlet.JspServlet.service(JspServlet.java:327)
		at javax.servlet.http.HttpServlet.service(HttpServlet.java:623)
		at org.apache.catalina.core.ApplicationFilterChain.internalDoFilter(ApplicationFilterChain.java:209)
		at org.apache.catalina.core.ApplicationFilterChain.doFilter(ApplicationFilterChain.java:153)
		at org.apache.tomcat.websocket.server.WsFilter.doFilter(WsFilter.java:51)
		at org.apache.catalina.core.ApplicationFilterChain.internalDoFilter(ApplicationFilterChain.java:178)
		at org.apache.catalina.core.ApplicationFilterChain.doFilter(ApplicationFilterChain.java:153)
		at org.apache.catalina.core.ApplicationDispatcher.invoke(ApplicationDispatcher.java:661)
		at org.apache.catalina.core.ApplicationDispatcher.processRequest(ApplicationDispatcher.java:425)
		at org.apache.catalina.core.ApplicationDispatcher.doForward(ApplicationDispatcher.java:357)
		at org.apache.catalina.core.ApplicationDispatcher.forward(ApplicationDispatcher.java:294)
		at controllers.Recomendador.doGet(Recomendador.java:74)
		at javax.servlet.http.HttpServlet.service(HttpServlet.java:529)
		at javax.servlet.http.HttpServlet.service(HttpServlet.java:623)
		at org.apache.catalina.core.ApplicationFilterChain.internalDoFilter(ApplicationFilterChain.java:209)
		at org.apache.catalina.core.ApplicationFilterChain.doFilter(ApplicationFilterChain.java:153)
		at org.apache.tomcat.websocket.server.WsFilter.doFilter(WsFilter.java:51)
		at org.apache.catalina.core.ApplicationFilterChain.internalDoFilter(ApplicationFilterChain.java:178)
		at org.apache.catalina.core.ApplicationFilterChain.doFilter(ApplicationFilterChain.java:153)
		at org.apache.catalina.core.StandardWrapperValve.invoke(StandardWrapperValve.java:168)
		at org.apache.catalina.core.StandardContextValve.invoke(StandardContextValve.java:90)
		at org.apache.catalina.authenticator.AuthenticatorBase.invoke(AuthenticatorBase.java:481)
		at org.apache.catalina.core.StandardHostValve.invoke(StandardHostValve.java:130)
		at org.apache.catalina.valves.ErrorReportValve.invoke(ErrorReportValve.java:93)
		at org.apache.catalina.valves.AbstractAccessLogValve.invoke(AbstractAccessLogValve.java:670)
		at org.apache.catalina.core.StandardEngineValve.invoke(StandardEngineValve.java:74)
		at org.apache.catalina.connector.CoyoteAdapter.service(CoyoteAdapter.java:343)
		at org.apache.coyote.http11.Http11Processor.service(Http11Processor.java:390)
		at org.apache.coyote.AbstractProcessorLight.process(AbstractProcessorLight.java:63)
		at org.apache.coyote.AbstractProtocol$ConnectionHandler.process(AbstractProtocol.java:926)
		at org.apache.tomcat.util.net.NioEndpoint$SocketProcessor.doRun(NioEndpoint.java:1790)
		at org.apache.tomcat.util.net.SocketProcessorBase.run(SocketProcessorBase.java:52)
		at org.apache.tomcat.util.threads.ThreadPoolExecutor.runWorker(ThreadPoolExecutor.java:1191)
		at org.apache.tomcat.util.threads.ThreadPoolExecutor$Worker.run(ThreadPoolExecutor.java:659)
		at org.apache.tomcat.util.threads.TaskThread$WrappingRunnable.run(TaskThread.java:61)
		at java.base/java.lang.Thread.run(Thread.java:833)
02-Nov-2023 18:53:47.203 GRAVE [http-nio-8080-exec-5] org.apache.catalina.core.StandardWrapperValve.invoke El Servlet.service() para el servlet [controllers.Recomendador] en el contexto con ruta [/gestoracademico] lanzó la excepción [Ha sucedido una excepción al procesar la página JSP [/jsp/recomendador.jsp] en línea [141]

138:             </div>
139:             <div class="padrePrueba" id="centro">
140:                 <h2 id="tituloCentro"><%=nombre_asignatura%>(<%=asignaturaClick.getNota()%>)(<%=asignaturaClick.getAsistencia()%>)(<%=asignaturaClick.getParticipacion()%>)</h2>
141:                 <%for(Asignatura asignatura: asistenciaHistTitulacion){%>
142:                     <h2 id="tituloCentro"><%=asignatura.getAsistenciaMedia()%></h2>
143:                 <%}%>
144:                 <div class="hijoPrueba">


Stacktrace:] con causa raíz
	java.lang.NullPointerException: Cannot invoke "java.util.List.iterator()" because "asistenciaHistTitulacion" is null
		at org.apache.jsp.jsp.recomendador_jsp._jspService(recomendador_jsp.java:413)
		at org.apache.jasper.runtime.HttpJspBase.service(HttpJspBase.java:70)
		at javax.servlet.http.HttpServlet.service(HttpServlet.java:623)
		at org.apache.jasper.servlet.JspServletWrapper.service(JspServletWrapper.java:466)
		at org.apache.jasper.servlet.JspServlet.serviceJspFile(JspServlet.java:379)
		at org.apache.jasper.servlet.JspServlet.service(JspServlet.java:327)
		at javax.servlet.http.HttpServlet.service(HttpServlet.java:623)
		at org.apache.catalina.core.ApplicationFilterChain.internalDoFilter(ApplicationFilterChain.java:209)
		at org.apache.catalina.core.ApplicationFilterChain.doFilter(ApplicationFilterChain.java:153)
		at org.apache.tomcat.websocket.server.WsFilter.doFilter(WsFilter.java:51)
		at org.apache.catalina.core.ApplicationFilterChain.internalDoFilter(ApplicationFilterChain.java:178)
		at org.apache.catalina.core.ApplicationFilterChain.doFilter(ApplicationFilterChain.java:153)
		at org.apache.catalina.core.ApplicationDispatcher.invoke(ApplicationDispatcher.java:661)
		at org.apache.catalina.core.ApplicationDispatcher.processRequest(ApplicationDispatcher.java:425)
		at org.apache.catalina.core.ApplicationDispatcher.doForward(ApplicationDispatcher.java:357)
		at org.apache.catalina.core.ApplicationDispatcher.forward(ApplicationDispatcher.java:294)
		at controllers.Recomendador.doGet(Recomendador.java:74)
		at javax.servlet.http.HttpServlet.service(HttpServlet.java:529)
		at javax.servlet.http.HttpServlet.service(HttpServlet.java:623)
		at org.apache.catalina.core.ApplicationFilterChain.internalDoFilter(ApplicationFilterChain.java:209)
		at org.apache.catalina.core.ApplicationFilterChain.doFilter(ApplicationFilterChain.java:153)
		at org.apache.tomcat.websocket.server.WsFilter.doFilter(WsFilter.java:51)
		at org.apache.catalina.core.ApplicationFilterChain.internalDoFilter(ApplicationFilterChain.java:178)
		at org.apache.catalina.core.ApplicationFilterChain.doFilter(ApplicationFilterChain.java:153)
		at org.apache.catalina.core.StandardWrapperValve.invoke(StandardWrapperValve.java:168)
		at org.apache.catalina.core.StandardContextValve.invoke(StandardContextValve.java:90)
		at org.apache.catalina.authenticator.AuthenticatorBase.invoke(AuthenticatorBase.java:481)
		at org.apache.catalina.core.StandardHostValve.invoke(StandardHostValve.java:130)
		at org.apache.catalina.valves.ErrorReportValve.invoke(ErrorReportValve.java:93)
		at org.apache.catalina.valves.AbstractAccessLogValve.invoke(AbstractAccessLogValve.java:670)
		at org.apache.catalina.core.StandardEngineValve.invoke(StandardEngineValve.java:74)
		at org.apache.catalina.connector.CoyoteAdapter.service(CoyoteAdapter.java:343)
		at org.apache.coyote.http11.Http11Processor.service(Http11Processor.java:390)
		at org.apache.coyote.AbstractProcessorLight.process(AbstractProcessorLight.java:63)
		at org.apache.coyote.AbstractProtocol$ConnectionHandler.process(AbstractProtocol.java:926)
		at org.apache.tomcat.util.net.NioEndpoint$SocketProcessor.doRun(NioEndpoint.java:1790)
		at org.apache.tomcat.util.net.SocketProcessorBase.run(SocketProcessorBase.java:52)
		at org.apache.tomcat.util.threads.ThreadPoolExecutor.runWorker(ThreadPoolExecutor.java:1191)
		at org.apache.tomcat.util.threads.ThreadPoolExecutor$Worker.run(ThreadPoolExecutor.java:659)
		at org.apache.tomcat.util.threads.TaskThread$WrappingRunnable.run(TaskThread.java:61)
		at java.base/java.lang.Thread.run(Thread.java:833)
02-Nov-2023 19:05:11.097 GRAVE [http-nio-8080-exec-5] org.apache.catalina.core.ApplicationDispatcher.invoke El Servlet.service() para servlet [jsp] lanzó una excepción
	org.apache.jasper.JasperException: No se puede compilar la clase para JSP: 

Ha tenido lugar un error en la línea: [291] en el archivo jsp: [/jsp/recomendador.jsp]
jsonNotaHistTitulacion cannot be resolved to a variable
288: 
289:             //GRAFICO DE BARRAS QUE MUESTRA LA NOTA MEDIA A LO LARGO DE LOS AÃ‘OS
290:             document.addEventListener("DOMContentLoaded", function () {
291:                 var notaHistTitulacion = '<%= jsonNotaHistTitulacion %>';
292: 
293:                 var datosNotas = JSON.parse(notaHistTitulacion);
294:                 var anios = [];


Ha tenido lugar un error en la línea: [338] en el archivo jsp: [/jsp/recomendador.jsp]
jsonAsistenciaHistTitulacion cannot be resolved to a variable
335: 
336:             //GRAFICO DE BARRAS QUE MUESTRA LA ASISTENCIA MEDIA A LO LARGO DE LOS AÃ‘OS
337:             document.addEventListener("DOMContentLoaded", function () {
338:                 var asistenciaHistTitulacion = '<%= jsonAsistenciaHistTitulacion %>';
339: 
340:                 var datosAsistencia = JSON.parse(asistenciaHistTitulacion);
341:                 var anios = [];


Ha tenido lugar un error en la línea: [385] en el archivo jsp: [/jsp/recomendador.jsp]
jsonParticipacionHistTitulacion cannot be resolved to a variable
382:             
383:             //GRAFICO DE BARRAS QUE MUESTRA LA PARTICIPACION MEDIA A LO LARGO DE LOS AÃ‘OS
384:             document.addEventListener("DOMContentLoaded", function () {
385:                 var participacionHistTitulacion = '<%= jsonParticipacionHistTitulacion %>';
386: 
387:                 var datosParticipacion = JSON.parse(participacionHistTitulacion);
388:                 var anios = [];


Stacktrace:
		at org.apache.jasper.compiler.DefaultErrorHandler.javacError(DefaultErrorHandler.java:102)
		at org.apache.jasper.compiler.ErrorDispatcher.javacError(ErrorDispatcher.java:213)
		at org.apache.jasper.compiler.JDTCompiler.generateClass(JDTCompiler.java:531)
		at org.apache.jasper.compiler.Compiler.compile(Compiler.java:398)
		at org.apache.jasper.compiler.Compiler.compile(Compiler.java:368)
		at org.apache.jasper.compiler.Compiler.compile(Compiler.java:352)
		at org.apache.jasper.JspCompilationContext.compile(JspCompilationContext.java:603)
		at org.apache.jasper.servlet.JspServletWrapper.service(JspServletWrapper.java:399)
		at org.apache.jasper.servlet.JspServlet.serviceJspFile(JspServlet.java:379)
		at org.apache.jasper.servlet.JspServlet.service(JspServlet.java:327)
		at javax.servlet.http.HttpServlet.service(HttpServlet.java:623)
		at org.apache.catalina.core.ApplicationFilterChain.internalDoFilter(ApplicationFilterChain.java:209)
		at org.apache.catalina.core.ApplicationFilterChain.doFilter(ApplicationFilterChain.java:153)
		at org.apache.tomcat.websocket.server.WsFilter.doFilter(WsFilter.java:51)
		at org.apache.catalina.core.ApplicationFilterChain.internalDoFilter(ApplicationFilterChain.java:178)
		at org.apache.catalina.core.ApplicationFilterChain.doFilter(ApplicationFilterChain.java:153)
		at org.apache.catalina.core.ApplicationDispatcher.invoke(ApplicationDispatcher.java:661)
		at org.apache.catalina.core.ApplicationDispatcher.processRequest(ApplicationDispatcher.java:425)
		at org.apache.catalina.core.ApplicationDispatcher.doForward(ApplicationDispatcher.java:357)
		at org.apache.catalina.core.ApplicationDispatcher.forward(ApplicationDispatcher.java:294)
		at controllers.Recomendador.doGet(Recomendador.java:74)
		at javax.servlet.http.HttpServlet.service(HttpServlet.java:529)
		at javax.servlet.http.HttpServlet.service(HttpServlet.java:623)
		at org.apache.catalina.core.ApplicationFilterChain.internalDoFilter(ApplicationFilterChain.java:209)
		at org.apache.catalina.core.ApplicationFilterChain.doFilter(ApplicationFilterChain.java:153)
		at org.apache.tomcat.websocket.server.WsFilter.doFilter(WsFilter.java:51)
		at org.apache.catalina.core.ApplicationFilterChain.internalDoFilter(ApplicationFilterChain.java:178)
		at org.apache.catalina.core.ApplicationFilterChain.doFilter(ApplicationFilterChain.java:153)
		at org.apache.catalina.core.StandardWrapperValve.invoke(StandardWrapperValve.java:168)
		at org.apache.catalina.core.StandardContextValve.invoke(StandardContextValve.java:90)
		at org.apache.catalina.authenticator.AuthenticatorBase.invoke(AuthenticatorBase.java:481)
		at org.apache.catalina.core.StandardHostValve.invoke(StandardHostValve.java:130)
		at org.apache.catalina.valves.ErrorReportValve.invoke(ErrorReportValve.java:93)
		at org.apache.catalina.valves.AbstractAccessLogValve.invoke(AbstractAccessLogValve.java:670)
		at org.apache.catalina.core.StandardEngineValve.invoke(StandardEngineValve.java:74)
		at org.apache.catalina.connector.CoyoteAdapter.service(CoyoteAdapter.java:343)
		at org.apache.coyote.http11.Http11Processor.service(Http11Processor.java:390)
		at org.apache.coyote.AbstractProcessorLight.process(AbstractProcessorLight.java:63)
		at org.apache.coyote.AbstractProtocol$ConnectionHandler.process(AbstractProtocol.java:926)
		at org.apache.tomcat.util.net.NioEndpoint$SocketProcessor.doRun(NioEndpoint.java:1790)
		at org.apache.tomcat.util.net.SocketProcessorBase.run(SocketProcessorBase.java:52)
		at org.apache.tomcat.util.threads.ThreadPoolExecutor.runWorker(ThreadPoolExecutor.java:1191)
		at org.apache.tomcat.util.threads.ThreadPoolExecutor$Worker.run(ThreadPoolExecutor.java:659)
		at org.apache.tomcat.util.threads.TaskThread$WrappingRunnable.run(TaskThread.java:61)
		at java.base/java.lang.Thread.run(Thread.java:833)
02-Nov-2023 19:05:11.097 GRAVE [http-nio-8080-exec-5] org.apache.catalina.core.StandardWrapperValve.invoke El Servlet.service() para el servlet [controllers.Recomendador] en el contexto con ruta [/gestoracademico] lanzó la excepción [No se puede compilar la clase para JSP: 

Ha tenido lugar un error en la línea: [291] en el archivo jsp: [/jsp/recomendador.jsp]
jsonNotaHistTitulacion cannot be resolved to a variable
288: 
289:             //GRAFICO DE BARRAS QUE MUESTRA LA NOTA MEDIA A LO LARGO DE LOS AÃ‘OS
290:             document.addEventListener("DOMContentLoaded", function () {
291:                 var notaHistTitulacion = '<%= jsonNotaHistTitulacion %>';
292: 
293:                 var datosNotas = JSON.parse(notaHistTitulacion);
294:                 var anios = [];


Ha tenido lugar un error en la línea: [338] en el archivo jsp: [/jsp/recomendador.jsp]
jsonAsistenciaHistTitulacion cannot be resolved to a variable
335: 
336:             //GRAFICO DE BARRAS QUE MUESTRA LA ASISTENCIA MEDIA A LO LARGO DE LOS AÃ‘OS
337:             document.addEventListener("DOMContentLoaded", function () {
338:                 var asistenciaHistTitulacion = '<%= jsonAsistenciaHistTitulacion %>';
339: 
340:                 var datosAsistencia = JSON.parse(asistenciaHistTitulacion);
341:                 var anios = [];


Ha tenido lugar un error en la línea: [385] en el archivo jsp: [/jsp/recomendador.jsp]
jsonParticipacionHistTitulacion cannot be resolved to a variable
382:             
383:             //GRAFICO DE BARRAS QUE MUESTRA LA PARTICIPACION MEDIA A LO LARGO DE LOS AÃ‘OS
384:             document.addEventListener("DOMContentLoaded", function () {
385:                 var participacionHistTitulacion = '<%= jsonParticipacionHistTitulacion %>';
386: 
387:                 var datosParticipacion = JSON.parse(participacionHistTitulacion);
388:                 var anios = [];


Stacktrace:] con causa raíz
	org.apache.jasper.JasperException: No se puede compilar la clase para JSP: 

Ha tenido lugar un error en la línea: [291] en el archivo jsp: [/jsp/recomendador.jsp]
jsonNotaHistTitulacion cannot be resolved to a variable
288: 
289:             //GRAFICO DE BARRAS QUE MUESTRA LA NOTA MEDIA A LO LARGO DE LOS AÃ‘OS
290:             document.addEventListener("DOMContentLoaded", function () {
291:                 var notaHistTitulacion = '<%= jsonNotaHistTitulacion %>';
292: 
293:                 var datosNotas = JSON.parse(notaHistTitulacion);
294:                 var anios = [];


Ha tenido lugar un error en la línea: [338] en el archivo jsp: [/jsp/recomendador.jsp]
jsonAsistenciaHistTitulacion cannot be resolved to a variable
335: 
336:             //GRAFICO DE BARRAS QUE MUESTRA LA ASISTENCIA MEDIA A LO LARGO DE LOS AÃ‘OS
337:             document.addEventListener("DOMContentLoaded", function () {
338:                 var asistenciaHistTitulacion = '<%= jsonAsistenciaHistTitulacion %>';
339: 
340:                 var datosAsistencia = JSON.parse(asistenciaHistTitulacion);
341:                 var anios = [];


Ha tenido lugar un error en la línea: [385] en el archivo jsp: [/jsp/recomendador.jsp]
jsonParticipacionHistTitulacion cannot be resolved to a variable
382:             
383:             //GRAFICO DE BARRAS QUE MUESTRA LA PARTICIPACION MEDIA A LO LARGO DE LOS AÃ‘OS
384:             document.addEventListener("DOMContentLoaded", function () {
385:                 var participacionHistTitulacion = '<%= jsonParticipacionHistTitulacion %>';
386: 
387:                 var datosParticipacion = JSON.parse(participacionHistTitulacion);
388:                 var anios = [];


Stacktrace:
		at org.apache.jasper.compiler.DefaultErrorHandler.javacError(DefaultErrorHandler.java:102)
		at org.apache.jasper.compiler.ErrorDispatcher.javacError(ErrorDispatcher.java:213)
		at org.apache.jasper.compiler.JDTCompiler.generateClass(JDTCompiler.java:531)
		at org.apache.jasper.compiler.Compiler.compile(Compiler.java:398)
		at org.apache.jasper.compiler.Compiler.compile(Compiler.java:368)
		at org.apache.jasper.compiler.Compiler.compile(Compiler.java:352)
		at org.apache.jasper.JspCompilationContext.compile(JspCompilationContext.java:603)
		at org.apache.jasper.servlet.JspServletWrapper.service(JspServletWrapper.java:399)
		at org.apache.jasper.servlet.JspServlet.serviceJspFile(JspServlet.java:379)
		at org.apache.jasper.servlet.JspServlet.service(JspServlet.java:327)
		at javax.servlet.http.HttpServlet.service(HttpServlet.java:623)
		at org.apache.catalina.core.ApplicationFilterChain.internalDoFilter(ApplicationFilterChain.java:209)
		at org.apache.catalina.core.ApplicationFilterChain.doFilter(ApplicationFilterChain.java:153)
		at org.apache.tomcat.websocket.server.WsFilter.doFilter(WsFilter.java:51)
		at org.apache.catalina.core.ApplicationFilterChain.internalDoFilter(ApplicationFilterChain.java:178)
		at org.apache.catalina.core.ApplicationFilterChain.doFilter(ApplicationFilterChain.java:153)
		at org.apache.catalina.core.ApplicationDispatcher.invoke(ApplicationDispatcher.java:661)
		at org.apache.catalina.core.ApplicationDispatcher.processRequest(ApplicationDispatcher.java:425)
		at org.apache.catalina.core.ApplicationDispatcher.doForward(ApplicationDispatcher.java:357)
		at org.apache.catalina.core.ApplicationDispatcher.forward(ApplicationDispatcher.java:294)
		at controllers.Recomendador.doGet(Recomendador.java:74)
		at javax.servlet.http.HttpServlet.service(HttpServlet.java:529)
		at javax.servlet.http.HttpServlet.service(HttpServlet.java:623)
		at org.apache.catalina.core.ApplicationFilterChain.internalDoFilter(ApplicationFilterChain.java:209)
		at org.apache.catalina.core.ApplicationFilterChain.doFilter(ApplicationFilterChain.java:153)
		at org.apache.tomcat.websocket.server.WsFilter.doFilter(WsFilter.java:51)
		at org.apache.catalina.core.ApplicationFilterChain.internalDoFilter(ApplicationFilterChain.java:178)
		at org.apache.catalina.core.ApplicationFilterChain.doFilter(ApplicationFilterChain.java:153)
		at org.apache.catalina.core.StandardWrapperValve.invoke(StandardWrapperValve.java:168)
		at org.apache.catalina.core.StandardContextValve.invoke(StandardContextValve.java:90)
		at org.apache.catalina.authenticator.AuthenticatorBase.invoke(AuthenticatorBase.java:481)
		at org.apache.catalina.core.StandardHostValve.invoke(StandardHostValve.java:130)
		at org.apache.catalina.valves.ErrorReportValve.invoke(ErrorReportValve.java:93)
		at org.apache.catalina.valves.AbstractAccessLogValve.invoke(AbstractAccessLogValve.java:670)
		at org.apache.catalina.core.StandardEngineValve.invoke(StandardEngineValve.java:74)
		at org.apache.catalina.connector.CoyoteAdapter.service(CoyoteAdapter.java:343)
		at org.apache.coyote.http11.Http11Processor.service(Http11Processor.java:390)
		at org.apache.coyote.AbstractProcessorLight.process(AbstractProcessorLight.java:63)
		at org.apache.coyote.AbstractProtocol$ConnectionHandler.process(AbstractProtocol.java:926)
		at org.apache.tomcat.util.net.NioEndpoint$SocketProcessor.doRun(NioEndpoint.java:1790)
		at org.apache.tomcat.util.net.SocketProcessorBase.run(SocketProcessorBase.java:52)
		at org.apache.tomcat.util.threads.ThreadPoolExecutor.runWorker(ThreadPoolExecutor.java:1191)
		at org.apache.tomcat.util.threads.ThreadPoolExecutor$Worker.run(ThreadPoolExecutor.java:659)
		at org.apache.tomcat.util.threads.TaskThread$WrappingRunnable.run(TaskThread.java:61)
		at java.base/java.lang.Thread.run(Thread.java:833)
02-Nov-2023 19:15:05.619 INFORMACIÓN [main] org.apache.catalina.core.ApplicationContext.log SessionListener: contextDestroyed()
02-Nov-2023 19:15:05.619 INFORMACIÓN [main] org.apache.catalina.core.ApplicationContext.log ContextListener: contextDestroyed()
02-Nov-2023 19:18:28.762 INFORMACIÓN [main] org.apache.catalina.core.ApplicationContext.log ContextListener: contextInitialized()
02-Nov-2023 19:18:28.762 INFORMACIÓN [main] org.apache.catalina.core.ApplicationContext.log SessionListener: contextInitialized()
02-Nov-2023 19:18:28.762 INFORMACIÓN [main] org.apache.catalina.core.ApplicationContext.log ContextListener: attributeAdded('StockTicker', 'async.Stockticker@5bda80bf')
02-Nov-2023 19:27:18.577 INFORMACIÓN [main] org.apache.catalina.core.ApplicationContext.log SessionListener: contextDestroyed()
02-Nov-2023 19:27:18.577 INFORMACIÓN [main] org.apache.catalina.core.ApplicationContext.log ContextListener: contextDestroyed()
02-Nov-2023 19:27:36.438 INFORMACIÓN [main] org.apache.catalina.core.ApplicationContext.log ContextListener: contextInitialized()
02-Nov-2023 19:27:36.438 INFORMACIÓN [main] org.apache.catalina.core.ApplicationContext.log SessionListener: contextInitialized()
02-Nov-2023 19:27:36.444 INFORMACIÓN [main] org.apache.catalina.core.ApplicationContext.log ContextListener: attributeAdded('StockTicker', 'async.Stockticker@71e5f61d')
02-Nov-2023 19:27:48.704 GRAVE [http-nio-8080-exec-6] org.apache.catalina.core.ApplicationDispatcher.invoke El Servlet.service() para servlet [jsp] lanzó una excepción
	org.apache.jasper.JasperException: No se puede compilar la clase para JSP: 

Ha tenido lugar un error en la línea: [22] en el archivo jsp: [/jsp/profesor.jsp]
Asignatura cannot be resolved to a type
19:         <div><%@include file = "barraSuperiorProf.jsp" %> </div>
20:         
21: 
22:         <% List<Asignatura> notaHistTitulacion = (List<Asignatura>) request.getAttribute("NOTA MEDIA POR AÃ‘O TITULACION");  
23:         
24:             String jsonNotaHistTitulacion = gson.toJson(notaHistTitulacion);
25:             %>


Ha tenido lugar un error en la línea: [22] en el archivo jsp: [/jsp/profesor.jsp]
Asignatura cannot be resolved to a type
19:         <div><%@include file = "barraSuperiorProf.jsp" %> </div>
20:         
21: 
22:         <% List<Asignatura> notaHistTitulacion = (List<Asignatura>) request.getAttribute("NOTA MEDIA POR AÃ‘O TITULACION");  
23:         
24:             String jsonNotaHistTitulacion = gson.toJson(notaHistTitulacion);
25:             %>


Ha tenido lugar un error en la línea: [24] en el archivo jsp: [/jsp/profesor.jsp]
gson cannot be resolved
21: 
22:         <% List<Asignatura> notaHistTitulacion = (List<Asignatura>) request.getAttribute("NOTA MEDIA POR AÃ‘O TITULACION");  
23:         
24:             String jsonNotaHistTitulacion = gson.toJson(notaHistTitulacion);
25:             %>
26:             
27:             <% List<Asignatura> participacionHistTitulacion = (List<Asignatura>) request.getAttribute("PARTICIPACION MEDIA POR AÃ‘O TITULACION");


Ha tenido lugar un error en la línea: [27] en el archivo jsp: [/jsp/profesor.jsp]
Asignatura cannot be resolved to a type
24:             String jsonNotaHistTitulacion = gson.toJson(notaHistTitulacion);
25:             %>
26:             
27:             <% List<Asignatura> participacionHistTitulacion = (List<Asignatura>) request.getAttribute("PARTICIPACION MEDIA POR AÃ‘O TITULACION");
28:             
29:             String jsonParticipacionHistTitulacion = gson.toJson(participacionHistTitulacion);    
30:                         


Ha tenido lugar un error en la línea: [27] en el archivo jsp: [/jsp/profesor.jsp]
Asignatura cannot be resolved to a type
24:             String jsonNotaHistTitulacion = gson.toJson(notaHistTitulacion);
25:             %>
26:             
27:             <% List<Asignatura> participacionHistTitulacion = (List<Asignatura>) request.getAttribute("PARTICIPACION MEDIA POR AÃ‘O TITULACION");
28:             
29:             String jsonParticipacionHistTitulacion = gson.toJson(participacionHistTitulacion);    
30:                         


Ha tenido lugar un error en la línea: [29] en el archivo jsp: [/jsp/profesor.jsp]
gson cannot be resolved
26:             
27:             <% List<Asignatura> participacionHistTitulacion = (List<Asignatura>) request.getAttribute("PARTICIPACION MEDIA POR AÃ‘O TITULACION");
28:             
29:             String jsonParticipacionHistTitulacion = gson.toJson(participacionHistTitulacion);    
30:                         
31:             %>
32:             <% List<Asignatura> asistenciaHistTitulacion = (List<Asignatura>) request.getAttribute("ASISTENCIA MEDIA POR AÃ‘O TITULACION"); 


Ha tenido lugar un error en la línea: [32] en el archivo jsp: [/jsp/profesor.jsp]
Asignatura cannot be resolved to a type
29:             String jsonParticipacionHistTitulacion = gson.toJson(participacionHistTitulacion);    
30:                         
31:             %>
32:             <% List<Asignatura> asistenciaHistTitulacion = (List<Asignatura>) request.getAttribute("ASISTENCIA MEDIA POR AÃ‘O TITULACION"); 
33:                         
34:             String jsonAsistenciaHistTitulacion = gson.toJson(asistenciaHistTitulacion); 
35:                         


Ha tenido lugar un error en la línea: [32] en el archivo jsp: [/jsp/profesor.jsp]
Asignatura cannot be resolved to a type
29:             String jsonParticipacionHistTitulacion = gson.toJson(participacionHistTitulacion);    
30:                         
31:             %>
32:             <% List<Asignatura> asistenciaHistTitulacion = (List<Asignatura>) request.getAttribute("ASISTENCIA MEDIA POR AÃ‘O TITULACION"); 
33:                         
34:             String jsonAsistenciaHistTitulacion = gson.toJson(asistenciaHistTitulacion); 
35:                         


Ha tenido lugar un error en la línea: [34] en el archivo jsp: [/jsp/profesor.jsp]
gson cannot be resolved
31:             %>
32:             <% List<Asignatura> asistenciaHistTitulacion = (List<Asignatura>) request.getAttribute("ASISTENCIA MEDIA POR AÃ‘O TITULACION"); 
33:                         
34:             String jsonAsistenciaHistTitulacion = gson.toJson(asistenciaHistTitulacion); 
35:                         
36:             %>
37:         


Stacktrace:
		at org.apache.jasper.compiler.DefaultErrorHandler.javacError(DefaultErrorHandler.java:102)
		at org.apache.jasper.compiler.ErrorDispatcher.javacError(ErrorDispatcher.java:213)
		at org.apache.jasper.compiler.JDTCompiler.generateClass(JDTCompiler.java:531)
		at org.apache.jasper.compiler.Compiler.compile(Compiler.java:398)
		at org.apache.jasper.compiler.Compiler.compile(Compiler.java:368)
		at org.apache.jasper.compiler.Compiler.compile(Compiler.java:352)
		at org.apache.jasper.JspCompilationContext.compile(JspCompilationContext.java:603)
		at org.apache.jasper.servlet.JspServletWrapper.service(JspServletWrapper.java:399)
		at org.apache.jasper.servlet.JspServlet.serviceJspFile(JspServlet.java:379)
		at org.apache.jasper.servlet.JspServlet.service(JspServlet.java:327)
		at javax.servlet.http.HttpServlet.service(HttpServlet.java:623)
		at org.apache.catalina.core.ApplicationFilterChain.internalDoFilter(ApplicationFilterChain.java:209)
		at org.apache.catalina.core.ApplicationFilterChain.doFilter(ApplicationFilterChain.java:153)
		at org.apache.tomcat.websocket.server.WsFilter.doFilter(WsFilter.java:51)
		at org.apache.catalina.core.ApplicationFilterChain.internalDoFilter(ApplicationFilterChain.java:178)
		at org.apache.catalina.core.ApplicationFilterChain.doFilter(ApplicationFilterChain.java:153)
		at org.apache.catalina.core.ApplicationDispatcher.invoke(ApplicationDispatcher.java:661)
		at org.apache.catalina.core.ApplicationDispatcher.processRequest(ApplicationDispatcher.java:425)
		at org.apache.catalina.core.ApplicationDispatcher.doForward(ApplicationDispatcher.java:357)
		at org.apache.catalina.core.ApplicationDispatcher.forward(ApplicationDispatcher.java:294)
		at controllers.Recomendador.doGet(Recomendador.java:74)
		at javax.servlet.http.HttpServlet.service(HttpServlet.java:529)
		at javax.servlet.http.HttpServlet.service(HttpServlet.java:623)
		at org.apache.catalina.core.ApplicationFilterChain.internalDoFilter(ApplicationFilterChain.java:209)
		at org.apache.catalina.core.ApplicationFilterChain.doFilter(ApplicationFilterChain.java:153)
		at org.apache.tomcat.websocket.server.WsFilter.doFilter(WsFilter.java:51)
		at org.apache.catalina.core.ApplicationFilterChain.internalDoFilter(ApplicationFilterChain.java:178)
		at org.apache.catalina.core.ApplicationFilterChain.doFilter(ApplicationFilterChain.java:153)
		at org.apache.catalina.core.StandardWrapperValve.invoke(StandardWrapperValve.java:168)
		at org.apache.catalina.core.StandardContextValve.invoke(StandardContextValve.java:90)
		at org.apache.catalina.authenticator.AuthenticatorBase.invoke(AuthenticatorBase.java:481)
		at org.apache.catalina.core.StandardHostValve.invoke(StandardHostValve.java:130)
		at org.apache.catalina.valves.ErrorReportValve.invoke(ErrorReportValve.java:93)
		at org.apache.catalina.valves.AbstractAccessLogValve.invoke(AbstractAccessLogValve.java:670)
		at org.apache.catalina.core.StandardEngineValve.invoke(StandardEngineValve.java:74)
		at org.apache.catalina.connector.CoyoteAdapter.service(CoyoteAdapter.java:343)
		at org.apache.coyote.http11.Http11Processor.service(Http11Processor.java:390)
		at org.apache.coyote.AbstractProcessorLight.process(AbstractProcessorLight.java:63)
		at org.apache.coyote.AbstractProtocol$ConnectionHandler.process(AbstractProtocol.java:926)
		at org.apache.tomcat.util.net.NioEndpoint$SocketProcessor.doRun(NioEndpoint.java:1790)
		at org.apache.tomcat.util.net.SocketProcessorBase.run(SocketProcessorBase.java:52)
		at org.apache.tomcat.util.threads.ThreadPoolExecutor.runWorker(ThreadPoolExecutor.java:1191)
		at org.apache.tomcat.util.threads.ThreadPoolExecutor$Worker.run(ThreadPoolExecutor.java:659)
		at org.apache.tomcat.util.threads.TaskThread$WrappingRunnable.run(TaskThread.java:61)
		at java.base/java.lang.Thread.run(Thread.java:833)
02-Nov-2023 19:27:48.705 GRAVE [http-nio-8080-exec-6] org.apache.catalina.core.StandardWrapperValve.invoke El Servlet.service() para el servlet [controllers.Recomendador] en el contexto con ruta [/gestoracademico] lanzó la excepción [No se puede compilar la clase para JSP: 

Ha tenido lugar un error en la línea: [22] en el archivo jsp: [/jsp/profesor.jsp]
Asignatura cannot be resolved to a type
19:         <div><%@include file = "barraSuperiorProf.jsp" %> </div>
20:         
21: 
22:         <% List<Asignatura> notaHistTitulacion = (List<Asignatura>) request.getAttribute("NOTA MEDIA POR AÃ‘O TITULACION");  
23:         
24:             String jsonNotaHistTitulacion = gson.toJson(notaHistTitulacion);
25:             %>


Ha tenido lugar un error en la línea: [22] en el archivo jsp: [/jsp/profesor.jsp]
Asignatura cannot be resolved to a type
19:         <div><%@include file = "barraSuperiorProf.jsp" %> </div>
20:         
21: 
22:         <% List<Asignatura> notaHistTitulacion = (List<Asignatura>) request.getAttribute("NOTA MEDIA POR AÃ‘O TITULACION");  
23:         
24:             String jsonNotaHistTitulacion = gson.toJson(notaHistTitulacion);
25:             %>


Ha tenido lugar un error en la línea: [24] en el archivo jsp: [/jsp/profesor.jsp]
gson cannot be resolved
21: 
22:         <% List<Asignatura> notaHistTitulacion = (List<Asignatura>) request.getAttribute("NOTA MEDIA POR AÃ‘O TITULACION");  
23:         
24:             String jsonNotaHistTitulacion = gson.toJson(notaHistTitulacion);
25:             %>
26:             
27:             <% List<Asignatura> participacionHistTitulacion = (List<Asignatura>) request.getAttribute("PARTICIPACION MEDIA POR AÃ‘O TITULACION");


Ha tenido lugar un error en la línea: [27] en el archivo jsp: [/jsp/profesor.jsp]
Asignatura cannot be resolved to a type
24:             String jsonNotaHistTitulacion = gson.toJson(notaHistTitulacion);
25:             %>
26:             
27:             <% List<Asignatura> participacionHistTitulacion = (List<Asignatura>) request.getAttribute("PARTICIPACION MEDIA POR AÃ‘O TITULACION");
28:             
29:             String jsonParticipacionHistTitulacion = gson.toJson(participacionHistTitulacion);    
30:                         


Ha tenido lugar un error en la línea: [27] en el archivo jsp: [/jsp/profesor.jsp]
Asignatura cannot be resolved to a type
24:             String jsonNotaHistTitulacion = gson.toJson(notaHistTitulacion);
25:             %>
26:             
27:             <% List<Asignatura> participacionHistTitulacion = (List<Asignatura>) request.getAttribute("PARTICIPACION MEDIA POR AÃ‘O TITULACION");
28:             
29:             String jsonParticipacionHistTitulacion = gson.toJson(participacionHistTitulacion);    
30:                         


Ha tenido lugar un error en la línea: [29] en el archivo jsp: [/jsp/profesor.jsp]
gson cannot be resolved
26:             
27:             <% List<Asignatura> participacionHistTitulacion = (List<Asignatura>) request.getAttribute("PARTICIPACION MEDIA POR AÃ‘O TITULACION");
28:             
29:             String jsonParticipacionHistTitulacion = gson.toJson(participacionHistTitulacion);    
30:                         
31:             %>
32:             <% List<Asignatura> asistenciaHistTitulacion = (List<Asignatura>) request.getAttribute("ASISTENCIA MEDIA POR AÃ‘O TITULACION"); 


Ha tenido lugar un error en la línea: [32] en el archivo jsp: [/jsp/profesor.jsp]
Asignatura cannot be resolved to a type
29:             String jsonParticipacionHistTitulacion = gson.toJson(participacionHistTitulacion);    
30:                         
31:             %>
32:             <% List<Asignatura> asistenciaHistTitulacion = (List<Asignatura>) request.getAttribute("ASISTENCIA MEDIA POR AÃ‘O TITULACION"); 
33:                         
34:             String jsonAsistenciaHistTitulacion = gson.toJson(asistenciaHistTitulacion); 
35:                         


Ha tenido lugar un error en la línea: [32] en el archivo jsp: [/jsp/profesor.jsp]
Asignatura cannot be resolved to a type
29:             String jsonParticipacionHistTitulacion = gson.toJson(participacionHistTitulacion);    
30:                         
31:             %>
32:             <% List<Asignatura> asistenciaHistTitulacion = (List<Asignatura>) request.getAttribute("ASISTENCIA MEDIA POR AÃ‘O TITULACION"); 
33:                         
34:             String jsonAsistenciaHistTitulacion = gson.toJson(asistenciaHistTitulacion); 
35:                         


Ha tenido lugar un error en la línea: [34] en el archivo jsp: [/jsp/profesor.jsp]
gson cannot be resolved
31:             %>
32:             <% List<Asignatura> asistenciaHistTitulacion = (List<Asignatura>) request.getAttribute("ASISTENCIA MEDIA POR AÃ‘O TITULACION"); 
33:                         
34:             String jsonAsistenciaHistTitulacion = gson.toJson(asistenciaHistTitulacion); 
35:                         
36:             %>
37:         


Stacktrace:] con causa raíz
	org.apache.jasper.JasperException: No se puede compilar la clase para JSP: 

Ha tenido lugar un error en la línea: [22] en el archivo jsp: [/jsp/profesor.jsp]
Asignatura cannot be resolved to a type
19:         <div><%@include file = "barraSuperiorProf.jsp" %> </div>
20:         
21: 
22:         <% List<Asignatura> notaHistTitulacion = (List<Asignatura>) request.getAttribute("NOTA MEDIA POR AÃ‘O TITULACION");  
23:         
24:             String jsonNotaHistTitulacion = gson.toJson(notaHistTitulacion);
25:             %>


Ha tenido lugar un error en la línea: [22] en el archivo jsp: [/jsp/profesor.jsp]
Asignatura cannot be resolved to a type
19:         <div><%@include file = "barraSuperiorProf.jsp" %> </div>
20:         
21: 
22:         <% List<Asignatura> notaHistTitulacion = (List<Asignatura>) request.getAttribute("NOTA MEDIA POR AÃ‘O TITULACION");  
23:         
24:             String jsonNotaHistTitulacion = gson.toJson(notaHistTitulacion);
25:             %>


Ha tenido lugar un error en la línea: [24] en el archivo jsp: [/jsp/profesor.jsp]
gson cannot be resolved
21: 
22:         <% List<Asignatura> notaHistTitulacion = (List<Asignatura>) request.getAttribute("NOTA MEDIA POR AÃ‘O TITULACION");  
23:         
24:             String jsonNotaHistTitulacion = gson.toJson(notaHistTitulacion);
25:             %>
26:             
27:             <% List<Asignatura> participacionHistTitulacion = (List<Asignatura>) request.getAttribute("PARTICIPACION MEDIA POR AÃ‘O TITULACION");


Ha tenido lugar un error en la línea: [27] en el archivo jsp: [/jsp/profesor.jsp]
Asignatura cannot be resolved to a type
24:             String jsonNotaHistTitulacion = gson.toJson(notaHistTitulacion);
25:             %>
26:             
27:             <% List<Asignatura> participacionHistTitulacion = (List<Asignatura>) request.getAttribute("PARTICIPACION MEDIA POR AÃ‘O TITULACION");
28:             
29:             String jsonParticipacionHistTitulacion = gson.toJson(participacionHistTitulacion);    
30:                         


Ha tenido lugar un error en la línea: [27] en el archivo jsp: [/jsp/profesor.jsp]
Asignatura cannot be resolved to a type
24:             String jsonNotaHistTitulacion = gson.toJson(notaHistTitulacion);
25:             %>
26:             
27:             <% List<Asignatura> participacionHistTitulacion = (List<Asignatura>) request.getAttribute("PARTICIPACION MEDIA POR AÃ‘O TITULACION");
28:             
29:             String jsonParticipacionHistTitulacion = gson.toJson(participacionHistTitulacion);    
30:                         


Ha tenido lugar un error en la línea: [29] en el archivo jsp: [/jsp/profesor.jsp]
gson cannot be resolved
26:             
27:             <% List<Asignatura> participacionHistTitulacion = (List<Asignatura>) request.getAttribute("PARTICIPACION MEDIA POR AÃ‘O TITULACION");
28:             
29:             String jsonParticipacionHistTitulacion = gson.toJson(participacionHistTitulacion);    
30:                         
31:             %>
32:             <% List<Asignatura> asistenciaHistTitulacion = (List<Asignatura>) request.getAttribute("ASISTENCIA MEDIA POR AÃ‘O TITULACION"); 


Ha tenido lugar un error en la línea: [32] en el archivo jsp: [/jsp/profesor.jsp]
Asignatura cannot be resolved to a type
29:             String jsonParticipacionHistTitulacion = gson.toJson(participacionHistTitulacion);    
30:                         
31:             %>
32:             <% List<Asignatura> asistenciaHistTitulacion = (List<Asignatura>) request.getAttribute("ASISTENCIA MEDIA POR AÃ‘O TITULACION"); 
33:                         
34:             String jsonAsistenciaHistTitulacion = gson.toJson(asistenciaHistTitulacion); 
35:                         


Ha tenido lugar un error en la línea: [32] en el archivo jsp: [/jsp/profesor.jsp]
Asignatura cannot be resolved to a type
29:             String jsonParticipacionHistTitulacion = gson.toJson(participacionHistTitulacion);    
30:                         
31:             %>
32:             <% List<Asignatura> asistenciaHistTitulacion = (List<Asignatura>) request.getAttribute("ASISTENCIA MEDIA POR AÃ‘O TITULACION"); 
33:                         
34:             String jsonAsistenciaHistTitulacion = gson.toJson(asistenciaHistTitulacion); 
35:                         


Ha tenido lugar un error en la línea: [34] en el archivo jsp: [/jsp/profesor.jsp]
gson cannot be resolved
31:             %>
32:             <% List<Asignatura> asistenciaHistTitulacion = (List<Asignatura>) request.getAttribute("ASISTENCIA MEDIA POR AÃ‘O TITULACION"); 
33:                         
34:             String jsonAsistenciaHistTitulacion = gson.toJson(asistenciaHistTitulacion); 
35:                         
36:             %>
37:         


Stacktrace:
		at org.apache.jasper.compiler.DefaultErrorHandler.javacError(DefaultErrorHandler.java:102)
		at org.apache.jasper.compiler.ErrorDispatcher.javacError(ErrorDispatcher.java:213)
		at org.apache.jasper.compiler.JDTCompiler.generateClass(JDTCompiler.java:531)
		at org.apache.jasper.compiler.Compiler.compile(Compiler.java:398)
		at org.apache.jasper.compiler.Compiler.compile(Compiler.java:368)
		at org.apache.jasper.compiler.Compiler.compile(Compiler.java:352)
		at org.apache.jasper.JspCompilationContext.compile(JspCompilationContext.java:603)
		at org.apache.jasper.servlet.JspServletWrapper.service(JspServletWrapper.java:399)
		at org.apache.jasper.servlet.JspServlet.serviceJspFile(JspServlet.java:379)
		at org.apache.jasper.servlet.JspServlet.service(JspServlet.java:327)
		at javax.servlet.http.HttpServlet.service(HttpServlet.java:623)
		at org.apache.catalina.core.ApplicationFilterChain.internalDoFilter(ApplicationFilterChain.java:209)
		at org.apache.catalina.core.ApplicationFilterChain.doFilter(ApplicationFilterChain.java:153)
		at org.apache.tomcat.websocket.server.WsFilter.doFilter(WsFilter.java:51)
		at org.apache.catalina.core.ApplicationFilterChain.internalDoFilter(ApplicationFilterChain.java:178)
		at org.apache.catalina.core.ApplicationFilterChain.doFilter(ApplicationFilterChain.java:153)
		at org.apache.catalina.core.ApplicationDispatcher.invoke(ApplicationDispatcher.java:661)
		at org.apache.catalina.core.ApplicationDispatcher.processRequest(ApplicationDispatcher.java:425)
		at org.apache.catalina.core.ApplicationDispatcher.doForward(ApplicationDispatcher.java:357)
		at org.apache.catalina.core.ApplicationDispatcher.forward(ApplicationDispatcher.java:294)
		at controllers.Recomendador.doGet(Recomendador.java:74)
		at javax.servlet.http.HttpServlet.service(HttpServlet.java:529)
		at javax.servlet.http.HttpServlet.service(HttpServlet.java:623)
		at org.apache.catalina.core.ApplicationFilterChain.internalDoFilter(ApplicationFilterChain.java:209)
		at org.apache.catalina.core.ApplicationFilterChain.doFilter(ApplicationFilterChain.java:153)
		at org.apache.tomcat.websocket.server.WsFilter.doFilter(WsFilter.java:51)
		at org.apache.catalina.core.ApplicationFilterChain.internalDoFilter(ApplicationFilterChain.java:178)
		at org.apache.catalina.core.ApplicationFilterChain.doFilter(ApplicationFilterChain.java:153)
		at org.apache.catalina.core.StandardWrapperValve.invoke(StandardWrapperValve.java:168)
		at org.apache.catalina.core.StandardContextValve.invoke(StandardContextValve.java:90)
		at org.apache.catalina.authenticator.AuthenticatorBase.invoke(AuthenticatorBase.java:481)
		at org.apache.catalina.core.StandardHostValve.invoke(StandardHostValve.java:130)
		at org.apache.catalina.valves.ErrorReportValve.invoke(ErrorReportValve.java:93)
		at org.apache.catalina.valves.AbstractAccessLogValve.invoke(AbstractAccessLogValve.java:670)
		at org.apache.catalina.core.StandardEngineValve.invoke(StandardEngineValve.java:74)
		at org.apache.catalina.connector.CoyoteAdapter.service(CoyoteAdapter.java:343)
		at org.apache.coyote.http11.Http11Processor.service(Http11Processor.java:390)
		at org.apache.coyote.AbstractProcessorLight.process(AbstractProcessorLight.java:63)
		at org.apache.coyote.AbstractProtocol$ConnectionHandler.process(AbstractProtocol.java:926)
		at org.apache.tomcat.util.net.NioEndpoint$SocketProcessor.doRun(NioEndpoint.java:1790)
		at org.apache.tomcat.util.net.SocketProcessorBase.run(SocketProcessorBase.java:52)
		at org.apache.tomcat.util.threads.ThreadPoolExecutor.runWorker(ThreadPoolExecutor.java:1191)
		at org.apache.tomcat.util.threads.ThreadPoolExecutor$Worker.run(ThreadPoolExecutor.java:659)
		at org.apache.tomcat.util.threads.TaskThread$WrappingRunnable.run(TaskThread.java:61)
		at java.base/java.lang.Thread.run(Thread.java:833)
02-Nov-2023 19:29:10.512 INFORMACIÓN [main] org.apache.catalina.core.ApplicationContext.log SessionListener: contextDestroyed()
02-Nov-2023 19:29:10.512 INFORMACIÓN [main] org.apache.catalina.core.ApplicationContext.log ContextListener: contextDestroyed()
02-Nov-2023 19:29:30.132 INFORMACIÓN [main] org.apache.catalina.core.ApplicationContext.log ContextListener: contextInitialized()
02-Nov-2023 19:29:30.132 INFORMACIÓN [main] org.apache.catalina.core.ApplicationContext.log SessionListener: contextInitialized()
02-Nov-2023 19:29:30.132 INFORMACIÓN [main] org.apache.catalina.core.ApplicationContext.log ContextListener: attributeAdded('StockTicker', 'async.Stockticker@464649c')
02-Nov-2023 20:04:55.221 INFORMACIÓN [main] org.apache.catalina.core.ApplicationContext.log SessionListener: contextDestroyed()
02-Nov-2023 20:04:55.221 INFORMACIÓN [main] org.apache.catalina.core.ApplicationContext.log ContextListener: contextDestroyed()
